Mon 27 Mar 2023 05:16:38 PM -03
Start: 1000000, End: 100000000, Intervalo: 3193548, Diferencia: 99000000, NSAMPLES: 31
Valores: 1000000 4194304 7387524 10582009 13771521 16966161 20160100 23357889 26553409 29746116 32936121 36132121 39325441 42510400 45711121 48902049 52099524 55294096 58476609 61669609 64866916 68062500 71250481 74459641 77651344 80838081 84033889 87216921 90421081 93605625 96805921 100000000
Mon 27 Mar 2023 05:16:38 PM -03
Ejecutando Polylla con tamaño 1000000
Generating points  
Generating triangles 
estimao 1996002 final 1996002
Constructing halfedges...
Constructing interior halfedges
0. aca 
1. aca 
2. aca 
3. aca 
Constructing exterior halfedges
Triangulation generation time: 3239.8
Creating Polylla...
Labered max edges in 797.546 ms
Labeled frontier edges in 226.966 ms
Labeled seed edges in 340.608 ms
Mesh with 998001 polygons 1998000 edges and 0 barrier-edge tips.
Done!
Time to generate Triangulation: 3239.8 ms
Time to label max edges 797.546 ms
Time to label frontier edges 226.966 ms
Time to label seed edges 340.608 ms
Time to label total1365.12 ms
Time to traversal and repair 342.231 ms
Time to traversal 342.231 ms
Time to repair 0 ms
Time to generate polygonal mesh 1707.35 ms
Printing JSON file as uniform_1000000_CPU.json
output json in uniform_1000000_CPU.json
Tiempo de ejecución: 5.866 segundos

Mon 27 Mar 2023 05:16:44 PM -03
Ejecutando Polylla con tamaño 4194304
Generating points  
Generating triangles 
estimao 8380418 final 8380418
Constructing halfedges...
Constructing interior halfedges
0. aca 
1. aca 
2. aca 
3. aca 
Constructing exterior halfedges
Triangulation generation time: 14036.7
Creating Polylla...
Labered max edges in 3358.86 ms
Labeled frontier edges in 938.037 ms
Labeled seed edges in 1285.48 ms
Mesh with 4190209 polygons 8384512 edges and 0 barrier-edge tips.
Done!
Time to generate Triangulation: 14036.7 ms
Time to label max edges 3358.86 ms
Time to label frontier edges 938.037 ms
Time to label seed edges 1285.48 ms
Time to label total5582.37 ms
Time to traversal and repair 1327.13 ms
Time to traversal 1327.13 ms
Time to repair 0 ms
Time to generate polygonal mesh 6909.5 ms
Printing JSON file as uniform_4194304_CPU.json
output json in uniform_4194304_CPU.json
Tiempo de ejecución: 22.656 segundos

Mon 27 Mar 2023 05:17:07 PM -03
Ejecutando Polylla con tamaño 7387524
Generating points  
Generating triangles 
estimao 14764178 final 14764178
Constructing halfedges...
Constructing interior halfedges
0. aca 
1. aca 
2. aca 
3. aca 
Constructing exterior halfedges
Triangulation generation time: 27151.7
Creating Polylla...
Labered max edges in 5867.25 ms
Labeled frontier edges in 1696.58 ms
Labeled seed edges in 2328.06 ms
Mesh with 7382089 polygons 14769612 edges and 0 barrier-edge tips.
Done!
Time to generate Triangulation: 27151.7 ms
Time to label max edges 5867.25 ms
Time to label frontier edges 1696.58 ms
Time to label seed edges 2328.06 ms
Time to label total9891.89 ms
Time to traversal and repair 2465.4 ms
Time to traversal 2465.4 ms
Time to repair 0 ms
Time to generate polygonal mesh 12357.3 ms
Printing JSON file as uniform_7387524_CPU.json
output json in uniform_7387524_CPU.json
Tiempo de ejecución: 41.813 segundos

Mon 27 Mar 2023 05:17:49 PM -03
Ejecutando Polylla con tamaño 10582009
Generating points  
Generating triangles 
estimao 21151008 final 21151008
Constructing halfedges...
Constructing interior halfedges
0. aca 
1. aca 
2. aca 
3. aca 
Constructing exterior halfedges
Triangulation generation time: 37252.5
Creating Polylla...
Labered max edges in 9106.11 ms
Labeled frontier edges in 2608.34 ms
Labeled seed edges in 3635.5 ms
Mesh with 10575504 polygons 21157512 edges and 0 barrier-edge tips.
Done!
Time to generate Triangulation: 37252.5 ms
Time to label max edges 9106.11 ms
Time to label frontier edges 2608.34 ms
Time to label seed edges 3635.5 ms
Time to label total15349.9 ms
Time to traversal and repair 3662.39 ms
Time to traversal 3662.39 ms
Time to repair 0 ms
Time to generate polygonal mesh 19012.3 ms
Printing JSON file as uniform_10582009_CPU.json
output json in uniform_10582009_CPU.json
Tiempo de ejecución: 59.280 segundos

Mon 27 Mar 2023 05:18:48 PM -03
Ejecutando Polylla con tamaño 13771521
Generating points  
Generating triangles 
estimao 27528200 final 27528200
Constructing halfedges...
Constructing interior halfedges
0. aca 
1. aca 
2. aca 
3. aca 
Constructing exterior halfedges
Triangulation generation time: 47143.5
Creating Polylla...
Labered max edges in 11521.3 ms
Labeled frontier edges in 3451.84 ms
Labeled seed edges in 4838.66 ms
Mesh with 13764100 polygons 27535620 edges and 0 barrier-edge tips.
Done!
Time to generate Triangulation: 47143.5 ms
Time to label max edges 11521.3 ms
Time to label frontier edges 3451.84 ms
Time to label seed edges 4838.66 ms
Time to label total19811.8 ms
Time to traversal and repair 4897.36 ms
Time to traversal 4897.36 ms
Time to repair 0 ms
Time to generate polygonal mesh 24709.1 ms
Printing JSON file as uniform_13771521_CPU.json
output json in uniform_13771521_CPU.json
Tiempo de ejecución: 75.529 segundos

Mon 27 Mar 2023 05:20:03 PM -03
Ejecutando Polylla con tamaño 16966161
Generating points  
Generating triangles 
estimao 33915848 final 33915848
Constructing halfedges...
Constructing interior halfedges
0. aca 
1. aca 
2. aca 
3. aca 
Constructing exterior halfedges
Triangulation generation time: 55331.9
Creating Polylla...
Labered max edges in 13995.7 ms
Labeled frontier edges in 4160.68 ms
Labeled seed edges in 5692.32 ms
Mesh with 16957924 polygons 33924084 edges and 0 barrier-edge tips.
Done!
Time to generate Triangulation: 55331.9 ms
Time to label max edges 13995.7 ms
Time to label frontier edges 4160.68 ms
Time to label seed edges 5692.32 ms
Time to label total23848.7 ms
Time to traversal and repair 5964.14 ms
Time to traversal 5964.14 ms
Time to repair 0 ms
Time to generate polygonal mesh 29812.8 ms
Printing JSON file as uniform_16966161_CPU.json
output json in uniform_16966161_CPU.json
Tiempo de ejecución: 89.697 segundos

Mon 27 Mar 2023 05:21:33 PM -03
Ejecutando Polylla con tamaño 20160100
Generating points  
Generating triangles 
estimao 40302242 final 40302242
Constructing halfedges...
Constructing interior halfedges
0. aca 
1. aca 
2. aca 
3. aca 
Constructing exterior halfedges
Triangulation generation time: 71445.1
Creating Polylla...
Labered max edges in 16716.6 ms
Labeled frontier edges in 4489.68 ms
Labeled seed edges in 6394.58 ms
Mesh with 20151121 polygons 40311220 edges and 0 barrier-edge tips.
Done!
Time to generate Triangulation: 71445.1 ms
Time to label max edges 16716.6 ms
Time to label frontier edges 4489.68 ms
Time to label seed edges 6394.58 ms
Time to label total27600.8 ms
Time to traversal and repair 6379.66 ms
Time to traversal 6379.66 ms
Time to repair 0 ms
Time to generate polygonal mesh 33980.5 ms
Printing JSON file as uniform_20160100_CPU.json
output json in uniform_20160100_CPU.json
Tiempo de ejecución: 110.716 segundos

Mon 27 Mar 2023 05:23:24 PM -03
Ejecutando Polylla con tamaño 23357889
Generating points  
Generating triangles 
estimao 46696448 final 46696448
Constructing halfedges...
Constructing interior halfedges
0. aca 
1. aca 
2. aca 
3. aca 
Constructing exterior halfedges
Triangulation generation time: 76564.7
Creating Polylla...
Labered max edges in 19135.6 ms
Labeled frontier edges in 5139.6 ms
Labeled seed edges in 7178.41 ms
Mesh with 23348224 polygons 46706112 edges and 0 barrier-edge tips.
Done!
Time to generate Triangulation: 76564.7 ms
Time to label max edges 19135.6 ms
Time to label frontier edges 5139.6 ms
Time to label seed edges 7178.41 ms
Time to label total31453.6 ms
Time to traversal and repair 7744.56 ms
Time to traversal 7744.56 ms
Time to repair 0 ms
Time to generate polygonal mesh 39198.2 ms
Printing JSON file as uniform_23357889_CPU.json
output json in uniform_23357889_CPU.json
Tiempo de ejecución: 121.372 segundos

Mon 27 Mar 2023 05:25:25 PM -03
Ejecutando Polylla con tamaño 26553409
Generating points  
Generating triangles 
estimao 53086208 final 53086208
Constructing halfedges...
Constructing interior halfedges
0. aca 
1. aca 
2. aca 
3. aca 
Constructing exterior halfedges
Triangulation generation time: 92132.2
Creating Polylla...
Labered max edges in 21282.6 ms
Labeled frontier edges in 6124.41 ms
Labeled seed edges in 9263.59 ms
Mesh with 26543104 polygons 53096512 edges and 0 barrier-edge tips.
Done!
Time to generate Triangulation: 92132.2 ms
Time to label max edges 21282.6 ms
Time to label frontier edges 6124.41 ms
Time to label seed edges 9263.59 ms
Time to label total36670.6 ms
Time to traversal and repair 9597.59 ms
Time to traversal 9597.59 ms
Time to repair 0 ms
Time to generate polygonal mesh 46268.2 ms
Printing JSON file as uniform_26553409_CPU.json
output json in uniform_26553409_CPU.json
Tiempo de ejecución: 145.556 segundos

Mon 27 Mar 2023 05:27:51 PM -03
Ejecutando Polylla con tamaño 29746116
Generating points  
Generating triangles 
estimao 59470418 final 59470418
Constructing halfedges...
Constructing interior halfedges
0. aca 
1. aca 
2. aca 
3. aca 
Constructing exterior halfedges
Triangulation generation time: 110058
Creating Polylla...
Labered max edges in 23866.6 ms
Labeled frontier edges in 6669.4 ms
Labeled seed edges in 9043.03 ms
Mesh with 29735209 polygons 59481324 edges and 0 barrier-edge tips.
Done!
Time to generate Triangulation: 110058 ms
Time to label max edges 23866.6 ms
Time to label frontier edges 6669.4 ms
Time to label seed edges 9043.03 ms
Time to label total39579 ms
Time to traversal and repair 10093.6 ms
Time to traversal 10093.6 ms
Time to repair 0 ms
Time to generate polygonal mesh 49672.6 ms
Printing JSON file as uniform_29746116_CPU.json
output json in uniform_29746116_CPU.json
Tiempo de ejecución: 167.821 segundos

Mon 27 Mar 2023 05:30:39 PM -03
Ejecutando Polylla con tamaño 32936121
Generating points  
Generating triangles 
estimao 65849288 final 65849288
Constructing halfedges...
Constructing interior halfedges
0. aca 
1. aca 
2. aca 
3. aca 
Constructing exterior halfedges
Triangulation generation time: 125188
Creating Polylla...
Labered max edges in 26539.2 ms
Labeled frontier edges in 8246.49 ms
Labeled seed edges in 11551.2 ms
Mesh with 32924644 polygons 65860764 edges and 0 barrier-edge tips.
Done!
Time to generate Triangulation: 125188 ms
Time to label max edges 26539.2 ms
Time to label frontier edges 8246.49 ms
Time to label seed edges 11551.2 ms
Time to label total46336.8 ms
Time to traversal and repair 11992.1 ms
Time to traversal 11992.1 ms
Time to repair 0 ms
Time to generate polygonal mesh 58328.9 ms
Printing JSON file as uniform_32936121_CPU.json
output json in uniform_32936121_CPU.json
Tiempo de ejecución: 192.929 segundos

Mon 27 Mar 2023 05:33:52 PM -03
Ejecutando Polylla con tamaño 36132121
Generating points  
Generating triangles 
estimao 72240200 final 72240200
Constructing halfedges...
Constructing interior halfedges
0. aca 
1. aca 
2. aca 
3. aca 
Constructing exterior halfedges
Triangulation generation time: 125126
Creating Polylla...
Labered max edges in 28620 ms
Labeled frontier edges in 9389.43 ms
Labeled seed edges in 14217.8 ms
Mesh with 36120100 polygons 72252220 edges and 0 barrier-edge tips.
Done!
Time to generate Triangulation: 125126 ms
Time to label max edges 28620 ms
Time to label frontier edges 9389.43 ms
Time to label seed edges 14217.8 ms
Time to label total52227.2 ms
Time to traversal and repair 15193.3 ms
Time to traversal 15193.3 ms
Time to repair 0 ms
Time to generate polygonal mesh 67420.5 ms
Printing JSON file as uniform_36132121_CPU.json
output json in uniform_36132121_CPU.json
Tiempo de ejecución: 202.233 segundos

Mon 27 Mar 2023 05:37:14 PM -03
Ejecutando Polylla con tamaño 39325441
Generating points  
Generating triangles 
estimao 78625800 final 78625800
Constructing halfedges...
Constructing interior halfedges
0. aca 
1. aca 
2. aca 
3. aca 
Constructing exterior halfedges
Triangulation generation time: 146229
Creating Polylla...
Labered max edges in 32838.5 ms
Labeled frontier edges in 8905.7 ms
Labeled seed edges in 12369.8 ms
Mesh with 39312900 polygons 78638340 edges and 0 barrier-edge tips.
Done!
Time to generate Triangulation: 146229 ms
Time to label max edges 32838.5 ms
Time to label frontier edges 8905.7 ms
Time to label seed edges 12369.8 ms
Time to label total54114 ms
Time to traversal and repair 13361.4 ms
Time to traversal 13361.4 ms
Time to repair 0 ms
Time to generate polygonal mesh 67475.4 ms
Printing JSON file as uniform_39325441_CPU.json
output json in uniform_39325441_CPU.json
Tiempo de ejecución: 224.157 segundos

Mon 27 Mar 2023 05:40:58 PM -03
Ejecutando Polylla con tamaño 42510400
Generating points  
Generating triangles 
estimao 84994722 final 84994722
Constructing halfedges...
Constructing interior halfedges
0. aca 
1. aca 
2. aca 
3. aca 
Constructing exterior halfedges
Triangulation generation time: 193155
Creating Polylla...
Labered max edges in 36080.5 ms
Labeled frontier edges in 9497.24 ms
Labeled seed edges in 13781 ms
Mesh with 42497361 polygons 85007760 edges and 0 barrier-edge tips.
Done!
Time to generate Triangulation: 193155 ms
Time to label max edges 36080.5 ms
Time to label frontier edges 9497.24 ms
Time to label seed edges 13781 ms
Time to label total59358.8 ms
Time to traversal and repair 13967.8 ms
Time to traversal 13967.8 ms
Time to repair 0 ms
Time to generate polygonal mesh 73326.6 ms
Printing JSON file as uniform_42510400_CPU.json
output json in uniform_42510400_CPU.json
Tiempo de ejecución: 280.817 segundos

Mon 27 Mar 2023 05:45:39 PM -03
Ejecutando Polylla con tamaño 45711121
Generating points  
Generating triangles 
estimao 91395200 final 91395200
Constructing halfedges...
Constructing interior halfedges
0. aca 
1. aca 
2. aca 
3. aca 
Constructing exterior halfedges
Triangulation generation time: 168444
Creating Polylla...
Labered max edges in 36853.3 ms
Labeled frontier edges in 10415 ms
Labeled seed edges in 14939.8 ms
Mesh with 45697600 polygons 91408720 edges and 0 barrier-edge tips.
Done!
Time to generate Triangulation: 168444 ms
Time to label max edges 36853.3 ms
Time to label frontier edges 10415 ms
Time to label seed edges 14939.8 ms
Time to label total62208 ms
Time to traversal and repair 15497.7 ms
Time to traversal 15497.7 ms
Time to repair 0 ms
Time to generate polygonal mesh 77705.8 ms
Printing JSON file as uniform_45711121_CPU.json
output json in uniform_45711121_CPU.json
Tiempo de ejecución: 259.166 segundos

Mon 27 Mar 2023 05:49:58 PM -03
Ejecutando Polylla con tamaño 48902049
Generating points  
Generating triangles 
estimao 97776128 final 97776128
Constructing halfedges...
Constructing interior halfedges
0. aca 
1. aca 
2. aca 
3. aca 
Constructing exterior halfedges
Triangulation generation time: 181256
Creating Polylla...
Labered max edges in 38722.9 ms
Labeled frontier edges in 11658.6 ms
Labeled seed edges in 15276.5 ms
Mesh with 48888064 polygons 97790112 edges and 0 barrier-edge tips.
Done!
Time to generate Triangulation: 181256 ms
Time to label max edges 38722.9 ms
Time to label frontier edges 11658.6 ms
Time to label seed edges 15276.5 ms
Time to label total65658 ms
Time to traversal and repair 16939.7 ms
Time to traversal 16939.7 ms
Time to repair 0 ms
Time to generate polygonal mesh 82597.7 ms
Printing JSON file as uniform_48902049_CPU.json
output json in uniform_48902049_CPU.json
Tiempo de ejecución: 277.036 segundos

Mon 27 Mar 2023 05:54:35 PM -03
Ejecutando Polylla con tamaño 52099524
Generating points  
Generating triangles 
estimao 104170178 final 104170178
Constructing halfedges...
Constructing interior halfedges
0. aca 
1. aca 
2. aca 
3. aca 
Constructing exterior halfedges
Triangulation generation time: 211356
Creating Polylla...
Labered max edges in 43243.9 ms
Labeled frontier edges in 13450.4 ms
Labeled seed edges in 17377 ms
Mesh with 52085089 polygons 104184612 edges and 0 barrier-edge tips.
Done!
Time to generate Triangulation: 211356 ms
Time to label max edges 43243.9 ms
Time to label frontier edges 13450.4 ms
Time to label seed edges 17377 ms
Time to label total74071.3 ms
Time to traversal and repair 17307.2 ms
Time to traversal 17307.2 ms
Time to repair 0 ms
Time to generate polygonal mesh 91378.5 ms
Printing JSON file as uniform_52099524_CPU.json
output json in uniform_52099524_CPU.json
Tiempo de ejecución: 315.553 segundos

Mon 27 Mar 2023 05:59:50 PM -03
Ejecutando Polylla con tamaño 55294096
Generating points  
Generating triangles 
estimao 110558450 final 110558450
Constructing halfedges...
Constructing interior halfedges
0. aca 
1. aca 
2. aca 
3. aca 
Constructing exterior halfedges
Triangulation generation time: 225043
Creating Polylla...
Labered max edges in 45861.2 ms
Labeled frontier edges in 14488.8 ms
Labeled seed edges in 17577.6 ms
Mesh with 55279225 polygons 110573320 edges and 0 barrier-edge tips.
Done!
Time to generate Triangulation: 225043 ms
Time to label max edges 45861.2 ms
Time to label frontier edges 14488.8 ms
Time to label seed edges 17577.6 ms
Time to label total77927.6 ms
Time to traversal and repair 18959.2 ms
Time to traversal 18959.2 ms
Time to repair 0 ms
Time to generate polygonal mesh 96886.8 ms
Printing JSON file as uniform_55294096_CPU.json
output json in uniform_55294096_CPU.json
Tiempo de ejecución: 337.477 segundos

Mon 27 Mar 2023 06:05:28 PM -03
Ejecutando Polylla con tamaño 58476609
Generating points  
Generating triangles 
estimao 116922632 final 116922632
Constructing halfedges...
Constructing interior halfedges
0. aca 
1. aca 
2. aca 
3. aca 
Constructing exterior halfedges
Triangulation generation time: 254402
Creating Polylla...
Labered max edges in 47118 ms
Labeled frontier edges in 13644.1 ms
Labeled seed edges in 18068.3 ms
Mesh with 58461316 polygons 116937924 edges and 0 barrier-edge tips.
Done!
Time to generate Triangulation: 254402 ms
Time to label max edges 47118 ms
Time to label frontier edges 13644.1 ms
Time to label seed edges 18068.3 ms
Time to label total78830.4 ms
Time to traversal and repair 20795.3 ms
Time to traversal 20795.3 ms
Time to repair 0 ms
Time to generate polygonal mesh 99625.7 ms
Printing JSON file as uniform_58476609_CPU.json
output json in uniform_58476609_CPU.json
Tiempo de ejecución: 371.765 segundos

Mon 27 Mar 2023 06:11:40 PM -03
Ejecutando Polylla con tamaño 61669609
Generating points  
Generating triangles 
estimao 123307808 final 123307808
Constructing halfedges...
Constructing interior halfedges
0. aca 
1. aca 
2. aca 
3. aca 
Constructing exterior halfedges
Triangulation generation time: 239166
Creating Polylla...
Labered max edges in 51670.9 ms
Labeled frontier edges in 14222.3 ms
Labeled seed edges in 19521 ms
Mesh with 61653904 polygons 123323512 edges and 0 barrier-edge tips.
Done!
Time to generate Triangulation: 239166 ms
Time to label max edges 51670.9 ms
Time to label frontier edges 14222.3 ms
Time to label seed edges 19521 ms
Time to label total85414.3 ms
Time to traversal and repair 20675.3 ms
Time to traversal 20675.3 ms
Time to repair 0 ms
Time to generate polygonal mesh 106090 ms
Printing JSON file as uniform_61669609_CPU.json
output json in uniform_61669609_CPU.json
Tiempo de ejecución: 360.949 segundos

Mon 27 Mar 2023 06:17:41 PM -03
Ejecutando Polylla con tamaño 64866916
Generating points  
Generating triangles 
estimao 129701618 final 129701618
Constructing halfedges...
Constructing interior halfedges
0. aca 
1. aca 
2. aca 
3. aca 
Constructing exterior halfedges
Triangulation generation time: 262337
Creating Polylla...
Labered max edges in 55773 ms
Labeled frontier edges in 16527 ms
Labeled seed edges in 22870.1 ms
Mesh with 64850809 polygons 129717724 edges and 0 barrier-edge tips.
Done!
Time to generate Triangulation: 262337 ms
Time to label max edges 55773 ms
Time to label frontier edges 16527 ms
Time to label seed edges 22870.1 ms
Time to label total95170.1 ms
Time to traversal and repair 23479.9 ms
Time to traversal 23479.9 ms
Time to repair 0 ms
Time to generate polygonal mesh 118650 ms
Printing JSON file as uniform_64866916_CPU.json
output json in uniform_64866916_CPU.json
Tiempo de ejecución: 397.713 segundos

Mon 27 Mar 2023 06:24:18 PM -03
Ejecutando Polylla con tamaño 68062500
Generating points  
Generating triangles 
estimao 136092002 final 136092002
Constructing halfedges...
Constructing interior halfedges
0. aca 
1. aca 
2. aca 
3. aca 
Constructing exterior halfedges
Triangulation generation time: 259669
Creating Polylla...
Labered max edges in 55167 ms
Labeled frontier edges in 17918.7 ms
Labeled seed edges in 23277.1 ms
Mesh with 68046001 polygons 136108500 edges and 0 barrier-edge tips.
Done!
Time to generate Triangulation: 259669 ms
Time to label max edges 55167 ms
Time to label frontier edges 17918.7 ms
Time to label seed edges 23277.1 ms
Time to label total96362.8 ms
Time to traversal and repair 22737.2 ms
Time to traversal 22737.2 ms
Time to repair 0 ms
Time to generate polygonal mesh 119100 ms
Printing JSON file as uniform_68062500_CPU.json
output json in uniform_68062500_CPU.json
Tiempo de ejecución: 395.905 segundos

Mon 27 Mar 2023 06:30:54 PM -03
Ejecutando Polylla con tamaño 71250481
Generating points  
Generating triangles 
estimao 142467200 final 142467200
Constructing halfedges...
Constructing interior halfedges
0. aca 
1. aca 
2. aca 
3. aca 
Constructing exterior halfedges
Triangulation generation time: 283978
Creating Polylla...
Labered max edges in 58027.7 ms
Labeled frontier edges in 18620.8 ms
Labeled seed edges in 25218.7 ms
Mesh with 71233600 polygons 142484080 edges and 0 barrier-edge tips.
Done!
Time to generate Triangulation: 283978 ms
Time to label max edges 58027.7 ms
Time to label frontier edges 18620.8 ms
Time to label seed edges 25218.7 ms
Time to label total101867 ms
Time to traversal and repair 26594.3 ms
Time to traversal 26594.3 ms
Time to repair 0 ms
Time to generate polygonal mesh 128462 ms
Printing JSON file as uniform_71250481_CPU.json
output json in uniform_71250481_CPU.json
Tiempo de ejecución: 433.005 segundos

Mon 27 Mar 2023 06:38:07 PM -03
Ejecutando Polylla con tamaño 74459641
Generating points  
Generating triangles 
estimao 148884768 final 148884768
Constructing halfedges...
Constructing interior halfedges
0. aca 
1. aca 
2. aca 
3. aca 
Constructing exterior halfedges
Triangulation generation time: 315480
Creating Polylla...
Labered max edges in 61339.9 ms
Labeled frontier edges in 17371.4 ms
Labeled seed edges in 23732.4 ms
Mesh with 74442384 polygons 148902024 edges and 0 barrier-edge tips.
Done!
Time to generate Triangulation: 315480 ms
Time to label max edges 61339.9 ms
Time to label frontier edges 17371.4 ms
Time to label seed edges 23732.4 ms
Time to label total102444 ms
Time to traversal and repair 25980.2 ms
Time to traversal 25980.2 ms
Time to repair 0 ms
Time to generate polygonal mesh 128424 ms
Printing JSON file as uniform_74459641_CPU.json
output json in uniform_74459641_CPU.json
Tiempo de ejecución: 465.329 segundos

Mon 27 Mar 2023 06:45:53 PM -03
Ejecutando Polylla con tamaño 77651344
Generating points  
Generating triangles 
estimao 155267442 final 155267442
Constructing halfedges...
Constructing interior halfedges
0. aca 
1. aca 
2. aca 
3. aca 
Constructing exterior halfedges
Triangulation generation time: 333128
Creating Polylla...
Labered max edges in 62164.9 ms
Labeled frontier edges in 18399.9 ms
Labeled seed edges in 25343 ms
Mesh with 77633721 polygons 155285064 edges and 0 barrier-edge tips.
Done!
Time to generate Triangulation: 333128 ms
Time to label max edges 62164.9 ms
Time to label frontier edges 18399.9 ms
Time to label seed edges 25343 ms
Time to label total105908 ms
Time to traversal and repair 26614.3 ms
Time to traversal 26614.3 ms
Time to repair 0 ms
Time to generate polygonal mesh 132522 ms
Printing JSON file as uniform_77651344_CPU.json
output json in uniform_77651344_CPU.json
Tiempo de ejecución: 489.477 segundos

Mon 27 Mar 2023 06:54:02 PM -03
Ejecutando Polylla con tamaño 80838081
Generating points  
Generating triangles 
estimao 161640200 final 161640200
Constructing halfedges...
Constructing interior halfedges
0. aca 
1. aca 
2. aca 
3. aca 
Constructing exterior halfedges
Triangulation generation time: 340179
Creating Polylla...
Labered max edges in 65612 ms
Labeled frontier edges in 20514.5 ms
Labeled seed edges in 26871.4 ms
Mesh with 80820100 polygons 161658180 edges and 0 barrier-edge tips.
Done!
Time to generate Triangulation: 340179 ms
Time to label max edges 65612 ms
Time to label frontier edges 20514.5 ms
Time to label seed edges 26871.4 ms
Time to label total112998 ms
Time to traversal and repair 27409.4 ms
Time to traversal 27409.4 ms
Time to repair 0 ms
Time to generate polygonal mesh 140407 ms
Printing JSON file as uniform_80838081_CPU.json
output json in uniform_80838081_CPU.json
Tiempo de ejecución: 503.289 segundos

Mon 27 Mar 2023 07:02:25 PM -03
Ejecutando Polylla con tamaño 84033889
Generating points  
Generating triangles 
estimao 168031112 final 168031112
Constructing halfedges...
Constructing interior halfedges
0. aca 
1. aca 
2. aca 
3. aca 
Constructing exterior halfedges
Triangulation generation time: 353893
Creating Polylla...
Labered max edges in 68434.2 ms
Labeled frontier edges in 19600 ms
Labeled seed edges in 26839.8 ms
Mesh with 84015556 polygons 168049444 edges and 0 barrier-edge tips.
Done!
Time to generate Triangulation: 353893 ms
Time to label max edges 68434.2 ms
Time to label frontier edges 19600 ms
Time to label seed edges 26839.8 ms
Time to label total114874 ms
Time to traversal and repair 28521.5 ms
Time to traversal 28521.5 ms
Time to repair 0 ms
Time to generate polygonal mesh 143395 ms
Printing JSON file as uniform_84033889_CPU.json
output json in uniform_84033889_CPU.json
Tiempo de ejecución: 519.725 segundos

Mon 27 Mar 2023 07:11:05 PM -03
Ejecutando Polylla con tamaño 87216921
Generating points  
Generating triangles 
estimao 174396488 final 174396488
Constructing halfedges...
Constructing interior halfedges
0. aca 
1. aca 
2. aca 
3. aca 
Constructing exterior halfedges
Triangulation generation time: 385680
Creating Polylla...
Labered max edges in 71013.9 ms
Labeled frontier edges in 20765.6 ms
Labeled seed edges in 27885.4 ms
Mesh with 87198244 polygons 174415164 edges and 0 barrier-edge tips.
Done!
Time to generate Triangulation: 385680 ms
Time to label max edges 71013.9 ms
Time to label frontier edges 20765.6 ms
Time to label seed edges 27885.4 ms
Time to label total119665 ms
Time to traversal and repair 30128.4 ms
Time to traversal 30128.4 ms
Time to repair 0 ms
Time to generate polygonal mesh 149793 ms
Printing JSON file as uniform_87216921_CPU.json
output json in uniform_87216921_CPU.json
Tiempo de ejecución: 560.761 segundos

Mon 27 Mar 2023 07:20:26 PM -03
Ejecutando Polylla con tamaño 90421081
Generating points  
Generating triangles 
estimao 180804128 final 180804128
Constructing halfedges...
Constructing interior halfedges
0. aca 
1. aca 
2. aca 
3. aca 
Constructing exterior halfedges
Triangulation generation time: 376112
Creating Polylla...
Labered max edges in 76474.3 ms
Labeled frontier edges in 23755.8 ms
Labeled seed edges in 28757.6 ms
Mesh with 90402064 polygons 180823144 edges and 0 barrier-edge tips.
Done!
Time to generate Triangulation: 376112 ms
Time to label max edges 76474.3 ms
Time to label frontier edges 23755.8 ms
Time to label seed edges 28757.6 ms
Time to label total128988 ms
Time to traversal and repair 30834.9 ms
Time to traversal 30834.9 ms
Time to repair 0 ms
Time to generate polygonal mesh 159823 ms
Printing JSON file as uniform_90421081_CPU.json
output json in uniform_90421081_CPU.json
Tiempo de ejecución: 560.980 segundos

Mon 27 Mar 2023 07:29:47 PM -03
Ejecutando Polylla con tamaño 93605625
Generating points  
Generating triangles 
estimao 187172552 final 187172552
Constructing halfedges...
Constructing interior halfedges
0. aca 
1. aca 
2. aca 
3. aca 
Constructing exterior halfedges
Triangulation generation time: 396181
Creating Polylla...
Labered max edges in 75517.5 ms
Labeled frontier edges in 22183.7 ms
Labeled seed edges in 29954.5 ms
Mesh with 93586276 polygons 187191900 edges and 0 barrier-edge tips.
Done!
Time to generate Triangulation: 396181 ms
Time to label max edges 75517.5 ms
Time to label frontier edges 22183.7 ms
Time to label seed edges 29954.5 ms
Time to label total127656 ms
Time to traversal and repair 33740 ms
Time to traversal 33740 ms
Time to repair 0 ms
Time to generate polygonal mesh 161396 ms
Printing JSON file as uniform_93605625_CPU.json
output json in uniform_93605625_CPU.json
Tiempo de ejecución: 583.376 segundos

Mon 27 Mar 2023 07:39:30 PM -03
Ejecutando Polylla con tamaño 96805921
Generating points  
Generating triangles 
estimao 193572488 final 193572488
Constructing halfedges...
Constructing interior halfedges
0. aca 
1. aca 
2. aca 
3. aca 
Constructing exterior halfedges
Triangulation generation time: 433503
Creating Polylla...
Labered max edges in 78438.3 ms
Labeled frontier edges in 22993.2 ms
Labeled seed edges in 30874.1 ms
Mesh with 96786244 polygons 193592164 edges and 0 barrier-edge tips.
Done!
Time to generate Triangulation: 433503 ms
Time to label max edges 78438.3 ms
Time to label frontier edges 22993.2 ms
Time to label seed edges 30874.1 ms
Time to label total132306 ms
Time to traversal and repair 35928.2 ms
Time to traversal 35928.2 ms
Time to repair 0 ms
Time to generate polygonal mesh 168234 ms
Printing JSON file as uniform_96805921_CPU.json
output json in uniform_96805921_CPU.json
Tiempo de ejecución: 632.681 segundos

Mon 27 Mar 2023 07:50:03 PM -03
Ejecutando Polylla con tamaño 100000000
Generating points  
Generating triangles 
estimao 199960002 final 199960002
Constructing halfedges...
Constructing interior halfedges
0. aca 
1. aca 
2. aca 
3. aca 
Constructing exterior halfedges
Triangulation generation time: 408870
Creating Polylla...
Labered max edges in 82289.8 ms
Labeled frontier edges in 23587.9 ms
Labeled seed edges in 32693.9 ms
Mesh with 99980001 polygons 199980000 edges and 0 barrier-edge tips.
Done!
Time to generate Triangulation: 408870 ms
Time to label max edges 82289.8 ms
Time to label frontier edges 23587.9 ms
Time to label seed edges 32693.9 ms
Time to label total138572 ms
Time to traversal and repair 36843.9 ms
Time to traversal 36843.9 ms
Time to repair 0 ms
Time to generate polygonal mesh 175416 ms
Printing JSON file as uniform_100000000_CPU.json
output json in uniform_100000000_CPU.json
Tiempo de ejecución: 614.085 segundos

Mon 27 Mar 2023 08:00:17 PM -03
