Mon 27 Mar 2023 05:16:44 PM -03
Start: 1000000, End: 100000000, Intervalo: 3193548, Diferencia: 99000000, NSAMPLES: 31
Valores: 1000000 4194304 7387524 10582009 13771521 16966161 20160100 23357889 26553409 29746116 32936121 36132121 39325441 42510400 45711121 48902049 52099524 55294096 58476609 61669609 64866916 68062500 71250481 74459641 77651344 80838081 84033889 87216921 90421081 93605625 96805921 100000000
Mon 27 Mar 2023 05:16:44 PM -03
Ejecutando Polylla con tamaño 1000000
Generating points  
Generating triangles 
estimao 1996002 final 1996002
Constructing halfedges...
Constructing interior halfedges
0. aca 
1. aca 
2. aca 
3. aca 
Constructing exterior halfedges
Triangulation generation time: 3590.17
Creating Polylla...
Labered max edges in 797.21 ms
Labeled frontier edges in 259.306 ms
Labeled seed edges in 306.739 ms
Mesh with 998001 polygons 1998000 edges and 0 barrier-edge tips.
Done!
Time to generate Triangulation: 3590.17 ms
Time to label max edges 797.21 ms
Time to label frontier edges 259.306 ms
Time to label seed edges 306.739 ms
Time to label total1363.26 ms
Time to traversal and repair 307.312 ms
Time to traversal 307.312 ms
Time to repair 0 ms
Time to generate polygonal mesh 1670.57 ms
Printing JSON file as uniform_1000000_CPU.json
output json in uniform_1000000_CPU.json
Tiempo de ejecución: 6.402 segundos

Mon 27 Mar 2023 05:16:51 PM -03
Ejecutando Polylla con tamaño 4194304
Generating points  
Generating triangles 
estimao 8380418 final 8380418
Constructing halfedges...
Constructing interior halfedges
0. aca 
1. aca 
2. aca 
3. aca 
Constructing exterior halfedges
Triangulation generation time: 15796
Creating Polylla...
Labered max edges in 3452.46 ms
Labeled frontier edges in 1168.37 ms
Labeled seed edges in 1508.56 ms
Mesh with 4190209 polygons 8384512 edges and 0 barrier-edge tips.
Done!
Time to generate Triangulation: 15796 ms
Time to label max edges 3452.46 ms
Time to label frontier edges 1168.37 ms
Time to label seed edges 1508.56 ms
Time to label total6129.39 ms
Time to traversal and repair 1498.24 ms
Time to traversal 1498.24 ms
Time to repair 0 ms
Time to generate polygonal mesh 7627.63 ms
Printing JSON file as uniform_4194304_CPU.json
output json in uniform_4194304_CPU.json
Tiempo de ejecución: 25.172 segundos

Mon 27 Mar 2023 05:17:16 PM -03
Ejecutando Polylla con tamaño 7387524
Generating points  
Generating triangles 
estimao 14764178 final 14764178
Constructing halfedges...
Constructing interior halfedges
0. aca 
1. aca 
2. aca 
3. aca 
Constructing exterior halfedges
Triangulation generation time: 30332.9
Creating Polylla...
Labered max edges in 5918.97 ms
Labeled frontier edges in 1796.85 ms
Labeled seed edges in 2274.26 ms
Mesh with 7382089 polygons 14769612 edges and 0 barrier-edge tips.
Done!
Time to generate Triangulation: 30332.9 ms
Time to label max edges 5918.97 ms
Time to label frontier edges 1796.85 ms
Time to label seed edges 2274.26 ms
Time to label total9990.09 ms
Time to traversal and repair 2407.44 ms
Time to traversal 2407.44 ms
Time to repair 0 ms
Time to generate polygonal mesh 12397.5 ms
Printing JSON file as uniform_7387524_CPU.json
output json in uniform_7387524_CPU.json
Tiempo de ejecución: 45.393 segundos

Mon 27 Mar 2023 05:18:01 PM -03
Ejecutando Polylla con tamaño 10582009
Generating points  
Generating triangles 
estimao 21151008 final 21151008
Constructing halfedges...
Constructing interior halfedges
0. aca 
1. aca 
2. aca 
3. aca 
Constructing exterior halfedges
Triangulation generation time: 42048.6
Creating Polylla...
Labered max edges in 8645.11 ms
Labeled frontier edges in 2577.98 ms
Labeled seed edges in 3667.69 ms
Mesh with 10575504 polygons 21157512 edges and 0 barrier-edge tips.
Done!
Time to generate Triangulation: 42048.6 ms
Time to label max edges 8645.11 ms
Time to label frontier edges 2577.98 ms
Time to label seed edges 3667.69 ms
Time to label total14890.8 ms
Time to traversal and repair 3750.54 ms
Time to traversal 3750.54 ms
Time to repair 0 ms
Time to generate polygonal mesh 18641.3 ms
Printing JSON file as uniform_10582009_CPU.json
output json in uniform_10582009_CPU.json
Tiempo de ejecución: 63.777 segundos

Mon 27 Mar 2023 05:19:05 PM -03
Ejecutando Polylla con tamaño 13771521
Generating points  
Generating triangles 
estimao 27528200 final 27528200
Constructing halfedges...
Constructing interior halfedges
0. aca 
1. aca 
2. aca 
3. aca 
Constructing exterior halfedges
Triangulation generation time: 53284
Creating Polylla...
Labered max edges in 11586.6 ms
Labeled frontier edges in 3670.51 ms
Labeled seed edges in 4789.97 ms
Mesh with 13764100 polygons 27535620 edges and 0 barrier-edge tips.
Done!
Time to generate Triangulation: 53284 ms
Time to label max edges 11586.6 ms
Time to label frontier edges 3670.51 ms
Time to label seed edges 4789.97 ms
Time to label total20047.1 ms
Time to traversal and repair 4770.3 ms
Time to traversal 4770.3 ms
Time to repair 0 ms
Time to generate polygonal mesh 24817.4 ms
Printing JSON file as uniform_13771521_CPU.json
output json in uniform_13771521_CPU.json
Tiempo de ejecución: 82.120 segundos

Mon 27 Mar 2023 05:20:27 PM -03
Ejecutando Polylla con tamaño 16966161
Generating points  
Generating triangles 
estimao 33915848 final 33915848
Constructing halfedges...
Constructing interior halfedges
0. aca 
1. aca 
2. aca 
3. aca 
Constructing exterior halfedges
Triangulation generation time: 56525.4
Creating Polylla...
Labered max edges in 14079.6 ms
Labeled frontier edges in 4332.28 ms
Labeled seed edges in 5746.34 ms
Mesh with 16957924 polygons 33924084 edges and 0 barrier-edge tips.
Done!
Time to generate Triangulation: 56525.4 ms
Time to label max edges 14079.6 ms
Time to label frontier edges 4332.28 ms
Time to label seed edges 5746.34 ms
Time to label total24158.2 ms
Time to traversal and repair 5909.45 ms
Time to traversal 5909.45 ms
Time to repair 0 ms
Time to generate polygonal mesh 30067.6 ms
Printing JSON file as uniform_16966161_CPU.json
output json in uniform_16966161_CPU.json
Tiempo de ejecución: 91.201 segundos

Mon 27 Mar 2023 05:21:58 PM -03
Ejecutando Polylla con tamaño 20160100
Generating points  
Generating triangles 
estimao 40302242 final 40302242
Constructing halfedges...
Constructing interior halfedges
0. aca 
1. aca 
2. aca 
3. aca 
Constructing exterior halfedges
Triangulation generation time: 75621
Creating Polylla...
Labered max edges in 15746.8 ms
Labeled frontier edges in 5155.01 ms
Labeled seed edges in 6448.93 ms
Mesh with 20151121 polygons 40311220 edges and 0 barrier-edge tips.
Done!
Time to generate Triangulation: 75621 ms
Time to label max edges 15746.8 ms
Time to label frontier edges 5155.01 ms
Time to label seed edges 6448.93 ms
Time to label total27350.7 ms
Time to traversal and repair 6359.13 ms
Time to traversal 6359.13 ms
Time to repair 0 ms
Time to generate polygonal mesh 33709.9 ms
Printing JSON file as uniform_20160100_CPU.json
output json in uniform_20160100_CPU.json
Tiempo de ejecución: 114.645 segundos

Mon 27 Mar 2023 05:23:53 PM -03
Ejecutando Polylla con tamaño 23357889
Generating points  
Generating triangles 
estimao 46696448 final 46696448
Constructing halfedges...
Constructing interior halfedges
0. aca 
1. aca 
2. aca 
3. aca 
Constructing exterior halfedges
Triangulation generation time: 81127.7
Creating Polylla...
Labered max edges in 20584.9 ms
Labeled frontier edges in 6168.13 ms
Labeled seed edges in 8067.82 ms
Mesh with 23348224 polygons 46706112 edges and 0 barrier-edge tips.
Done!
Time to generate Triangulation: 81127.7 ms
Time to label max edges 20584.9 ms
Time to label frontier edges 6168.13 ms
Time to label seed edges 8067.82 ms
Time to label total34820.9 ms
Time to traversal and repair 8073.2 ms
Time to traversal 8073.2 ms
Time to repair 0 ms
Time to generate polygonal mesh 42894.1 ms
Printing JSON file as uniform_23357889_CPU.json
output json in uniform_23357889_CPU.json
Tiempo de ejecución: 129.824 segundos

Mon 27 Mar 2023 05:26:03 PM -03
Ejecutando Polylla con tamaño 26553409
Generating points  
Generating triangles 
estimao 53086208 final 53086208
Constructing halfedges...
Constructing interior halfedges
0. aca 
1. aca 
2. aca 
3. aca 
Constructing exterior halfedges
Triangulation generation time: 94188.1
Creating Polylla...
Labered max edges in 21183 ms
Labeled frontier edges in 6199.09 ms
Labeled seed edges in 8331.05 ms
Mesh with 26543104 polygons 53096512 edges and 0 barrier-edge tips.
Done!
Time to generate Triangulation: 94188.1 ms
Time to label max edges 21183 ms
Time to label frontier edges 6199.09 ms
Time to label seed edges 8331.05 ms
Time to label total35713.1 ms
Time to traversal and repair 9206.69 ms
Time to traversal 9206.69 ms
Time to repair 0 ms
Time to generate polygonal mesh 44919.8 ms
Printing JSON file as uniform_26553409_CPU.json
output json in uniform_26553409_CPU.json
Tiempo de ejecución: 146.489 segundos

Mon 27 Mar 2023 05:28:29 PM -03
Ejecutando Polylla con tamaño 29746116
Generating points  
Generating triangles 
estimao 59470418 final 59470418
Constructing halfedges...
Constructing interior halfedges
0. aca 
1. aca 
2. aca 
3. aca 
Constructing exterior halfedges
Triangulation generation time: 115147
Creating Polylla...
Labered max edges in 23898.5 ms
Labeled frontier edges in 7683.74 ms
Labeled seed edges in 9390.63 ms
Mesh with 29735209 polygons 59481324 edges and 0 barrier-edge tips.
Done!
Time to generate Triangulation: 115147 ms
Time to label max edges 23898.5 ms
Time to label frontier edges 7683.74 ms
Time to label seed edges 9390.63 ms
Time to label total40972.9 ms
Time to traversal and repair 9945.52 ms
Time to traversal 9945.52 ms
Time to repair 0 ms
Time to generate polygonal mesh 50918.4 ms
Printing JSON file as uniform_29746116_CPU.json
output json in uniform_29746116_CPU.json
Tiempo de ejecución: 173.449 segundos

Mon 27 Mar 2023 05:31:23 PM -03
Ejecutando Polylla con tamaño 32936121
Generating points  
Generating triangles 
estimao 65849288 final 65849288
Constructing halfedges...
Constructing interior halfedges
0. aca 
1. aca 
2. aca 
3. aca 
Constructing exterior halfedges
Triangulation generation time: 131313
Creating Polylla...
Labered max edges in 26435.2 ms
Labeled frontier edges in 7994.13 ms
Labeled seed edges in 11098.6 ms
Mesh with 32924644 polygons 65860764 edges and 0 barrier-edge tips.
Done!
Time to generate Triangulation: 131313 ms
Time to label max edges 26435.2 ms
Time to label frontier edges 7994.13 ms
Time to label seed edges 11098.6 ms
Time to label total45527.9 ms
Time to traversal and repair 12707.3 ms
Time to traversal 12707.3 ms
Time to repair 0 ms
Time to generate polygonal mesh 58235.2 ms
Printing JSON file as uniform_32936121_CPU.json
output json in uniform_32936121_CPU.json
Tiempo de ejecución: 198.560 segundos

Mon 27 Mar 2023 05:34:41 PM -03
Ejecutando Polylla con tamaño 36132121
Generating points  
Generating triangles 
estimao 72240200 final 72240200
Constructing halfedges...
Constructing interior halfedges
0. aca 
1. aca 
2. aca 
3. aca 
Constructing exterior halfedges
Triangulation generation time: 137295
Creating Polylla...
Labered max edges in 28901.6 ms
Labeled frontier edges in 8502.38 ms
Labeled seed edges in 11513.6 ms
Mesh with 36120100 polygons 72252220 edges and 0 barrier-edge tips.
Done!
Time to generate Triangulation: 137295 ms
Time to label max edges 28901.6 ms
Time to label frontier edges 8502.38 ms
Time to label seed edges 11513.6 ms
Time to label total48917.5 ms
Time to traversal and repair 12376.7 ms
Time to traversal 12376.7 ms
Time to repair 0 ms
Time to generate polygonal mesh 61294.3 ms
Printing JSON file as uniform_36132121_CPU.json
output json in uniform_36132121_CPU.json
Tiempo de ejecución: 208.140 segundos

Mon 27 Mar 2023 05:38:09 PM -03
Ejecutando Polylla con tamaño 39325441
Generating points  
Generating triangles 
estimao 78625800 final 78625800
Constructing halfedges...
Constructing interior halfedges
0. aca 
1. aca 
2. aca 
3. aca 
Constructing exterior halfedges
Triangulation generation time: 149934
Creating Polylla...
Labered max edges in 31628 ms
Labeled frontier edges in 9633.36 ms
Labeled seed edges in 15770.2 ms
Mesh with 39312900 polygons 78638340 edges and 0 barrier-edge tips.
Done!
Time to generate Triangulation: 149934 ms
Time to label max edges 31628 ms
Time to label frontier edges 9633.36 ms
Time to label seed edges 15770.2 ms
Time to label total57031.6 ms
Time to traversal and repair 16357.2 ms
Time to traversal 16357.2 ms
Time to repair 0 ms
Time to generate polygonal mesh 73388.8 ms
Printing JSON file as uniform_39325441_CPU.json
output json in uniform_39325441_CPU.json
Tiempo de ejecución: 233.314 segundos

Mon 27 Mar 2023 05:42:03 PM -03
Ejecutando Polylla con tamaño 42510400
Generating points  
Generating triangles 
estimao 84994722 final 84994722
Constructing halfedges...
Constructing interior halfedges
0. aca 
1. aca 
2. aca 
3. aca 
Constructing exterior halfedges
Triangulation generation time: 204870
Creating Polylla...
Labered max edges in 35031.4 ms
Labeled frontier edges in 10504.1 ms
Labeled seed edges in 15303 ms
Mesh with 42497361 polygons 85007760 edges and 0 barrier-edge tips.
Done!
Time to generate Triangulation: 204870 ms
Time to label max edges 35031.4 ms
Time to label frontier edges 10504.1 ms
Time to label seed edges 15303 ms
Time to label total60838.5 ms
Time to traversal and repair 15443.2 ms
Time to traversal 15443.2 ms
Time to repair 0 ms
Time to generate polygonal mesh 76281.7 ms
Printing JSON file as uniform_42510400_CPU.json
output json in uniform_42510400_CPU.json
Tiempo de ejecución: 293.688 segundos

Mon 27 Mar 2023 05:46:56 PM -03
Ejecutando Polylla con tamaño 45711121
Generating points  
Generating triangles 
estimao 91395200 final 91395200
Constructing halfedges...
Constructing interior halfedges
0. aca 
1. aca 
2. aca 
3. aca 
Constructing exterior halfedges
Triangulation generation time: 170719
Creating Polylla...
Labered max edges in 37565.5 ms
Labeled frontier edges in 12017.9 ms
Labeled seed edges in 15252.3 ms
Mesh with 45697600 polygons 91408720 edges and 0 barrier-edge tips.
Done!
Time to generate Triangulation: 170719 ms
Time to label max edges 37565.5 ms
Time to label frontier edges 12017.9 ms
Time to label seed edges 15252.3 ms
Time to label total64835.6 ms
Time to traversal and repair 16608 ms
Time to traversal 16608 ms
Time to repair 0 ms
Time to generate polygonal mesh 81443.6 ms
Printing JSON file as uniform_45711121_CPU.json
output json in uniform_45711121_CPU.json
Tiempo de ejecución: 265.416 segundos

Mon 27 Mar 2023 05:51:22 PM -03
Ejecutando Polylla con tamaño 48902049
Generating points  
Generating triangles 
estimao 97776128 final 97776128
Constructing halfedges...
Constructing interior halfedges
0. aca 
1. aca 
2. aca 
3. aca 
Constructing exterior halfedges
Triangulation generation time: 189113
Creating Polylla...
Labered max edges in 41708.9 ms
Labeled frontier edges in 13366.4 ms
Labeled seed edges in 17072.1 ms
Mesh with 48888064 polygons 97790112 edges and 0 barrier-edge tips.
Done!
Time to generate Triangulation: 189113 ms
Time to label max edges 41708.9 ms
Time to label frontier edges 13366.4 ms
Time to label seed edges 17072.1 ms
Time to label total72147.3 ms
Time to traversal and repair 18320.1 ms
Time to traversal 18320.1 ms
Time to repair 0 ms
Time to generate polygonal mesh 90467.5 ms
Printing JSON file as uniform_48902049_CPU.json
output json in uniform_48902049_CPU.json
Tiempo de ejecución: 292.073 segundos

Mon 27 Mar 2023 05:56:14 PM -03
Ejecutando Polylla con tamaño 52099524
Generating points  
Generating triangles 
estimao 104170178 final 104170178
Constructing halfedges...
Constructing interior halfedges
0. aca 
1. aca 
2. aca 
3. aca 
Constructing exterior halfedges
Triangulation generation time: 233972
Creating Polylla...
Labered max edges in 42077.9 ms
Labeled frontier edges in 13010.6 ms
Labeled seed edges in 19018.2 ms
Mesh with 52085089 polygons 104184612 edges and 0 barrier-edge tips.
Done!
Time to generate Triangulation: 233972 ms
Time to label max edges 42077.9 ms
Time to label frontier edges 13010.6 ms
Time to label seed edges 19018.2 ms
Time to label total74106.8 ms
Time to traversal and repair 19072.3 ms
Time to traversal 19072.3 ms
Time to repair 0 ms
Time to generate polygonal mesh 93179 ms
Printing JSON file as uniform_52099524_CPU.json
output json in uniform_52099524_CPU.json
Tiempo de ejecución: 340.265 segundos

Mon 27 Mar 2023 06:01:54 PM -03
Ejecutando Polylla con tamaño 55294096
Generating points  
Generating triangles 
estimao 110558450 final 110558450
Constructing halfedges...
Constructing interior halfedges
0. aca 
1. aca 
2. aca 
3. aca 
Constructing exterior halfedges
Triangulation generation time: 248180
Creating Polylla...
Labered max edges in 44653.1 ms
Labeled frontier edges in 15729.9 ms
Labeled seed edges in 19425 ms
Mesh with 55279225 polygons 110573320 edges and 0 barrier-edge tips.
Done!
Time to generate Triangulation: 248180 ms
Time to label max edges 44653.1 ms
Time to label frontier edges 15729.9 ms
Time to label seed edges 19425 ms
Time to label total79808 ms
Time to traversal and repair 22478.5 ms
Time to traversal 22478.5 ms
Time to repair 0 ms
Time to generate polygonal mesh 102286 ms
Printing JSON file as uniform_55294096_CPU.json
output json in uniform_55294096_CPU.json
Tiempo de ejecución: 367.409 segundos

Mon 27 Mar 2023 06:08:02 PM -03
Ejecutando Polylla con tamaño 58476609
Generating points  
Generating triangles 
estimao 116922632 final 116922632
Constructing halfedges...
Constructing interior halfedges
0. aca 
1. aca 
2. aca 
3. aca 
Constructing exterior halfedges
Triangulation generation time: 275780
Creating Polylla...
Labered max edges in 48628.1 ms
Labeled frontier edges in 15884.4 ms
Labeled seed edges in 20485 ms
Mesh with 58461316 polygons 116937924 edges and 0 barrier-edge tips.
Done!
Time to generate Triangulation: 275780 ms
Time to label max edges 48628.1 ms
Time to label frontier edges 15884.4 ms
Time to label seed edges 20485 ms
Time to label total84997.5 ms
Time to traversal and repair 20995.4 ms
Time to traversal 20995.4 ms
Time to repair 0 ms
Time to generate polygonal mesh 105993 ms
Printing JSON file as uniform_58476609_CPU.json
output json in uniform_58476609_CPU.json
Tiempo de ejecución: 399.721 segundos

Mon 27 Mar 2023 06:14:41 PM -03
Ejecutando Polylla con tamaño 61669609
Generating points  
Generating triangles 
estimao 123307808 final 123307808
Constructing halfedges...
Constructing interior halfedges
0. aca 
1. aca 
2. aca 
3. aca 
Constructing exterior halfedges
Triangulation generation time: 240875
Creating Polylla...
Labered max edges in 49955.1 ms
Labeled frontier edges in 15166.8 ms
Labeled seed edges in 19630.6 ms
Mesh with 61653904 polygons 123323512 edges and 0 barrier-edge tips.
Done!
Time to generate Triangulation: 240875 ms
Time to label max edges 49955.1 ms
Time to label frontier edges 15166.8 ms
Time to label seed edges 19630.6 ms
Time to label total84752.5 ms
Time to traversal and repair 21452.9 ms
Time to traversal 21452.9 ms
Time to repair 0 ms
Time to generate polygonal mesh 106205 ms
Printing JSON file as uniform_61669609_CPU.json
output json in uniform_61669609_CPU.json
Tiempo de ejecución: 363.049 segundos

Mon 27 Mar 2023 06:20:44 PM -03
Ejecutando Polylla con tamaño 64866916
Generating points  
Generating triangles 
estimao 129701618 final 129701618
Constructing halfedges...
Constructing interior halfedges
0. aca 
1. aca 
2. aca 
3. aca 
Constructing exterior halfedges
Triangulation generation time: 268127
Creating Polylla...
Labered max edges in 52703.9 ms
Labeled frontier edges in 15623.4 ms
Labeled seed edges in 21068.4 ms
Mesh with 64850809 polygons 129717724 edges and 0 barrier-edge tips.
Done!
Time to generate Triangulation: 268127 ms
Time to label max edges 52703.9 ms
Time to label frontier edges 15623.4 ms
Time to label seed edges 21068.4 ms
Time to label total89395.7 ms
Time to traversal and repair 22082.4 ms
Time to traversal 22082.4 ms
Time to repair 0 ms
Time to generate polygonal mesh 111478 ms
Printing JSON file as uniform_64866916_CPU.json
output json in uniform_64866916_CPU.json
Tiempo de ejecución: 396.369 segundos

Mon 27 Mar 2023 06:27:21 PM -03
Ejecutando Polylla con tamaño 68062500
Generating points  
Generating triangles 
estimao 136092002 final 136092002
Constructing halfedges...
Constructing interior halfedges
0. aca 
1. aca 
2. aca 
3. aca 
Constructing exterior halfedges
Triangulation generation time: 262647
Creating Polylla...
Labered max edges in 58320.4 ms
Labeled frontier edges in 17769.7 ms
Labeled seed edges in 24364.6 ms
Mesh with 68046001 polygons 136108500 edges and 0 barrier-edge tips.
Done!
Time to generate Triangulation: 262647 ms
Time to label max edges 58320.4 ms
Time to label frontier edges 17769.7 ms
Time to label seed edges 24364.6 ms
Time to label total100455 ms
Time to traversal and repair 26418.3 ms
Time to traversal 26418.3 ms
Time to repair 0 ms
Time to generate polygonal mesh 126873 ms
Printing JSON file as uniform_68062500_CPU.json
output json in uniform_68062500_CPU.json
Tiempo de ejecución: 406.832 segundos

Mon 27 Mar 2023 06:34:08 PM -03
Ejecutando Polylla con tamaño 71250481
Generating points  
Generating triangles 
estimao 142467200 final 142467200
Constructing halfedges...
Constructing interior halfedges
0. aca 
1. aca 
2. aca 
3. aca 
Constructing exterior halfedges
Triangulation generation time: 291151
Creating Polylla...
Labered max edges in 60169.2 ms
Labeled frontier edges in 18897.7 ms
Labeled seed edges in 22413 ms
Mesh with 71233600 polygons 142484080 edges and 0 barrier-edge tips.
Done!
Time to generate Triangulation: 291151 ms
Time to label max edges 60169.2 ms
Time to label frontier edges 18897.7 ms
Time to label seed edges 22413 ms
Time to label total101480 ms
Time to traversal and repair 24434.7 ms
Time to traversal 24434.7 ms
Time to repair 0 ms
Time to generate polygonal mesh 125915 ms
Printing JSON file as uniform_71250481_CPU.json
output json in uniform_71250481_CPU.json
Tiempo de ejecución: 438.001 segundos

Mon 27 Mar 2023 06:41:26 PM -03
Ejecutando Polylla con tamaño 74459641
Generating points  
Generating triangles 
estimao 148884768 final 148884768
Constructing halfedges...
Constructing interior halfedges
0. aca 
1. aca 
2. aca 
3. aca 
Constructing exterior halfedges
Triangulation generation time: 312959
Creating Polylla...
Labered max edges in 64198.7 ms
Labeled frontier edges in 19594.5 ms
Labeled seed edges in 24305.4 ms
Mesh with 74442384 polygons 148902024 edges and 0 barrier-edge tips.
Done!
Time to generate Triangulation: 312959 ms
Time to label max edges 64198.7 ms
Time to label frontier edges 19594.5 ms
Time to label seed edges 24305.4 ms
Time to label total108099 ms
Time to traversal and repair 27312.7 ms
Time to traversal 27312.7 ms
Time to repair 0 ms
Time to generate polygonal mesh 135411 ms
Printing JSON file as uniform_74459641_CPU.json
output json in uniform_74459641_CPU.json
Tiempo de ejecución: 470.236 segundos

Mon 27 Mar 2023 06:49:16 PM -03
Ejecutando Polylla con tamaño 77651344
Generating points  
Generating triangles 
estimao 155267442 final 155267442
Constructing halfedges...
Constructing interior halfedges
0. aca 
1. aca 
2. aca 
3. aca 
Constructing exterior halfedges
Triangulation generation time: 357309
Creating Polylla...
Labered max edges in 65621.6 ms
Labeled frontier edges in 19374.3 ms
Labeled seed edges in 24270.8 ms
Mesh with 77633721 polygons 155285064 edges and 0 barrier-edge tips.
Done!
Time to generate Triangulation: 357309 ms
Time to label max edges 65621.6 ms
Time to label frontier edges 19374.3 ms
Time to label seed edges 24270.8 ms
Time to label total109267 ms
Time to traversal and repair 27038.5 ms
Time to traversal 27038.5 ms
Time to repair 0 ms
Time to generate polygonal mesh 136305 ms
Printing JSON file as uniform_77651344_CPU.json
output json in uniform_77651344_CPU.json
Tiempo de ejecución: 515.113 segundos

Mon 27 Mar 2023 06:57:51 PM -03
Ejecutando Polylla con tamaño 80838081
Generating points  
Generating triangles 
estimao 161640200 final 161640200
Constructing halfedges...
Constructing interior halfedges
0. aca 
1. aca 
2. aca 
3. aca 
Constructing exterior halfedges
Triangulation generation time: 357771
Creating Polylla...
Labered max edges in 68936.6 ms
Labeled frontier edges in 21033.1 ms
Labeled seed edges in 29214.3 ms
Mesh with 80820100 polygons 161658180 edges and 0 barrier-edge tips.
Done!
Time to generate Triangulation: 357771 ms
Time to label max edges 68936.6 ms
Time to label frontier edges 21033.1 ms
Time to label seed edges 29214.3 ms
Time to label total119184 ms
Time to traversal and repair 31009 ms
Time to traversal 31009 ms
Time to repair 0 ms
Time to generate polygonal mesh 150193 ms
Printing JSON file as uniform_80838081_CPU.json
output json in uniform_80838081_CPU.json
Tiempo de ejecución: 530.176 segundos

Mon 27 Mar 2023 07:06:41 PM -03
Ejecutando Polylla con tamaño 84033889
Generating points  
Generating triangles 
estimao 168031112 final 168031112
Constructing halfedges...
Constructing interior halfedges
0. aca 
1. aca 
2. aca 
3. aca 
Constructing exterior halfedges
Triangulation generation time: 362395
Creating Polylla...
Labered max edges in 68005.8 ms
Labeled frontier edges in 22760 ms
Labeled seed edges in 27418.9 ms
Mesh with 84015556 polygons 168049444 edges and 0 barrier-edge tips.
Done!
Time to generate Triangulation: 362395 ms
Time to label max edges 68005.8 ms
Time to label frontier edges 22760 ms
Time to label seed edges 27418.9 ms
Time to label total118185 ms
Time to traversal and repair 30306.1 ms
Time to traversal 30306.1 ms
Time to repair 0 ms
Time to generate polygonal mesh 148491 ms
Printing JSON file as uniform_84033889_CPU.json
output json in uniform_84033889_CPU.json
Tiempo de ejecución: 533.433 segundos

Mon 27 Mar 2023 07:15:35 PM -03
Ejecutando Polylla con tamaño 87216921
Generating points  
Generating triangles 
estimao 174396488 final 174396488
Constructing halfedges...
Constructing interior halfedges
0. aca 
1. aca 
2. aca 
3. aca 
Constructing exterior halfedges
Triangulation generation time: 418293
Creating Polylla...
Labered max edges in 71341.3 ms
Labeled frontier edges in 26206.2 ms
Labeled seed edges in 30011.5 ms
Mesh with 87198244 polygons 174415164 edges and 0 barrier-edge tips.
Done!
Time to generate Triangulation: 418293 ms
Time to label max edges 71341.3 ms
Time to label frontier edges 26206.2 ms
Time to label seed edges 30011.5 ms
Time to label total127559 ms
Time to traversal and repair 31354.1 ms
Time to traversal 31354.1 ms
Time to repair 0 ms
Time to generate polygonal mesh 158913 ms
Printing JSON file as uniform_87216921_CPU.json
output json in uniform_87216921_CPU.json
Tiempo de ejecución: 603.057 segundos

Mon 27 Mar 2023 07:25:38 PM -03
Ejecutando Polylla con tamaño 90421081
Generating points  
Generating triangles 
estimao 180804128 final 180804128
Constructing halfedges...
Constructing interior halfedges
0. aca 
1. aca 
2. aca 
3. aca 
Constructing exterior halfedges
Triangulation generation time: 368135
Creating Polylla...
Labered max edges in 75862.5 ms
Labeled frontier edges in 21462.3 ms
Labeled seed edges in 29257.5 ms
Mesh with 90402064 polygons 180823144 edges and 0 barrier-edge tips.
Done!
Time to generate Triangulation: 368135 ms
Time to label max edges 75862.5 ms
Time to label frontier edges 21462.3 ms
Time to label seed edges 29257.5 ms
Time to label total126582 ms
Time to traversal and repair 31782.5 ms
Time to traversal 31782.5 ms
Time to repair 0 ms
Time to generate polygonal mesh 158365 ms
Printing JSON file as uniform_90421081_CPU.json
output json in uniform_90421081_CPU.json
Tiempo de ejecución: 550.624 segundos

Mon 27 Mar 2023 07:34:48 PM -03
Ejecutando Polylla con tamaño 93605625
Generating points  
Generating triangles 
estimao 187172552 final 187172552
Constructing halfedges...
Constructing interior halfedges
0. aca 
1. aca 
2. aca 
3. aca 
Constructing exterior halfedges
Triangulation generation time: 393814
Creating Polylla...
Labered max edges in 76928.1 ms
Labeled frontier edges in 24497.2 ms
Labeled seed edges in 30820.4 ms
Mesh with 93586276 polygons 187191900 edges and 0 barrier-edge tips.
Done!
Time to generate Triangulation: 393814 ms
Time to label max edges 76928.1 ms
Time to label frontier edges 24497.2 ms
Time to label seed edges 30820.4 ms
Time to label total132246 ms
Time to traversal and repair 35104.8 ms
Time to traversal 35104.8 ms
Time to repair 0 ms
Time to generate polygonal mesh 167350 ms
Printing JSON file as uniform_93605625_CPU.json
output json in uniform_93605625_CPU.json
Tiempo de ejecución: 586.600 segundos

Mon 27 Mar 2023 07:44:35 PM -03
Ejecutando Polylla con tamaño 96805921
Generating points  
Generating triangles 
estimao 193572488 final 193572488
Constructing halfedges...
Constructing interior halfedges
0. aca 
1. aca 
2. aca 
3. aca 
Constructing exterior halfedges
Triangulation generation time: 430967
Creating Polylla...
Labered max edges in 77693.8 ms
Labeled frontier edges in 23793.6 ms
Labeled seed edges in 31488.8 ms
Mesh with 96786244 polygons 193592164 edges and 0 barrier-edge tips.
Done!
Time to generate Triangulation: 430967 ms
Time to label max edges 77693.8 ms
Time to label frontier edges 23793.6 ms
Time to label seed edges 31488.8 ms
Time to label total132976 ms
Time to traversal and repair 33053.8 ms
Time to traversal 33053.8 ms
Time to repair 0 ms
Time to generate polygonal mesh 166030 ms
Printing JSON file as uniform_96805921_CPU.json
output json in uniform_96805921_CPU.json
Tiempo de ejecución: 627.257 segundos

Mon 27 Mar 2023 07:55:02 PM -03
Ejecutando Polylla con tamaño 100000000
Generating points  
Generating triangles 
estimao 199960002 final 199960002
Constructing halfedges...
Constructing interior halfedges
0. aca 
1. aca 
2. aca 
3. aca 
Constructing exterior halfedges
Triangulation generation time: 408217
Creating Polylla...
Labered max edges in 84281.9 ms
Labeled frontier edges in 24225.6 ms
Labeled seed edges in 33090.8 ms
Mesh with 99980001 polygons 199980000 edges and 0 barrier-edge tips.
Done!
Time to generate Triangulation: 408217 ms
Time to label max edges 84281.9 ms
Time to label frontier edges 24225.6 ms
Time to label seed edges 33090.8 ms
Time to label total141598 ms
Time to traversal and repair 34431.6 ms
Time to traversal 34431.6 ms
Time to repair 0 ms
Time to generate polygonal mesh 176030 ms
Printing JSON file as uniform_100000000_CPU.json
output json in uniform_100000000_CPU.json
Tiempo de ejecución: 613.445 segundos

Mon 27 Mar 2023 08:05:16 PM -03
