Mon 27 Mar 2023 05:16:35 PM -03
Start: 1000000, End: 100000000, Intervalo: 3193548, Diferencia: 99000000, NSAMPLES: 31
Valores: 1000000 4194304 7387524 10582009 13771521 16966161 20160100 23357889 26553409 29746116 32936121 36132121 39325441 42510400 45711121 48902049 52099524 55294096 58476609 61669609 64866916 68062500 71250481 74459641 77651344 80838081 84033889 87216921 90421081 93605625 96805921 100000000
Mon 27 Mar 2023 05:16:35 PM -03
Ejecutando Polylla con tamaño 1000000
Generating points  
Generating triangles 
estimao 1996002 final 1996002
Constructing halfedges...
Constructing interior halfedges
0. aca 
1. aca 
2. aca 
3. aca 
Constructing exterior halfedges
Triangulation generation time: 3210.54
Creating Polylla...
Labered max edges in 886.127 ms
Labeled frontier edges in 221.635 ms
Labeled seed edges in 297.398 ms
Mesh with 998001 polygons 1998000 edges and 0 barrier-edge tips.
Done!
Time to generate Triangulation: 3210.54 ms
Time to label max edges 886.127 ms
Time to label frontier edges 221.635 ms
Time to label seed edges 297.398 ms
Time to label total1405.16 ms
Time to traversal and repair 310.921 ms
Time to traversal 310.921 ms
Time to repair 0 ms
Time to generate polygonal mesh 1716.08 ms
Printing JSON file as uniform_1000000_CPU.json
output json in uniform_1000000_CPU.json
Tiempo de ejecución: 5.879 segundos

Mon 27 Mar 2023 05:16:41 PM -03
Ejecutando Polylla con tamaño 4194304
Generating points  
Generating triangles 
estimao 8380418 final 8380418
Constructing halfedges...
Constructing interior halfedges
0. aca 
1. aca 
2. aca 
3. aca 
Constructing exterior halfedges
Triangulation generation time: 14041.7
Creating Polylla...
Labered max edges in 3434.87 ms
Labeled frontier edges in 948.031 ms
Labeled seed edges in 1288.71 ms
Mesh with 4190209 polygons 8384512 edges and 0 barrier-edge tips.
Done!
Time to generate Triangulation: 14041.7 ms
Time to label max edges 3434.87 ms
Time to label frontier edges 948.031 ms
Time to label seed edges 1288.71 ms
Time to label total5671.61 ms
Time to traversal and repair 1316.04 ms
Time to traversal 1316.04 ms
Time to repair 0 ms
Time to generate polygonal mesh 6987.65 ms
Printing JSON file as uniform_4194304_CPU.json
output json in uniform_4194304_CPU.json
Tiempo de ejecución: 22.649 segundos

Mon 27 Mar 2023 05:17:04 PM -03
Ejecutando Polylla con tamaño 7387524
Generating points  
Generating triangles 
estimao 14764178 final 14764178
Constructing halfedges...
Constructing interior halfedges
0. aca 
1. aca 
2. aca 
3. aca 
Constructing exterior halfedges
Triangulation generation time: 26489.5
Creating Polylla...
Labered max edges in 6011.36 ms
Labeled frontier edges in 1739.09 ms
Labeled seed edges in 2554.87 ms
Mesh with 7382089 polygons 14769612 edges and 0 barrier-edge tips.
Done!
Time to generate Triangulation: 26489.5 ms
Time to label max edges 6011.36 ms
Time to label frontier edges 1739.09 ms
Time to label seed edges 2554.87 ms
Time to label total10305.3 ms
Time to traversal and repair 2623.2 ms
Time to traversal 2623.2 ms
Time to repair 0 ms
Time to generate polygonal mesh 12928.5 ms
Printing JSON file as uniform_7387524_CPU.json
output json in uniform_7387524_CPU.json
Tiempo de ejecución: 41.756 segundos

Mon 27 Mar 2023 05:17:45 PM -03
Ejecutando Polylla con tamaño 10582009
Generating points  
Generating triangles 
estimao 21151008 final 21151008
Constructing halfedges...
Constructing interior halfedges
0. aca 
1. aca 
2. aca 
3. aca 
Constructing exterior halfedges
Triangulation generation time: 36841.4
Creating Polylla...
Labered max edges in 8869.65 ms
Labeled frontier edges in 2641.13 ms
Labeled seed edges in 3616.57 ms
Mesh with 10575504 polygons 21157512 edges and 0 barrier-edge tips.
Done!
Time to generate Triangulation: 36841.4 ms
Time to label max edges 8869.65 ms
Time to label frontier edges 2641.13 ms
Time to label seed edges 3616.57 ms
Time to label total15127.3 ms
Time to traversal and repair 3751.06 ms
Time to traversal 3751.06 ms
Time to repair 0 ms
Time to generate polygonal mesh 18878.4 ms
Printing JSON file as uniform_10582009_CPU.json
output json in uniform_10582009_CPU.json
Tiempo de ejecución: 58.845 segundos

Mon 27 Mar 2023 05:18:44 PM -03
Ejecutando Polylla con tamaño 13771521
Generating points  
Generating triangles 
estimao 27528200 final 27528200
Constructing halfedges...
Constructing interior halfedges
0. aca 
1. aca 
2. aca 
3. aca 
Constructing exterior halfedges
Triangulation generation time: 47874.8
Creating Polylla...
Labered max edges in 11827.8 ms
Labeled frontier edges in 3460.21 ms
Labeled seed edges in 4734.25 ms
Mesh with 13764100 polygons 27535620 edges and 0 barrier-edge tips.
Done!
Time to generate Triangulation: 47874.8 ms
Time to label max edges 11827.8 ms
Time to label frontier edges 3460.21 ms
Time to label seed edges 4734.25 ms
Time to label total20022.2 ms
Time to traversal and repair 4948.68 ms
Time to traversal 4948.68 ms
Time to repair 0 ms
Time to generate polygonal mesh 24970.9 ms
Printing JSON file as uniform_13771521_CPU.json
output json in uniform_13771521_CPU.json
Tiempo de ejecución: 76.481 segundos

Mon 27 Mar 2023 05:20:01 PM -03
Ejecutando Polylla con tamaño 16966161
Generating points  
Generating triangles 
estimao 33915848 final 33915848
Constructing halfedges...
Constructing interior halfedges
0. aca 
1. aca 
2. aca 
3. aca 
Constructing exterior halfedges
Triangulation generation time: 55658.2
Creating Polylla...
Labered max edges in 14338.3 ms
Labeled frontier edges in 3900.67 ms
Labeled seed edges in 5358.6 ms
Mesh with 16957924 polygons 33924084 edges and 0 barrier-edge tips.
Done!
Time to generate Triangulation: 55658.2 ms
Time to label max edges 14338.3 ms
Time to label frontier edges 3900.67 ms
Time to label seed edges 5358.6 ms
Time to label total23597.6 ms
Time to traversal and repair 5502.72 ms
Time to traversal 5502.72 ms
Time to repair 0 ms
Time to generate polygonal mesh 29100.3 ms
Printing JSON file as uniform_16966161_CPU.json
output json in uniform_16966161_CPU.json
Tiempo de ejecución: 89.053 segundos

Mon 27 Mar 2023 05:21:30 PM -03
Ejecutando Polylla con tamaño 20160100
Generating points  
Generating triangles 
estimao 40302242 final 40302242
Constructing halfedges...
Constructing interior halfedges
0. aca 
1. aca 
2. aca 
3. aca 
Constructing exterior halfedges
Triangulation generation time: 69620.6
Creating Polylla...
Labered max edges in 18699.6 ms
Labeled frontier edges in 5838.37 ms
Labeled seed edges in 7935.62 ms
Mesh with 20151121 polygons 40311220 edges and 0 barrier-edge tips.
Done!
Time to generate Triangulation: 69620.6 ms
Time to label max edges 18699.6 ms
Time to label frontier edges 5838.37 ms
Time to label seed edges 7935.62 ms
Time to label total32473.5 ms
Time to traversal and repair 8427.93 ms
Time to traversal 8427.93 ms
Time to repair 0 ms
Time to generate polygonal mesh 40901.5 ms
Printing JSON file as uniform_20160100_CPU.json
output json in uniform_20160100_CPU.json
Tiempo de ejecución: 115.716 segundos

Mon 27 Mar 2023 05:23:26 PM -03
Ejecutando Polylla con tamaño 23357889
Generating points  
Generating triangles 
estimao 46696448 final 46696448
Constructing halfedges...
Constructing interior halfedges
0. aca 
1. aca 
2. aca 
3. aca 
Constructing exterior halfedges
Triangulation generation time: 73667.6
Creating Polylla...
Labered max edges in 19398.7 ms
Labeled frontier edges in 5473.17 ms
Labeled seed edges in 7319.15 ms
Mesh with 23348224 polygons 46706112 edges and 0 barrier-edge tips.
Done!
Time to generate Triangulation: 73667.6 ms
Time to label max edges 19398.7 ms
Time to label frontier edges 5473.17 ms
Time to label seed edges 7319.15 ms
Time to label total32191 ms
Time to traversal and repair 7600.57 ms
Time to traversal 7600.57 ms
Time to repair 0 ms
Time to generate polygonal mesh 39791.6 ms
Printing JSON file as uniform_23357889_CPU.json
output json in uniform_23357889_CPU.json
Tiempo de ejecución: 118.969 segundos

Mon 27 Mar 2023 05:25:25 PM -03
Ejecutando Polylla con tamaño 26553409
Generating points  
Generating triangles 
estimao 53086208 final 53086208
Constructing halfedges...
Constructing interior halfedges
0. aca 
1. aca 
2. aca 
3. aca 
Constructing exterior halfedges
Triangulation generation time: 90643.6
Creating Polylla...
Labered max edges in 21422.8 ms
Labeled frontier edges in 5990.08 ms
Labeled seed edges in 8528.02 ms
Mesh with 26543104 polygons 53096512 edges and 0 barrier-edge tips.
Done!
Time to generate Triangulation: 90643.6 ms
Time to label max edges 21422.8 ms
Time to label frontier edges 5990.08 ms
Time to label seed edges 8528.02 ms
Time to label total35940.9 ms
Time to traversal and repair 8718.57 ms
Time to traversal 8718.57 ms
Time to repair 0 ms
Time to generate polygonal mesh 44659.5 ms
Printing JSON file as uniform_26553409_CPU.json
output json in uniform_26553409_CPU.json
Tiempo de ejecución: 142.053 segundos

Mon 27 Mar 2023 05:27:47 PM -03
Ejecutando Polylla con tamaño 29746116
Generating points  
Generating triangles 
estimao 59470418 final 59470418
Constructing halfedges...
Constructing interior halfedges
0. aca 
1. aca 
2. aca 
3. aca 
Constructing exterior halfedges
Triangulation generation time: 106883
Creating Polylla...
Labered max edges in 24867 ms
Labeled frontier edges in 7342.96 ms
Labeled seed edges in 11395.5 ms
Mesh with 29735209 polygons 59481324 edges and 0 barrier-edge tips.
Done!
Time to generate Triangulation: 106883 ms
Time to label max edges 24867 ms
Time to label frontier edges 7342.96 ms
Time to label seed edges 11395.5 ms
Time to label total43605.4 ms
Time to traversal and repair 12099.1 ms
Time to traversal 12099.1 ms
Time to repair 0 ms
Time to generate polygonal mesh 55704.6 ms
Printing JSON file as uniform_29746116_CPU.json
output json in uniform_29746116_CPU.json
Tiempo de ejecución: 169.869 segundos

Mon 27 Mar 2023 05:30:36 PM -03
Ejecutando Polylla con tamaño 32936121
Generating points  
Generating triangles 
estimao 65849288 final 65849288
Constructing halfedges...
Constructing interior halfedges
0. aca 
1. aca 
2. aca 
3. aca 
Constructing exterior halfedges
Triangulation generation time: 124410
Creating Polylla...
Labered max edges in 26538.3 ms
Labeled frontier edges in 8318.26 ms
Labeled seed edges in 11380.1 ms
Mesh with 32924644 polygons 65860764 edges and 0 barrier-edge tips.
Done!
Time to generate Triangulation: 124410 ms
Time to label max edges 26538.3 ms
Time to label frontier edges 8318.26 ms
Time to label seed edges 11380.1 ms
Time to label total46236.6 ms
Time to traversal and repair 11723 ms
Time to traversal 11723 ms
Time to repair 0 ms
Time to generate polygonal mesh 57959.7 ms
Printing JSON file as uniform_32936121_CPU.json
output json in uniform_32936121_CPU.json
Tiempo de ejecución: 191.369 segundos

Mon 27 Mar 2023 05:33:48 PM -03
Ejecutando Polylla con tamaño 36132121
Generating points  
Generating triangles 
estimao 72240200 final 72240200
Constructing halfedges...
Constructing interior halfedges
0. aca 
1. aca 
2. aca 
3. aca 
Constructing exterior halfedges
Triangulation generation time: 125320
Creating Polylla...
Labered max edges in 28944.1 ms
Labeled frontier edges in 8167.21 ms
Labeled seed edges in 11306.8 ms
Mesh with 36120100 polygons 72252220 edges and 0 barrier-edge tips.
Done!
Time to generate Triangulation: 125320 ms
Time to label max edges 28944.1 ms
Time to label frontier edges 8167.21 ms
Time to label seed edges 11306.8 ms
Time to label total48418.1 ms
Time to traversal and repair 12394.3 ms
Time to traversal 12394.3 ms
Time to repair 0 ms
Time to generate polygonal mesh 60812.4 ms
Printing JSON file as uniform_36132121_CPU.json
output json in uniform_36132121_CPU.json
Tiempo de ejecución: 195.197 segundos

Mon 27 Mar 2023 05:37:03 PM -03
Ejecutando Polylla con tamaño 39325441
Generating points  
Generating triangles 
estimao 78625800 final 78625800
Constructing halfedges...
Constructing interior halfedges
0. aca 
1. aca 
2. aca 
3. aca 
Constructing exterior halfedges
Triangulation generation time: 142942
Creating Polylla...
Labered max edges in 31536.3 ms
Labeled frontier edges in 10104.6 ms
Labeled seed edges in 15396.4 ms
Mesh with 39312900 polygons 78638340 edges and 0 barrier-edge tips.
Done!
Time to generate Triangulation: 142942 ms
Time to label max edges 31536.3 ms
Time to label frontier edges 10104.6 ms
Time to label seed edges 15396.4 ms
Time to label total57037.3 ms
Time to traversal and repair 16078.4 ms
Time to traversal 16078.4 ms
Time to repair 0 ms
Time to generate polygonal mesh 73115.7 ms
Printing JSON file as uniform_39325441_CPU.json
output json in uniform_39325441_CPU.json
Tiempo de ejecución: 226.405 segundos

Mon 27 Mar 2023 05:40:49 PM -03
Ejecutando Polylla con tamaño 42510400
Generating points  
Generating triangles 
estimao 84994722 final 84994722
Constructing halfedges...
Constructing interior halfedges
0. aca 
1. aca 
2. aca 
3. aca 
Constructing exterior halfedges
Triangulation generation time: 189709
Creating Polylla...
Labered max edges in 34169.3 ms
Labeled frontier edges in 9643.86 ms
Labeled seed edges in 13261 ms
Mesh with 42497361 polygons 85007760 edges and 0 barrier-edge tips.
Done!
Time to generate Triangulation: 189709 ms
Time to label max edges 34169.3 ms
Time to label frontier edges 9643.86 ms
Time to label seed edges 13261 ms
Time to label total57074.1 ms
Time to traversal and repair 14033.7 ms
Time to traversal 14033.7 ms
Time to repair 0 ms
Time to generate polygonal mesh 71107.8 ms
Printing JSON file as uniform_42510400_CPU.json
output json in uniform_42510400_CPU.json
Tiempo de ejecución: 274.048 segundos

Mon 27 Mar 2023 05:45:24 PM -03
Ejecutando Polylla con tamaño 45711121
Generating points  
Generating triangles 
estimao 91395200 final 91395200
Constructing halfedges...
Constructing interior halfedges
0. aca 
1. aca 
2. aca 
3. aca 
Constructing exterior halfedges
Triangulation generation time: 168437
Creating Polylla...
Labered max edges in 39802.5 ms
Labeled frontier edges in 11811.2 ms
Labeled seed edges in 15848.3 ms
Mesh with 45697600 polygons 91408720 edges and 0 barrier-edge tips.
Done!
Time to generate Triangulation: 168437 ms
Time to label max edges 39802.5 ms
Time to label frontier edges 11811.2 ms
Time to label seed edges 15848.3 ms
Time to label total67462 ms
Time to traversal and repair 16674.3 ms
Time to traversal 16674.3 ms
Time to repair 0 ms
Time to generate polygonal mesh 84136.3 ms
Printing JSON file as uniform_45711121_CPU.json
output json in uniform_45711121_CPU.json
Tiempo de ejecución: 264.009 segundos

Mon 27 Mar 2023 05:49:48 PM -03
Ejecutando Polylla con tamaño 48902049
Generating points  
Generating triangles 
estimao 97776128 final 97776128
Constructing halfedges...
Constructing interior halfedges
0. aca 
1. aca 
2. aca 
3. aca 
Constructing exterior halfedges
Triangulation generation time: 179059
Creating Polylla...
Labered max edges in 39398 ms
Labeled frontier edges in 12389.4 ms
Labeled seed edges in 17066.5 ms
Mesh with 48888064 polygons 97790112 edges and 0 barrier-edge tips.
Done!
Time to generate Triangulation: 179059 ms
Time to label max edges 39398 ms
Time to label frontier edges 12389.4 ms
Time to label seed edges 17066.5 ms
Time to label total68853.9 ms
Time to traversal and repair 17471.1 ms
Time to traversal 17471.1 ms
Time to repair 0 ms
Time to generate polygonal mesh 86325 ms
Printing JSON file as uniform_48902049_CPU.json
output json in uniform_48902049_CPU.json
Tiempo de ejecución: 278.249 segundos

Mon 27 Mar 2023 05:54:26 PM -03
Ejecutando Polylla con tamaño 52099524
Generating points  
Generating triangles 
estimao 104170178 final 104170178
Constructing halfedges...
Constructing interior halfedges
0. aca 
1. aca 
2. aca 
3. aca 
Constructing exterior halfedges
Triangulation generation time: 211406
Creating Polylla...
Labered max edges in 42151.7 ms
Labeled frontier edges in 12396.1 ms
Labeled seed edges in 16761.8 ms
Mesh with 52085089 polygons 104184612 edges and 0 barrier-edge tips.
Done!
Time to generate Triangulation: 211406 ms
Time to label max edges 42151.7 ms
Time to label frontier edges 12396.1 ms
Time to label seed edges 16761.8 ms
Time to label total71309.6 ms
Time to traversal and repair 16836.1 ms
Time to traversal 16836.1 ms
Time to repair 0 ms
Time to generate polygonal mesh 88145.7 ms
Printing JSON file as uniform_52099524_CPU.json
output json in uniform_52099524_CPU.json
Tiempo de ejecución: 311.992 segundos

Mon 27 Mar 2023 05:59:38 PM -03
Ejecutando Polylla con tamaño 55294096
Generating points  
Generating triangles 
estimao 110558450 final 110558450
Constructing halfedges...
Constructing interior halfedges
0. aca 
1. aca 
2. aca 
3. aca 
Constructing exterior halfedges
Triangulation generation time: 219799
Creating Polylla...
Labered max edges in 44965.8 ms
Labeled frontier edges in 13027.6 ms
Labeled seed edges in 17178.1 ms
Mesh with 55279225 polygons 110573320 edges and 0 barrier-edge tips.
Done!
Time to generate Triangulation: 219799 ms
Time to label max edges 44965.8 ms
Time to label frontier edges 13027.6 ms
Time to label seed edges 17178.1 ms
Time to label total75171.5 ms
Time to traversal and repair 18268.6 ms
Time to traversal 18268.6 ms
Time to repair 0 ms
Time to generate polygonal mesh 93440.1 ms
Printing JSON file as uniform_55294096_CPU.json
output json in uniform_55294096_CPU.json
Tiempo de ejecución: 328.269 segundos

Mon 27 Mar 2023 06:05:06 PM -03
Ejecutando Polylla con tamaño 58476609
Generating points  
Generating triangles 
estimao 116922632 final 116922632
Constructing halfedges...
Constructing interior halfedges
0. aca 
1. aca 
2. aca 
3. aca 
Constructing exterior halfedges
Triangulation generation time: 252681
Creating Polylla...
Labered max edges in 49319.2 ms
Labeled frontier edges in 14440.6 ms
Labeled seed edges in 23301.6 ms
Mesh with 58461316 polygons 116937924 edges and 0 barrier-edge tips.
Done!
Time to generate Triangulation: 252681 ms
Time to label max edges 49319.2 ms
Time to label frontier edges 14440.6 ms
Time to label seed edges 23301.6 ms
Time to label total87061.4 ms
Time to traversal and repair 22427.8 ms
Time to traversal 22427.8 ms
Time to repair 0 ms
Time to generate polygonal mesh 109489 ms
Printing JSON file as uniform_58476609_CPU.json
output json in uniform_58476609_CPU.json
Tiempo de ejecución: 379.229 segundos

Mon 27 Mar 2023 06:11:25 PM -03
Ejecutando Polylla con tamaño 61669609
Generating points  
Generating triangles 
estimao 123307808 final 123307808
Constructing halfedges...
Constructing interior halfedges
0. aca 
1. aca 
2. aca 
3. aca 
Constructing exterior halfedges
Triangulation generation time: 240708
Creating Polylla...
Labered max edges in 49827.9 ms
Labeled frontier edges in 13952.1 ms
Labeled seed edges in 18840.5 ms
Mesh with 61653904 polygons 123323512 edges and 0 barrier-edge tips.
Done!
Time to generate Triangulation: 240708 ms
Time to label max edges 49827.9 ms
Time to label frontier edges 13952.1 ms
Time to label seed edges 18840.5 ms
Time to label total82620.5 ms
Time to traversal and repair 20190.1 ms
Time to traversal 20190.1 ms
Time to repair 0 ms
Time to generate polygonal mesh 102811 ms
Printing JSON file as uniform_61669609_CPU.json
output json in uniform_61669609_CPU.json
Tiempo de ejecución: 357.265 segundos

Mon 27 Mar 2023 06:17:23 PM -03
Ejecutando Polylla con tamaño 64866916
Generating points  
Generating triangles 
estimao 129701618 final 129701618
Constructing halfedges...
Constructing interior halfedges
0. aca 
1. aca 
2. aca 
3. aca 
Constructing exterior halfedges
Triangulation generation time: 250653
Creating Polylla...
Labered max edges in 54478.2 ms
Labeled frontier edges in 14571 ms
Labeled seed edges in 20208 ms
Mesh with 64850809 polygons 129717724 edges and 0 barrier-edge tips.
Done!
Time to generate Triangulation: 250653 ms
Time to label max edges 54478.2 ms
Time to label frontier edges 14571 ms
Time to label seed edges 20208 ms
Time to label total89257.2 ms
Time to traversal and repair 20688.2 ms
Time to traversal 20688.2 ms
Time to repair 0 ms
Time to generate polygonal mesh 109945 ms
Printing JSON file as uniform_64866916_CPU.json
output json in uniform_64866916_CPU.json
Tiempo de ejecución: 375.369 segundos

Mon 27 Mar 2023 06:23:38 PM -03
Ejecutando Polylla con tamaño 68062500
Generating points  
Generating triangles 
estimao 136092002 final 136092002
Constructing halfedges...
Constructing interior halfedges
0. aca 
1. aca 
2. aca 
3. aca 
Constructing exterior halfedges
Triangulation generation time: 253436
Creating Polylla...
Labered max edges in 54532.7 ms
Labeled frontier edges in 15273.8 ms
Labeled seed edges in 21171.3 ms
Mesh with 68046001 polygons 136108500 edges and 0 barrier-edge tips.
Done!
Time to generate Triangulation: 253436 ms
Time to label max edges 54532.7 ms
Time to label frontier edges 15273.8 ms
Time to label seed edges 21171.3 ms
Time to label total90977.8 ms
Time to traversal and repair 22533.4 ms
Time to traversal 22533.4 ms
Time to repair 0 ms
Time to generate polygonal mesh 113511 ms
Printing JSON file as uniform_68062500_CPU.json
output json in uniform_68062500_CPU.json
Tiempo de ejecución: 382.869 segundos

Mon 27 Mar 2023 06:30:01 PM -03
Ejecutando Polylla con tamaño 71250481
Generating points  
Generating triangles 
estimao 142467200 final 142467200
Constructing halfedges...
Constructing interior halfedges
0. aca 
1. aca 
2. aca 
3. aca 
Constructing exterior halfedges
Triangulation generation time: 275562
Creating Polylla...
Labered max edges in 56912.8 ms
Labeled frontier edges in 17933.6 ms
Labeled seed edges in 24567.8 ms
Mesh with 71233600 polygons 142484080 edges and 0 barrier-edge tips.
Done!
Time to generate Triangulation: 275562 ms
Time to label max edges 56912.8 ms
Time to label frontier edges 17933.6 ms
Time to label seed edges 24567.8 ms
Time to label total99414.2 ms
Time to traversal and repair 25503.6 ms
Time to traversal 25503.6 ms
Time to repair 0 ms
Time to generate polygonal mesh 124918 ms
Printing JSON file as uniform_71250481_CPU.json
output json in uniform_71250481_CPU.json
Tiempo de ejecución: 419.741 segundos

Mon 27 Mar 2023 06:37:01 PM -03
Ejecutando Polylla con tamaño 74459641
Generating points  
Generating triangles 
estimao 148884768 final 148884768
Constructing halfedges...
Constructing interior halfedges
0. aca 
1. aca 
2. aca 
3. aca 
Constructing exterior halfedges
Triangulation generation time: 304996
Creating Polylla...
Labered max edges in 60720.5 ms
Labeled frontier edges in 18835.1 ms
Labeled seed edges in 23847.1 ms
Mesh with 74442384 polygons 148902024 edges and 0 barrier-edge tips.
Done!
Time to generate Triangulation: 304996 ms
Time to label max edges 60720.5 ms
Time to label frontier edges 18835.1 ms
Time to label seed edges 23847.1 ms
Time to label total103403 ms
Time to traversal and repair 25022.7 ms
Time to traversal 25022.7 ms
Time to repair 0 ms
Time to generate polygonal mesh 128425 ms
Printing JSON file as uniform_74459641_CPU.json
output json in uniform_74459641_CPU.json
Tiempo de ejecución: 454.225 segundos

Mon 27 Mar 2023 06:44:35 PM -03
Ejecutando Polylla con tamaño 77651344
Generating points  
Generating triangles 
estimao 155267442 final 155267442
Constructing halfedges...
Constructing interior halfedges
0. aca 
1. aca 
2. aca 
3. aca 
Constructing exterior halfedges
Triangulation generation time: 323473
Creating Polylla...
Labered max edges in 65363.1 ms
Labeled frontier edges in 20680.7 ms
Labeled seed edges in 30456 ms
Mesh with 77633721 polygons 155285064 edges and 0 barrier-edge tips.
Done!
Time to generate Triangulation: 323473 ms
Time to label max edges 65363.1 ms
Time to label frontier edges 20680.7 ms
Time to label seed edges 30456 ms
Time to label total116500 ms
Time to traversal and repair 27815.5 ms
Time to traversal 27815.5 ms
Time to repair 0 ms
Time to generate polygonal mesh 144315 ms
Printing JSON file as uniform_77651344_CPU.json
output json in uniform_77651344_CPU.json
Tiempo de ejecución: 490.161 segundos

Mon 27 Mar 2023 06:52:45 PM -03
Ejecutando Polylla con tamaño 80838081
Generating points  
Generating triangles 
estimao 161640200 final 161640200
Constructing halfedges...
Constructing interior halfedges
0. aca 
1. aca 
2. aca 
3. aca 
Constructing exterior halfedges
Triangulation generation time: 335863
Creating Polylla...
Labered max edges in 65545.6 ms
Labeled frontier edges in 18169.2 ms
Labeled seed edges in 24665.4 ms
Mesh with 80820100 polygons 161658180 edges and 0 barrier-edge tips.
Done!
Time to generate Triangulation: 335863 ms
Time to label max edges 65545.6 ms
Time to label frontier edges 18169.2 ms
Time to label seed edges 24665.4 ms
Time to label total108380 ms
Time to traversal and repair 26184.6 ms
Time to traversal 26184.6 ms
Time to repair 0 ms
Time to generate polygonal mesh 134565 ms
Printing JSON file as uniform_80838081_CPU.json
output json in uniform_80838081_CPU.json
Tiempo de ejecución: 490.630 segundos

Mon 27 Mar 2023 07:00:56 PM -03
Ejecutando Polylla con tamaño 84033889
Generating points  
Generating triangles 
estimao 168031112 final 168031112
Constructing halfedges...
Constructing interior halfedges
0. aca 
1. aca 
2. aca 
3. aca 
Constructing exterior halfedges
Triangulation generation time: 336337
Creating Polylla...
Labered max edges in 70970.5 ms
Labeled frontier edges in 19939 ms
Labeled seed edges in 26069.3 ms
Mesh with 84015556 polygons 168049444 edges and 0 barrier-edge tips.
Done!
Time to generate Triangulation: 336337 ms
Time to label max edges 70970.5 ms
Time to label frontier edges 19939 ms
Time to label seed edges 26069.3 ms
Time to label total116979 ms
Time to traversal and repair 28170.9 ms
Time to traversal 28170.9 ms
Time to repair 0 ms
Time to generate polygonal mesh 145150 ms
Printing JSON file as uniform_84033889_CPU.json
output json in uniform_84033889_CPU.json
Tiempo de ejecución: 503.007 segundos

Mon 27 Mar 2023 07:09:19 PM -03
Ejecutando Polylla con tamaño 87216921
Generating points  
Generating triangles 
estimao 174396488 final 174396488
Constructing halfedges...
Constructing interior halfedges
0. aca 
1. aca 
2. aca 
3. aca 
Constructing exterior halfedges
Triangulation generation time: 375736
Creating Polylla...
Labered max edges in 70814.3 ms
Labeled frontier edges in 20666.1 ms
Labeled seed edges in 26584.5 ms
Mesh with 87198244 polygons 174415164 edges and 0 barrier-edge tips.
Done!
Time to generate Triangulation: 375736 ms
Time to label max edges 70814.3 ms
Time to label frontier edges 20666.1 ms
Time to label seed edges 26584.5 ms
Time to label total118065 ms
Time to traversal and repair 27944.6 ms
Time to traversal 27944.6 ms
Time to repair 0 ms
Time to generate polygonal mesh 146009 ms
Printing JSON file as uniform_87216921_CPU.json
output json in uniform_87216921_CPU.json
Tiempo de ejecución: 546.077 segundos

Mon 27 Mar 2023 07:18:25 PM -03
Ejecutando Polylla con tamaño 90421081
Generating points  
Generating triangles 
estimao 180804128 final 180804128
Constructing halfedges...
Constructing interior halfedges
0. aca 
1. aca 
2. aca 
3. aca 
Constructing exterior halfedges
Triangulation generation time: 368165
Creating Polylla...
Labered max edges in 74287.1 ms
Labeled frontier edges in 20498.4 ms
Labeled seed edges in 28216.7 ms
Mesh with 90402064 polygons 180823144 edges and 0 barrier-edge tips.
Done!
Time to generate Triangulation: 368165 ms
Time to label max edges 74287.1 ms
Time to label frontier edges 20498.4 ms
Time to label seed edges 28216.7 ms
Time to label total123002 ms
Time to traversal and repair 29054.9 ms
Time to traversal 29054.9 ms
Time to repair 0 ms
Time to generate polygonal mesh 152057 ms
Printing JSON file as uniform_90421081_CPU.json
output json in uniform_90421081_CPU.json
Tiempo de ejecución: 543.489 segundos

Mon 27 Mar 2023 07:27:28 PM -03
Ejecutando Polylla con tamaño 93605625
Generating points  
Generating triangles 
estimao 187172552 final 187172552
Constructing halfedges...
Constructing interior halfedges
0. aca 
1. aca 
2. aca 
3. aca 
Constructing exterior halfedges
Triangulation generation time: 379694
Creating Polylla...
Labered max edges in 75401 ms
Labeled frontier edges in 22331.5 ms
Labeled seed edges in 31690.2 ms
Mesh with 93586276 polygons 187191900 edges and 0 barrier-edge tips.
Done!
Time to generate Triangulation: 379694 ms
Time to label max edges 75401 ms
Time to label frontier edges 22331.5 ms
Time to label seed edges 31690.2 ms
Time to label total129423 ms
Time to traversal and repair 30128.4 ms
Time to traversal 30128.4 ms
Time to repair 0 ms
Time to generate polygonal mesh 159551 ms
Printing JSON file as uniform_93605625_CPU.json
output json in uniform_93605625_CPU.json
Tiempo de ejecución: 563.837 segundos

Mon 27 Mar 2023 07:36:52 PM -03
Ejecutando Polylla con tamaño 96805921
Generating points  
Generating triangles 
estimao 193572488 final 193572488
Constructing halfedges...
Constructing interior halfedges
0. aca 
1. aca 
2. aca 
3. aca 
Constructing exterior halfedges
Triangulation generation time: 429938
Creating Polylla...
Labered max edges in 81759.4 ms
Labeled frontier edges in 23467.6 ms
Labeled seed edges in 32277.9 ms
Mesh with 96786244 polygons 193592164 edges and 0 barrier-edge tips.
Done!
Time to generate Triangulation: 429938 ms
Time to label max edges 81759.4 ms
Time to label frontier edges 23467.6 ms
Time to label seed edges 32277.9 ms
Time to label total137505 ms
Time to traversal and repair 32409.6 ms
Time to traversal 32409.6 ms
Time to repair 0 ms
Time to generate polygonal mesh 169914 ms
Printing JSON file as uniform_96805921_CPU.json
output json in uniform_96805921_CPU.json
Tiempo de ejecución: 628.798 segundos

Mon 27 Mar 2023 07:47:21 PM -03
Ejecutando Polylla con tamaño 100000000
Generating points  
Generating triangles 
estimao 199960002 final 199960002
Constructing halfedges...
Constructing interior halfedges
0. aca 
1. aca 
2. aca 
3. aca 
Constructing exterior halfedges
Triangulation generation time: 393222
Creating Polylla...
Labered max edges in 81555.3 ms
Labeled frontier edges in 25972 ms
Labeled seed edges in 33135.2 ms
Mesh with 99980001 polygons 199980000 edges and 0 barrier-edge tips.
Done!
Time to generate Triangulation: 393222 ms
Time to label max edges 81555.3 ms
Time to label frontier edges 25972 ms
Time to label seed edges 33135.2 ms
Time to label total140663 ms
Time to traversal and repair 36676.3 ms
Time to traversal 36676.3 ms
Time to repair 0 ms
Time to generate polygonal mesh 177339 ms
Printing JSON file as uniform_100000000_CPU.json
output json in uniform_100000000_CPU.json
Tiempo de ejecución: 599.964 segundos

Mon 27 Mar 2023 07:57:21 PM -03
