Ejecutando Polylla con tamaño 75255625
Generating points  
Generating triangles 
Triangulation generation time: 363095
Creating Polylla...
Labered max edges in 63624.8 ms
Labeled frontier edges in 18447.8 ms
Labeled seed edges in 25090.5 ms
Mesh with 75238276 polygons 150493900 edges and 0 barrier-edge tips.
Done!
Time to generate Triangulation: 363095 ms
Time to label max edges 63624.8 ms
Time to label frontier edges 18447.8 ms
Time to label seed edges 25090.5 ms
Time to label total107163 ms
Time to traversal and repair 22120.1 ms
Time to traversal 22120.1 ms
Time to repair 0 ms
Time to generate polygonal mesh 129283 ms
Printing JSON file as uniform_75255625_CPU.json
output json in uniform_75255625_CPU.json
Tiempo de ejecución: 515.949 segundos
