Tiempo de ejecución: 6.175 segundos

Tiempo de ejecución: 24.269 segundos

Tiempo de ejecución: 45.361 segundos

Tiempo de ejecución: 65.732 segundos

Tiempo de ejecución: 79.405 segundos

Tiempo de ejecución: 100.950 segundos

Tiempo de ejecución: 120.612 segundos

Tiempo de ejecución: 138.221 segundos

Tiempo de ejecución: 163.148 segundos

Tiempo de ejecución: 196.017 segundos

Tiempo de ejecución: 227.444 segundos

Tiempo de ejecución: slurmstepd: error: Detected 1 oom-kill event(s) in StepId=35403.11 cgroup. Some of your processes may have been killed by the cgroup out-of-memory handler.
srun: error: nodeGPU01: task 0: Out Of Memory
92.305 segundos

Tiempo de ejecución: slurmstepd: error: Detected 1 oom-kill event(s) in StepId=35403.12 cgroup. Some of your processes may have been killed by the cgroup out-of-memory handler.
srun: error: nodeGPU01: task 0: Out Of Memory
94.173 segundos

Tiempo de ejecución: slurmstepd: error: Detected 1 oom-kill event(s) in StepId=35403.13 cgroup. Some of your processes may have been killed by the cgroup out-of-memory handler.
srun: error: nodeGPU01: task 0: Out Of Memory
100.625 segundos

Tiempo de ejecución: slurmstepd: error: Detected 1 oom-kill event(s) in StepId=35403.14 cgroup. Some of your processes may have been killed by the cgroup out-of-memory handler.
srun: error: nodeGPU01: task 0: Out Of Memory
89.008 segundos

Tiempo de ejecución: slurmstepd: error: Detected 1 oom-kill event(s) in StepId=35403.15 cgroup. Some of your processes may have been killed by the cgroup out-of-memory handler.
srun: error: nodeGPU01: task 0: Out Of Memory
74.101 segundos

Tiempo de ejecución: slurmstepd: error: Detected 1 oom-kill event(s) in StepId=35403.16 cgroup. Some of your processes may have been killed by the cgroup out-of-memory handler.
srun: error: nodeGPU01: task 0: Out Of Memory
80.817 segundos

Tiempo de ejecución: slurmstepd: error: Detected 1 oom-kill event(s) in StepId=35403.17 cgroup. Some of your processes may have been killed by the cgroup out-of-memory handler.
srun: error: nodeGPU01: task 0: Out Of Memory
87.209 segundos

Tiempo de ejecución: slurmstepd: error: Detected 1 oom-kill event(s) in StepId=35403.18 cgroup. Some of your processes may have been killed by the cgroup out-of-memory handler.
srun: error: nodeGPU01: task 0: Out Of Memory
95.284 segundos

Tiempo de ejecución: slurmstepd: error: Detected 1 oom-kill event(s) in StepId=35403.19 cgroup. Some of your processes may have been killed by the cgroup out-of-memory handler.
srun: error: nodeGPU01: task 0: Out Of Memory
77.252 segundos

Tiempo de ejecución: slurmstepd: error: Detected 1 oom-kill event(s) in StepId=35403.20 cgroup. Some of your processes may have been killed by the cgroup out-of-memory handler.
srun: error: nodeGPU01: task 0: Out Of Memory
75.401 segundos

Tiempo de ejecución: slurmstepd: error: Detected 1 oom-kill event(s) in StepId=35403.21 cgroup. Some of your processes may have been killed by the cgroup out-of-memory handler.
srun: error: nodeGPU01: task 0: Out Of Memory
78.241 segundos

Tiempo de ejecución: slurmstepd: error: Detected 1 oom-kill event(s) in StepId=35403.22 cgroup. Some of your processes may have been killed by the cgroup out-of-memory handler.
srun: error: nodeGPU01: task 0: Out Of Memory
74.453 segundos

Tiempo de ejecución: slurmstepd: error: Detected 1 oom-kill event(s) in StepId=35403.23 cgroup. Some of your processes may have been killed by the cgroup out-of-memory handler.
srun: error: nodeGPU01: task 0: Out Of Memory
91.836 segundos

Tiempo de ejecución: slurmstepd: error: Detected 1 oom-kill event(s) in StepId=35403.24 cgroup. Some of your processes may have been killed by the cgroup out-of-memory handler.
srun: error: nodeGPU01: task 0: Out Of Memory
73.529 segundos

Tiempo de ejecución: slurmstepd: error: Detected 1 oom-kill event(s) in StepId=35403.25 cgroup. Some of your processes may have been killed by the cgroup out-of-memory handler.
srun: error: nodeGPU01: task 0: Out Of Memory
87.209 segundos

Tiempo de ejecución: slurmstepd: error: Detected 1 oom-kill event(s) in StepId=35403.26 cgroup. Some of your processes may have been killed by the cgroup out-of-memory handler.
srun: error: nodeGPU01: task 0: Out Of Memory
69.093 segundos

Tiempo de ejecución: slurmstepd: error: Detected 1 oom-kill event(s) in StepId=35403.27 cgroup. Some of your processes may have been killed by the cgroup out-of-memory handler.
srun: error: nodeGPU01: task 0: Out Of Memory
72.888 segundos

Tiempo de ejecución: slurmstepd: error: Detected 1 oom-kill event(s) in StepId=35403.28 cgroup. Some of your processes may have been killed by the cgroup out-of-memory handler.
srun: error: nodeGPU01: task 0: Out Of Memory
65.221 segundos

Tiempo de ejecución: slurmstepd: error: Detected 1 oom-kill event(s) in StepId=35403.29 cgroup. Some of your processes may have been killed by the cgroup out-of-memory handler.
srun: error: nodeGPU01: task 0: Out Of Memory
63.669 segundos

Tiempo de ejecución: slurmstepd: error: Detected 1 oom-kill event(s) in StepId=35403.30 cgroup. Some of your processes may have been killed by the cgroup out-of-memory handler.
srun: error: nodeGPU01: task 0: Out Of Memory
64.985 segundos

Tiempo de ejecución: slurmstepd: error: Detected 1 oom-kill event(s) in StepId=35403.31 cgroup. Some of your processes may have been killed by the cgroup out-of-memory handler.
srun: error: nodeGPU01: task 0: Out Of Memory
54.216 segundos

slurmstepd: error: Detected 21 oom-kill event(s) in StepId=35403.batch cgroup. Some of your processes may have been killed by the cgroup out-of-memory handler.
