Thu 23 Mar 2023 05:47:07 PM -03
Start: 1000000, End: 100000000, Intervalo: 3193548, Diferencia: 99000000, NSAMPLES: 31
Valores: 1000000 4194304 7387524 10582009 13771521 16966161 20160100 23357889 26553409 29746116 32936121 36132121 39325441 42510400 45711121 48902049 52099524 55294096 58476609 61669609 64866916 68062500 71250481 74459641 77651344 80838081 84033889 87216921 90421081 93605625 96805921 100000000
Thu 23 Mar 2023 05:47:07 PM -03
Ejecutando Polylla con tamaño 1000000
Generating points  
Generating triangles 
Triangulation generation time: 3648.94
Creating Polylla...
Labered max edges in 783.128 ms
Labeled frontier edges in 235.22 ms
Labeled seed edges in 303.605 ms
Mesh with 998001 polygons 1998000 edges and 0 barrier-edge tips.
Done!
Time to generate Triangulation: 3648.94 ms
Time to label max edges 783.128 ms
Time to label frontier edges 235.22 ms
Time to label seed edges 303.605 ms
Time to label total1321.95 ms
Time to traversal and repair 218.397 ms
Time to traversal 218.397 ms
Time to repair 0 ms
Time to generate polygonal mesh 1540.35 ms
Printing JSON file as uniform_1000000_CPU.json
output json in uniform_1000000_CPU.json
Tiempo de ejecución: 6.175 segundos

Thu 23 Mar 2023 05:47:13 PM -03
Ejecutando Polylla con tamaño 4194304
Generating points  
Generating triangles 
Triangulation generation time: 15711.9
Creating Polylla...
Labered max edges in 3421.18 ms
Labeled frontier edges in 908.209 ms
Labeled seed edges in 1269.25 ms
Mesh with 4190209 polygons 8384512 edges and 0 barrier-edge tips.
Done!
Time to generate Triangulation: 15711.9 ms
Time to label max edges 3421.18 ms
Time to label frontier edges 908.209 ms
Time to label seed edges 1269.25 ms
Time to label total5598.63 ms
Time to traversal and repair 1018.51 ms
Time to traversal 1018.51 ms
Time to repair 0 ms
Time to generate polygonal mesh 6617.15 ms
Printing JSON file as uniform_4194304_CPU.json
output json in uniform_4194304_CPU.json
Tiempo de ejecución: 24.269 segundos

Thu 23 Mar 2023 05:47:37 PM -03
Ejecutando Polylla con tamaño 7387524
Generating points  
Generating triangles 
Triangulation generation time: 31084.6
Creating Polylla...
Labered max edges in 5844.84 ms
Labeled frontier edges in 1625.95 ms
Labeled seed edges in 2265.17 ms
Mesh with 7382089 polygons 14769612 edges and 0 barrier-edge tips.
Done!
Time to generate Triangulation: 31084.6 ms
Time to label max edges 5844.84 ms
Time to label frontier edges 1625.95 ms
Time to label seed edges 2265.17 ms
Time to label total9735.96 ms
Time to traversal and repair 1979.63 ms
Time to traversal 1979.63 ms
Time to repair 0 ms
Time to generate polygonal mesh 11715.6 ms
Printing JSON file as uniform_7387524_CPU.json
output json in uniform_7387524_CPU.json
Tiempo de ejecución: 45.361 segundos

Thu 23 Mar 2023 05:48:23 PM -03
Ejecutando Polylla con tamaño 10582009
Generating points  
Generating triangles 
Triangulation generation time: 45601.8
Creating Polylla...
Labered max edges in 8866.8 ms
Labeled frontier edges in 2342.49 ms
Labeled seed edges in 3157.02 ms
Mesh with 10575504 polygons 21157512 edges and 0 barrier-edge tips.
Done!
Time to generate Triangulation: 45601.8 ms
Time to label max edges 8866.8 ms
Time to label frontier edges 2342.49 ms
Time to label seed edges 3157.02 ms
Time to label total14366.3 ms
Time to traversal and repair 2398.84 ms
Time to traversal 2398.84 ms
Time to repair 0 ms
Time to generate polygonal mesh 16765.1 ms
Printing JSON file as uniform_10582009_CPU.json
output json in uniform_10582009_CPU.json
Tiempo de ejecución: 65.732 segundos

Thu 23 Mar 2023 05:49:28 PM -03
Ejecutando Polylla con tamaño 13771521
Generating points  
Generating triangles 
Triangulation generation time: 54376.9
Creating Polylla...
Labered max edges in 10918.4 ms
Labeled frontier edges in 3073.43 ms
Labeled seed edges in 4150.44 ms
Mesh with 13764100 polygons 27535620 edges and 0 barrier-edge tips.
Done!
Time to generate Triangulation: 54376.9 ms
Time to label max edges 10918.4 ms
Time to label frontier edges 3073.43 ms
Time to label seed edges 4150.44 ms
Time to label total18142.2 ms
Time to traversal and repair 3169 ms
Time to traversal 3169 ms
Time to repair 0 ms
Time to generate polygonal mesh 21311.2 ms
Printing JSON file as uniform_13771521_CPU.json
output json in uniform_13771521_CPU.json
Tiempo de ejecución: 79.405 segundos

Thu 23 Mar 2023 05:50:48 PM -03
Ejecutando Polylla con tamaño 16966161
Generating points  
Generating triangles 
Triangulation generation time: 69114.1
Creating Polylla...
Labered max edges in 13927.3 ms
Labeled frontier edges in 4123.4 ms
Labeled seed edges in 5076.26 ms
Mesh with 16957924 polygons 33924084 edges and 0 barrier-edge tips.
Done!
Time to generate Triangulation: 69114.1 ms
Time to label max edges 13927.3 ms
Time to label frontier edges 4123.4 ms
Time to label seed edges 5076.26 ms
Time to label total23126.9 ms
Time to traversal and repair 3903.32 ms
Time to traversal 3903.32 ms
Time to repair 0 ms
Time to generate polygonal mesh 27030.3 ms
Printing JSON file as uniform_16966161_CPU.json
output json in uniform_16966161_CPU.json
Tiempo de ejecución: 100.950 segundos

Thu 23 Mar 2023 05:52:29 PM -03
Ejecutando Polylla con tamaño 20160100
Generating points  
Generating triangles 
Triangulation generation time: 83298.1
Creating Polylla...
Labered max edges in 16092.9 ms
Labeled frontier edges in 4995.28 ms
Labeled seed edges in 6029.84 ms
Mesh with 20151121 polygons 40311220 edges and 0 barrier-edge tips.
Done!
Time to generate Triangulation: 83298.1 ms
Time to label max edges 16092.9 ms
Time to label frontier edges 4995.28 ms
Time to label seed edges 6029.84 ms
Time to label total27118.1 ms
Time to traversal and repair 4569.49 ms
Time to traversal 4569.49 ms
Time to repair 0 ms
Time to generate polygonal mesh 31687.6 ms
Printing JSON file as uniform_20160100_CPU.json
output json in uniform_20160100_CPU.json
Tiempo de ejecución: 120.612 segundos

Thu 23 Mar 2023 05:54:29 PM -03
Ejecutando Polylla con tamaño 23357889
Generating points  
Generating triangles 
Triangulation generation time: 95619.2
Creating Polylla...
Labered max edges in 18506.3 ms
Labeled frontier edges in 5457.05 ms
Labeled seed edges in 7129.08 ms
Mesh with 23348224 polygons 46706112 edges and 0 barrier-edge tips.
Done!
Time to generate Triangulation: 95619.2 ms
Time to label max edges 18506.3 ms
Time to label frontier edges 5457.05 ms
Time to label seed edges 7129.08 ms
Time to label total31092.4 ms
Time to traversal and repair 5632.66 ms
Time to traversal 5632.66 ms
Time to repair 0 ms
Time to generate polygonal mesh 36725.1 ms
Printing JSON file as uniform_23357889_CPU.json
output json in uniform_23357889_CPU.json
Tiempo de ejecución: 138.221 segundos

Thu 23 Mar 2023 05:56:48 PM -03
Ejecutando Polylla con tamaño 26553409
Generating points  
Generating triangles 
Triangulation generation time: 113499
Creating Polylla...
Labered max edges in 21450.3 ms
Labeled frontier edges in 5895.85 ms
Labeled seed edges in 8150.32 ms
Mesh with 26543104 polygons 53096512 edges and 0 barrier-edge tips.
Done!
Time to generate Triangulation: 113499 ms
Time to label max edges 21450.3 ms
Time to label frontier edges 5895.85 ms
Time to label seed edges 8150.32 ms
Time to label total35496.4 ms
Time to traversal and repair 6501.35 ms
Time to traversal 6501.35 ms
Time to repair 0 ms
Time to generate polygonal mesh 41997.8 ms
Printing JSON file as uniform_26553409_CPU.json
output json in uniform_26553409_CPU.json
Tiempo de ejecución: 163.148 segundos

Thu 23 Mar 2023 05:59:31 PM -03
Ejecutando Polylla con tamaño 29746116
Generating points  
Generating triangles 
Triangulation generation time: 139557
Creating Polylla...
Labered max edges in 24171 ms
Labeled frontier edges in 7216.82 ms
Labeled seed edges in 9243.69 ms
Mesh with 29735209 polygons 59481324 edges and 0 barrier-edge tips.
Done!
Time to generate Triangulation: 139557 ms
Time to label max edges 24171 ms
Time to label frontier edges 7216.82 ms
Time to label seed edges 9243.69 ms
Time to label total40631.5 ms
Time to traversal and repair 7584.1 ms
Time to traversal 7584.1 ms
Time to repair 0 ms
Time to generate polygonal mesh 48215.6 ms
Printing JSON file as uniform_29746116_CPU.json
output json in uniform_29746116_CPU.json
Tiempo de ejecución: 196.017 segundos

Thu 23 Mar 2023 06:02:47 PM -03
Ejecutando Polylla con tamaño 32936121
Generating points  
Generating triangles 
Triangulation generation time: 163021
Creating Polylla...
Labered max edges in 26153.8 ms
Labeled frontier edges in 8726.91 ms
Labeled seed edges in 10114 ms
Mesh with 32924644 polygons 65860764 edges and 0 barrier-edge tips.
Done!
Time to generate Triangulation: 163021 ms
Time to label max edges 26153.8 ms
Time to label frontier edges 8726.91 ms
Time to label seed edges 10114 ms
Time to label total44994.7 ms
Time to traversal and repair 9057.89 ms
Time to traversal 9057.89 ms
Time to repair 0 ms
Time to generate polygonal mesh 54052.6 ms
Printing JSON file as uniform_32936121_CPU.json
output json in uniform_32936121_CPU.json
Tiempo de ejecución: 227.444 segundos

Thu 23 Mar 2023 06:06:34 PM -03
Ejecutando Polylla con tamaño 36132121
Generating points  
Generating triangles 
Tiempo de ejecución: slurmstepd: error: Detected 1 oom-kill event(s) in StepId=35403.11 cgroup. Some of your processes may have been killed by the cgroup out-of-memory handler.
srun: error: nodeGPU01: task 0: Out Of Memory
92.305 segundos

Thu 23 Mar 2023 06:08:07 PM -03
Ejecutando Polylla con tamaño 39325441
Generating points  
Generating triangles 
Tiempo de ejecución: slurmstepd: error: Detected 1 oom-kill event(s) in StepId=35403.12 cgroup. Some of your processes may have been killed by the cgroup out-of-memory handler.
srun: error: nodeGPU01: task 0: Out Of Memory
94.173 segundos

Thu 23 Mar 2023 06:09:41 PM -03
Ejecutando Polylla con tamaño 42510400
Generating points  
Generating triangles 
Tiempo de ejecución: slurmstepd: error: Detected 1 oom-kill event(s) in StepId=35403.13 cgroup. Some of your processes may have been killed by the cgroup out-of-memory handler.
srun: error: nodeGPU01: task 0: Out Of Memory
100.625 segundos

Thu 23 Mar 2023 06:11:21 PM -03
Ejecutando Polylla con tamaño 45711121
Generating points  
Generating triangles 
Tiempo de ejecución: slurmstepd: error: Detected 1 oom-kill event(s) in StepId=35403.14 cgroup. Some of your processes may have been killed by the cgroup out-of-memory handler.
srun: error: nodeGPU01: task 0: Out Of Memory
89.008 segundos

Thu 23 Mar 2023 06:12:50 PM -03
Ejecutando Polylla con tamaño 48902049
Generating points  
Generating triangles 
Tiempo de ejecución: slurmstepd: error: Detected 1 oom-kill event(s) in StepId=35403.15 cgroup. Some of your processes may have been killed by the cgroup out-of-memory handler.
srun: error: nodeGPU01: task 0: Out Of Memory
74.101 segundos

Thu 23 Mar 2023 06:14:04 PM -03
Ejecutando Polylla con tamaño 52099524
Generating points  
Generating triangles 
Tiempo de ejecución: slurmstepd: error: Detected 1 oom-kill event(s) in StepId=35403.16 cgroup. Some of your processes may have been killed by the cgroup out-of-memory handler.
srun: error: nodeGPU01: task 0: Out Of Memory
80.817 segundos

Thu 23 Mar 2023 06:15:25 PM -03
Ejecutando Polylla con tamaño 55294096
Generating points  
Generating triangles 
Tiempo de ejecución: slurmstepd: error: Detected 1 oom-kill event(s) in StepId=35403.17 cgroup. Some of your processes may have been killed by the cgroup out-of-memory handler.
srun: error: nodeGPU01: task 0: Out Of Memory
87.209 segundos

Thu 23 Mar 2023 06:16:52 PM -03
Ejecutando Polylla con tamaño 58476609
Generating points  
Generating triangles 
Tiempo de ejecución: slurmstepd: error: Detected 1 oom-kill event(s) in StepId=35403.18 cgroup. Some of your processes may have been killed by the cgroup out-of-memory handler.
srun: error: nodeGPU01: task 0: Out Of Memory
95.284 segundos

Thu 23 Mar 2023 06:18:28 PM -03
Ejecutando Polylla con tamaño 61669609
Generating points  
Generating triangles 
Tiempo de ejecución: slurmstepd: error: Detected 1 oom-kill event(s) in StepId=35403.19 cgroup. Some of your processes may have been killed by the cgroup out-of-memory handler.
srun: error: nodeGPU01: task 0: Out Of Memory
77.252 segundos

Thu 23 Mar 2023 06:19:45 PM -03
Ejecutando Polylla con tamaño 64866916
Generating points  
Generating triangles 
Tiempo de ejecución: slurmstepd: error: Detected 1 oom-kill event(s) in StepId=35403.20 cgroup. Some of your processes may have been killed by the cgroup out-of-memory handler.
srun: error: nodeGPU01: task 0: Out Of Memory
75.401 segundos

Thu 23 Mar 2023 06:21:00 PM -03
Ejecutando Polylla con tamaño 68062500
Generating points  
Generating triangles 
Tiempo de ejecución: slurmstepd: error: Detected 1 oom-kill event(s) in StepId=35403.21 cgroup. Some of your processes may have been killed by the cgroup out-of-memory handler.
srun: error: nodeGPU01: task 0: Out Of Memory
78.241 segundos

Thu 23 Mar 2023 06:22:19 PM -03
Ejecutando Polylla con tamaño 71250481
Generating points  
Generating triangles 
Tiempo de ejecución: slurmstepd: error: Detected 1 oom-kill event(s) in StepId=35403.22 cgroup. Some of your processes may have been killed by the cgroup out-of-memory handler.
srun: error: nodeGPU01: task 0: Out Of Memory
74.453 segundos

Thu 23 Mar 2023 06:23:33 PM -03
Ejecutando Polylla con tamaño 74459641
Generating points  
Generating triangles 
Tiempo de ejecución: slurmstepd: error: Detected 1 oom-kill event(s) in StepId=35403.23 cgroup. Some of your processes may have been killed by the cgroup out-of-memory handler.
srun: error: nodeGPU01: task 0: Out Of Memory
91.836 segundos

Thu 23 Mar 2023 06:25:05 PM -03
Ejecutando Polylla con tamaño 77651344
Generating points  
Generating triangles 
Tiempo de ejecución: slurmstepd: error: Detected 1 oom-kill event(s) in StepId=35403.24 cgroup. Some of your processes may have been killed by the cgroup out-of-memory handler.
srun: error: nodeGPU01: task 0: Out Of Memory
73.529 segundos

Thu 23 Mar 2023 06:26:18 PM -03
Ejecutando Polylla con tamaño 80838081
Generating points  
Generating triangles 
Tiempo de ejecución: slurmstepd: error: Detected 1 oom-kill event(s) in StepId=35403.25 cgroup. Some of your processes may have been killed by the cgroup out-of-memory handler.
srun: error: nodeGPU01: task 0: Out Of Memory
87.209 segundos

Thu 23 Mar 2023 06:27:46 PM -03
Ejecutando Polylla con tamaño 84033889
Generating points  
Generating triangles 
Tiempo de ejecución: slurmstepd: error: Detected 1 oom-kill event(s) in StepId=35403.26 cgroup. Some of your processes may have been killed by the cgroup out-of-memory handler.
srun: error: nodeGPU01: task 0: Out Of Memory
69.093 segundos

Thu 23 Mar 2023 06:28:55 PM -03
Ejecutando Polylla con tamaño 87216921
Generating points  
Generating triangles 
Tiempo de ejecución: slurmstepd: error: Detected 1 oom-kill event(s) in StepId=35403.27 cgroup. Some of your processes may have been killed by the cgroup out-of-memory handler.
srun: error: nodeGPU01: task 0: Out Of Memory
72.888 segundos

Thu 23 Mar 2023 06:30:08 PM -03
Ejecutando Polylla con tamaño 90421081
Generating points  
Generating triangles 
Tiempo de ejecución: slurmstepd: error: Detected 1 oom-kill event(s) in StepId=35403.28 cgroup. Some of your processes may have been killed by the cgroup out-of-memory handler.
srun: error: nodeGPU01: task 0: Out Of Memory
65.221 segundos

Thu 23 Mar 2023 06:31:13 PM -03
Ejecutando Polylla con tamaño 93605625
Generating points  
Generating triangles 
Tiempo de ejecución: slurmstepd: error: Detected 1 oom-kill event(s) in StepId=35403.29 cgroup. Some of your processes may have been killed by the cgroup out-of-memory handler.
srun: error: nodeGPU01: task 0: Out Of Memory
63.669 segundos

Thu 23 Mar 2023 06:32:17 PM -03
Ejecutando Polylla con tamaño 96805921
Generating points  
Generating triangles 
Tiempo de ejecución: slurmstepd: error: Detected 1 oom-kill event(s) in StepId=35403.30 cgroup. Some of your processes may have been killed by the cgroup out-of-memory handler.
srun: error: nodeGPU01: task 0: Out Of Memory
64.985 segundos

Thu 23 Mar 2023 06:33:22 PM -03
Ejecutando Polylla con tamaño 100000000
Generating points  
Generating triangles 
Tiempo de ejecución: slurmstepd: error: Detected 1 oom-kill event(s) in StepId=35403.31 cgroup. Some of your processes may have been killed by the cgroup out-of-memory handler.
srun: error: nodeGPU01: task 0: Out Of Memory
54.216 segundos

Thu 23 Mar 2023 06:34:16 PM -03
