Ejecutando Polylla con tamaño 25745476
Generating points  
Generating triangles 
Triangulation generation time: 123907
Creating Polylla...
Labered max edges in 21312.5 ms
Labeled frontier edges in 6540.96 ms
Labeled seed edges in 8326.92 ms
Mesh with 25735329 polygons 51480804 edges and 0 barrier-edge tips.
Done!
Time to generate Triangulation: 123907 ms
Time to label max edges 21312.5 ms
Time to label frontier edges 6540.96 ms
Time to label seed edges 8326.92 ms
Time to label total36180.4 ms
Time to traversal and repair 6916.17 ms
Time to traversal 6916.17 ms
Time to repair 0 ms
Time to generate polygonal mesh 43096.6 ms
Printing JSON file as uniform_25745476_CPU.json
output json in uniform_25745476_CPU.json
Tiempo de ejecución: 176.403 segundos
