Ejecutando Polylla con tamaño 100000000
Generating points  
Generating triangles 
Triangulation generation time: 642977
Creating Polylla...
Labered max edges in 85444.6 ms
Labeled frontier edges in 26744.9 ms
Labeled seed edges in 35628.6 ms
Mesh with 99980001 polygons 199980000 edges and 0 barrier-edge tips.
Done!
Time to generate Triangulation: 642977 ms
Time to label max edges 85444.6 ms
Time to label frontier edges 26744.9 ms
Time to label seed edges 35628.6 ms
Time to label total147818 ms
Time to traversal and repair 25977.2 ms
Time to traversal 25977.2 ms
Time to repair 0 ms
Time to generate polygonal mesh 173795 ms
Printing JSON file as uniform_100000000_CPU.json
output json in uniform_100000000_CPU.json
Tiempo de ejecución: 856.979 segundos
