Tiempo de ejecución: 5.861 segundos

Tiempo de ejecución: 22.665 segundos

Tiempo de ejecución: 44.127 segundos

Tiempo de ejecución: 62.089 segundos

Tiempo de ejecución: 75.081 segundos

Tiempo de ejecución: 93.509 segundos

Tiempo de ejecución: 112.376 segundos

Tiempo de ejecución: 131.077 segundos

Tiempo de ejecución: 150.841 segundos

Tiempo de ejecución: 179.661 segundos

Tiempo de ejecución: 200.545 segundos

Tiempo de ejecución: slurmstepd: error: Detected 1 oom-kill event(s) in StepId=35399.11 cgroup. Some of your processes may have been killed by the cgroup out-of-memory handler.
srun: error: nodeGPU01: task 0: Out Of Memory
87.845 segundos

Tiempo de ejecución: slurmstepd: error: Detected 1 oom-kill event(s) in StepId=35399.12 cgroup. Some of your processes may have been killed by the cgroup out-of-memory handler.
srun: error: nodeGPU01: task 0: Out Of Memory
86.164 segundos

Tiempo de ejecución: slurmstepd: error: Detected 1 oom-kill event(s) in StepId=35399.13 cgroup. Some of your processes may have been killed by the cgroup out-of-memory handler.
srun: error: nodeGPU01: task 0: Out Of Memory
97.396 segundos

Tiempo de ejecución: slurmstepd: error: Detected 1 oom-kill event(s) in StepId=35399.14 cgroup. Some of your processes may have been killed by the cgroup out-of-memory handler.
srun: error: nodeGPU01: task 0: Out Of Memory
85.921 segundos

Tiempo de ejecución: slurmstepd: error: Detected 1 oom-kill event(s) in StepId=35399.15 cgroup. Some of your processes may have been killed by the cgroup out-of-memory handler.
srun: error: nodeGPU01: task 0: Out Of Memory
70.437 segundos

Tiempo de ejecución: slurmstepd: error: Detected 1 oom-kill event(s) in StepId=35399.16 cgroup. Some of your processes may have been killed by the cgroup out-of-memory handler.
srun: error: nodeGPU01: task 0: Out Of Memory
80.116 segundos

Tiempo de ejecución: slurmstepd: error: Detected 1 oom-kill event(s) in StepId=35399.17 cgroup. Some of your processes may have been killed by the cgroup out-of-memory handler.
srun: error: nodeGPU01: task 0: Out Of Memory
82.765 segundos

Tiempo de ejecución: slurmstepd: error: Detected 1 oom-kill event(s) in StepId=35399.18 cgroup. Some of your processes may have been killed by the cgroup out-of-memory handler.
srun: error: nodeGPU01: task 0: Out Of Memory
86.125 segundos

Tiempo de ejecución: slurmstepd: error: Detected 1 oom-kill event(s) in StepId=35399.19 cgroup. Some of your processes may have been killed by the cgroup out-of-memory handler.
srun: error: nodeGPU01: task 0: Out Of Memory
76.376 segundos

Tiempo de ejecución: slurmstepd: error: Detected 1 oom-kill event(s) in StepId=35399.20 cgroup. Some of your processes may have been killed by the cgroup out-of-memory handler.
srun: error: nodeGPU01: task 0: Out Of Memory
73.429 segundos

Tiempo de ejecución: slurmstepd: error: Detected 1 oom-kill event(s) in StepId=35399.21 cgroup. Some of your processes may have been killed by the cgroup out-of-memory handler.
srun: error: nodeGPU01: task 0: Out Of Memory
73.617 segundos

Tiempo de ejecución: slurmstepd: error: Detected 1 oom-kill event(s) in StepId=35399.22 cgroup. Some of your processes may have been killed by the cgroup out-of-memory handler.
srun: error: nodeGPU01: task 0: Out Of Memory
69.745 segundos

Tiempo de ejecución: slurmstepd: error: Detected 1 oom-kill event(s) in StepId=35399.23 cgroup. Some of your processes may have been killed by the cgroup out-of-memory handler.
srun: error: nodeGPU01: task 0: Out Of Memory
77.004 segundos

Tiempo de ejecución: slurmstepd: error: Detected 1 oom-kill event(s) in StepId=35399.24 cgroup. Some of your processes may have been killed by the cgroup out-of-memory handler.
srun: error: nodeGPU01: task 0: Out Of Memory
71.137 segundos

Tiempo de ejecución: slurmstepd: error: Detected 1 oom-kill event(s) in StepId=35399.25 cgroup. Some of your processes may have been killed by the cgroup out-of-memory handler.
srun: error: nodeGPU01: task 0: Out Of Memory
74.393 segundos

Tiempo de ejecución: slurmstepd: error: Detected 1 oom-kill event(s) in StepId=35399.26 cgroup. Some of your processes may have been killed by the cgroup out-of-memory handler.
srun: error: nodeGPU01: task 0: Out Of Memory
70.917 segundos

Tiempo de ejecución: slurmstepd: error: Detected 1 oom-kill event(s) in StepId=35399.27 cgroup. Some of your processes may have been killed by the cgroup out-of-memory handler.
srun: error: nodeGPU01: task 0: Out Of Memory
74.561 segundos

Tiempo de ejecución: slurmstepd: error: Detected 1 oom-kill event(s) in StepId=35399.28 cgroup. Some of your processes may have been killed by the cgroup out-of-memory handler.
srun: error: nodeGPU01: task 0: Out Of Memory
69.125 segundos

Tiempo de ejecución: slurmstepd: error: Detected 1 oom-kill event(s) in StepId=35399.29 cgroup. Some of your processes may have been killed by the cgroup out-of-memory handler.
srun: error: nodeGPU01: task 0: Out Of Memory
66.381 segundos

Tiempo de ejecución: slurmstepd: error: Detected 1 oom-kill event(s) in StepId=35399.30 cgroup. Some of your processes may have been killed by the cgroup out-of-memory handler.
srun: error: nodeGPU01: task 0: Out Of Memory
69.169 segundos

Tiempo de ejecución: slurmstepd: error: Detected 1 oom-kill event(s) in StepId=35399.31 cgroup. Some of your processes may have been killed by the cgroup out-of-memory handler.
srun: error: nodeGPU01: task 0: Out Of Memory
59.821 segundos

slurmstepd: error: Detected 21 oom-kill event(s) in StepId=35399.batch cgroup. Some of your processes may have been killed by the cgroup out-of-memory handler.
