Ejecutando Polylla con tamaño 1000000
Generating points  
Generating triangles 
Triangulation generation time: 3441.75
Creating Polylla...
Labered max edges in 778.737 ms
Labeled frontier edges in 220.855 ms
Labeled seed edges in 327.431 ms
Mesh with 998001 polygons 1998000 edges and 0 barrier-edge tips.
Done!
Time to generate Triangulation: 3441.75 ms
Time to label max edges 778.737 ms
Time to label frontier edges 220.855 ms
Time to label seed edges 327.431 ms
Time to label total1327.02 ms
Time to traversal and repair 232.371 ms
Time to traversal 232.371 ms
Time to repair 0 ms
Time to generate polygonal mesh 1559.39 ms
Printing JSON file as uniform_1000000_CPU.json
output json in uniform_1000000_CPU.json
Tiempo de ejecución: 6.984 segundos
