Ejecutando Polylla con tamaño 75255625
Generating points  
Generating triangles 
Triangulation generation time: 476328
Creating Polylla...
Labered max edges in 61573 ms
Labeled frontier edges in 19717.8 ms
Labeled seed edges in 25913.4 ms
Mesh with 75238276 polygons 150493900 edges and 0 barrier-edge tips.
Done!
Time to generate Triangulation: 476328 ms
Time to label max edges 61573 ms
Time to label frontier edges 19717.8 ms
Time to label seed edges 25913.4 ms
Time to label total107204 ms
Time to traversal and repair 19642.3 ms
Time to traversal 19642.3 ms
Time to repair 0 ms
Time to generate polygonal mesh 126846 ms
Printing JSON file as uniform_75255625_CPU.json
output json in uniform_75255625_CPU.json
Tiempo de ejecución: 627.243 segundos
