Mon 27 Mar 2023 05:16:48 PM -03
Start: 1000000, End: 100000000, Intervalo: 3193548, Diferencia: 99000000, NSAMPLES: 31
Valores: 1000000 4194304 7387524 10582009 13771521 16966161 20160100 23357889 26553409 29746116 32936121 36132121 39325441 42510400 45711121 48902049 52099524 55294096 58476609 61669609 64866916 68062500 71250481 74459641 77651344 80838081 84033889 87216921 90421081 93605625 96805921 100000000
Mon 27 Mar 2023 05:16:48 PM -03
Ejecutando Polylla con tamaño 1000000
Generating points  
Generating triangles 
estimao 1996002 final 1996002
Constructing halfedges...
Constructing interior halfedges
0. aca 
1. aca 
2. aca 
3. aca 
Constructing exterior halfedges
Triangulation generation time: 3182.21
Creating Polylla...
Labered max edges in 785.296 ms
Labeled frontier edges in 221.446 ms
Labeled seed edges in 305.365 ms
Mesh with 998001 polygons 1998000 edges and 0 barrier-edge tips.
Done!
Time to generate Triangulation: 3182.21 ms
Time to label max edges 785.296 ms
Time to label frontier edges 221.446 ms
Time to label seed edges 305.365 ms
Time to label total1312.11 ms
Time to traversal and repair 308.695 ms
Time to traversal 308.695 ms
Time to repair 0 ms
Time to generate polygonal mesh 1620.8 ms
Printing JSON file as uniform_1000000_CPU.json
output json in uniform_1000000_CPU.json
Tiempo de ejecución: 5.731 segundos

Mon 27 Mar 2023 05:16:54 PM -03
Ejecutando Polylla con tamaño 4194304
Generating points  
Generating triangles 
estimao 8380418 final 8380418
Constructing halfedges...
Constructing interior halfedges
0. aca 
1. aca 
2. aca 
3. aca 
Constructing exterior halfedges
Triangulation generation time: 14118.5
Creating Polylla...
Labered max edges in 3466.62 ms
Labeled frontier edges in 1047.1 ms
Labeled seed edges in 1524.99 ms
Mesh with 4190209 polygons 8384512 edges and 0 barrier-edge tips.
Done!
Time to generate Triangulation: 14118.5 ms
Time to label max edges 3466.62 ms
Time to label frontier edges 1047.1 ms
Time to label seed edges 1524.99 ms
Time to label total6038.71 ms
Time to traversal and repair 1715.34 ms
Time to traversal 1715.34 ms
Time to repair 0 ms
Time to generate polygonal mesh 7754.05 ms
Printing JSON file as uniform_4194304_CPU.json
output json in uniform_4194304_CPU.json
Tiempo de ejecución: 23.561 segundos

Mon 27 Mar 2023 05:17:18 PM -03
Ejecutando Polylla con tamaño 7387524
Generating points  
Generating triangles 
estimao 14764178 final 14764178
Constructing halfedges...
Constructing interior halfedges
0. aca 
1. aca 
2. aca 
3. aca 
Constructing exterior halfedges
Triangulation generation time: 26601.7
Creating Polylla...
Labered max edges in 5945.85 ms
Labeled frontier edges in 1695.5 ms
Labeled seed edges in 2311.19 ms
Mesh with 7382089 polygons 14769612 edges and 0 barrier-edge tips.
Done!
Time to generate Triangulation: 26601.7 ms
Time to label max edges 5945.85 ms
Time to label frontier edges 1695.5 ms
Time to label seed edges 2311.19 ms
Time to label total9952.55 ms
Time to traversal and repair 2350.61 ms
Time to traversal 2350.61 ms
Time to repair 0 ms
Time to generate polygonal mesh 12303.2 ms
Printing JSON file as uniform_7387524_CPU.json
output json in uniform_7387524_CPU.json
Tiempo de ejecución: 41.420 segundos

Mon 27 Mar 2023 05:17:59 PM -03
Ejecutando Polylla con tamaño 10582009
Generating points  
Generating triangles 
estimao 21151008 final 21151008
Constructing halfedges...
Constructing interior halfedges
0. aca 
1. aca 
2. aca 
3. aca 
Constructing exterior halfedges
Triangulation generation time: 36637.9
Creating Polylla...
Labered max edges in 8654.64 ms
Labeled frontier edges in 2490.28 ms
Labeled seed edges in 3716.84 ms
Mesh with 10575504 polygons 21157512 edges and 0 barrier-edge tips.
Done!
Time to generate Triangulation: 36637.9 ms
Time to label max edges 8654.64 ms
Time to label frontier edges 2490.28 ms
Time to label seed edges 3716.84 ms
Time to label total14861.8 ms
Time to traversal and repair 3764.3 ms
Time to traversal 3764.3 ms
Time to repair 0 ms
Time to generate polygonal mesh 18626.1 ms
Printing JSON file as uniform_10582009_CPU.json
output json in uniform_10582009_CPU.json
Tiempo de ejecución: 58.273 segundos

Mon 27 Mar 2023 05:18:57 PM -03
Ejecutando Polylla con tamaño 13771521
Generating points  
Generating triangles 
estimao 27528200 final 27528200
Constructing halfedges...
Constructing interior halfedges
0. aca 
1. aca 
2. aca 
3. aca 
Constructing exterior halfedges
Triangulation generation time: 48071.2
Creating Polylla...
Labered max edges in 11493.4 ms
Labeled frontier edges in 3448.96 ms
Labeled seed edges in 4735.4 ms
Mesh with 13764100 polygons 27535620 edges and 0 barrier-edge tips.
Done!
Time to generate Triangulation: 48071.2 ms
Time to label max edges 11493.4 ms
Time to label frontier edges 3448.96 ms
Time to label seed edges 4735.4 ms
Time to label total19677.8 ms
Time to traversal and repair 4853.05 ms
Time to traversal 4853.05 ms
Time to repair 0 ms
Time to generate polygonal mesh 24530.8 ms
Printing JSON file as uniform_13771521_CPU.json
output json in uniform_13771521_CPU.json
Tiempo de ejecución: 76.313 segundos

Mon 27 Mar 2023 05:20:14 PM -03
Ejecutando Polylla con tamaño 16966161
Generating points  
Generating triangles 
estimao 33915848 final 33915848
Constructing halfedges...
Constructing interior halfedges
0. aca 
1. aca 
2. aca 
3. aca 
Constructing exterior halfedges
Triangulation generation time: 55603.5
Creating Polylla...
Labered max edges in 13678.3 ms
Labeled frontier edges in 3802.7 ms
Labeled seed edges in 5372.83 ms
Mesh with 16957924 polygons 33924084 edges and 0 barrier-edge tips.
Done!
Time to generate Triangulation: 55603.5 ms
Time to label max edges 13678.3 ms
Time to label frontier edges 3802.7 ms
Time to label seed edges 5372.83 ms
Time to label total22853.9 ms
Time to traversal and repair 5593.89 ms
Time to traversal 5593.89 ms
Time to repair 0 ms
Time to generate polygonal mesh 28447.8 ms
Printing JSON file as uniform_16966161_CPU.json
output json in uniform_16966161_CPU.json
Tiempo de ejecución: 88.380 segundos

Mon 27 Mar 2023 05:21:42 PM -03
Ejecutando Polylla con tamaño 20160100
Generating points  
Generating triangles 
estimao 40302242 final 40302242
Constructing halfedges...
Constructing interior halfedges
0. aca 
1. aca 
2. aca 
3. aca 
Constructing exterior halfedges
Triangulation generation time: 70795.3
Creating Polylla...
Labered max edges in 17193.4 ms
Labeled frontier edges in 4541.66 ms
Labeled seed edges in 6288.42 ms
Mesh with 20151121 polygons 40311220 edges and 0 barrier-edge tips.
Done!
Time to generate Triangulation: 70795.3 ms
Time to label max edges 17193.4 ms
Time to label frontier edges 4541.66 ms
Time to label seed edges 6288.42 ms
Time to label total28023.5 ms
Time to traversal and repair 6391.81 ms
Time to traversal 6391.81 ms
Time to repair 0 ms
Time to generate polygonal mesh 34415.3 ms
Printing JSON file as uniform_20160100_CPU.json
output json in uniform_20160100_CPU.json
Tiempo de ejecución: 110.448 segundos

Mon 27 Mar 2023 05:23:32 PM -03
Ejecutando Polylla con tamaño 23357889
Generating points  
Generating triangles 
estimao 46696448 final 46696448
Constructing halfedges...
Constructing interior halfedges
0. aca 
1. aca 
2. aca 
3. aca 
Constructing exterior halfedges
Triangulation generation time: 75145.6
Creating Polylla...
Labered max edges in 18812.9 ms
Labeled frontier edges in 5964.03 ms
Labeled seed edges in 8124.16 ms
Mesh with 23348224 polygons 46706112 edges and 0 barrier-edge tips.
Done!
Time to generate Triangulation: 75145.6 ms
Time to label max edges 18812.9 ms
Time to label frontier edges 5964.03 ms
Time to label seed edges 8124.16 ms
Time to label total32901.1 ms
Time to traversal and repair 8407.12 ms
Time to traversal 8407.12 ms
Time to repair 0 ms
Time to generate polygonal mesh 41308.2 ms
Printing JSON file as uniform_23357889_CPU.json
output json in uniform_23357889_CPU.json
Tiempo de ejecución: 122.024 segundos

Mon 27 Mar 2023 05:25:35 PM -03
Ejecutando Polylla con tamaño 26553409
Generating points  
Generating triangles 
estimao 53086208 final 53086208
Constructing halfedges...
Constructing interior halfedges
0. aca 
1. aca 
2. aca 
3. aca 
Constructing exterior halfedges
Triangulation generation time: 90342.4
Creating Polylla...
Labered max edges in 21367.5 ms
Labeled frontier edges in 6029.95 ms
Labeled seed edges in 8166.45 ms
Mesh with 26543104 polygons 53096512 edges and 0 barrier-edge tips.
Done!
Time to generate Triangulation: 90342.4 ms
Time to label max edges 21367.5 ms
Time to label frontier edges 6029.95 ms
Time to label seed edges 8166.45 ms
Time to label total35563.9 ms
Time to traversal and repair 8648.58 ms
Time to traversal 8648.58 ms
Time to repair 0 ms
Time to generate polygonal mesh 44212.4 ms
Printing JSON file as uniform_26553409_CPU.json
output json in uniform_26553409_CPU.json
Tiempo de ejecución: 141.224 segundos

Mon 27 Mar 2023 05:27:56 PM -03
Ejecutando Polylla con tamaño 29746116
Generating points  
Generating triangles 
estimao 59470418 final 59470418
Constructing halfedges...
Constructing interior halfedges
0. aca 
1. aca 
2. aca 
3. aca 
Constructing exterior halfedges
Triangulation generation time: 107524
Creating Polylla...
Labered max edges in 24237.5 ms
Labeled frontier edges in 6638.19 ms
Labeled seed edges in 9286.27 ms
Mesh with 29735209 polygons 59481324 edges and 0 barrier-edge tips.
Done!
Time to generate Triangulation: 107524 ms
Time to label max edges 24237.5 ms
Time to label frontier edges 6638.19 ms
Time to label seed edges 9286.27 ms
Time to label total40161.9 ms
Time to traversal and repair 9516.5 ms
Time to traversal 9516.5 ms
Time to repair 0 ms
Time to generate polygonal mesh 49678.4 ms
Printing JSON file as uniform_29746116_CPU.json
output json in uniform_29746116_CPU.json
Tiempo de ejecución: 164.617 segundos

Mon 27 Mar 2023 05:30:40 PM -03
Ejecutando Polylla con tamaño 32936121
Generating points  
Generating triangles 
estimao 65849288 final 65849288
Constructing halfedges...
Constructing interior halfedges
0. aca 
1. aca 
2. aca 
3. aca 
Constructing exterior halfedges
Triangulation generation time: 123732
Creating Polylla...
Labered max edges in 27499.4 ms
Labeled frontier edges in 8449.08 ms
Labeled seed edges in 11284.6 ms
Mesh with 32924644 polygons 65860764 edges and 0 barrier-edge tips.
Done!
Time to generate Triangulation: 123732 ms
Time to label max edges 27499.4 ms
Time to label frontier edges 8449.08 ms
Time to label seed edges 11284.6 ms
Time to label total47233.1 ms
Time to traversal and repair 11720 ms
Time to traversal 11720 ms
Time to repair 0 ms
Time to generate polygonal mesh 58953.2 ms
Printing JSON file as uniform_32936121_CPU.json
output json in uniform_32936121_CPU.json
Tiempo de ejecución: 191.897 segundos

Mon 27 Mar 2023 05:33:52 PM -03
Ejecutando Polylla con tamaño 36132121
Generating points  
Generating triangles 
estimao 72240200 final 72240200
Constructing halfedges...
Constructing interior halfedges
0. aca 
1. aca 
2. aca 
3. aca 
Constructing exterior halfedges
Triangulation generation time: 123358
Creating Polylla...
Labered max edges in 31085.6 ms
Labeled frontier edges in 8282.08 ms
Labeled seed edges in 11495.9 ms
Mesh with 36120100 polygons 72252220 edges and 0 barrier-edge tips.
Done!
Time to generate Triangulation: 123358 ms
Time to label max edges 31085.6 ms
Time to label frontier edges 8282.08 ms
Time to label seed edges 11495.9 ms
Time to label total50863.6 ms
Time to traversal and repair 11673.3 ms
Time to traversal 11673.3 ms
Time to repair 0 ms
Time to generate polygonal mesh 62536.9 ms
Printing JSON file as uniform_36132121_CPU.json
output json in uniform_36132121_CPU.json
Tiempo de ejecución: 194.912 segundos

Mon 27 Mar 2023 05:37:07 PM -03
Ejecutando Polylla con tamaño 39325441
Generating points  
Generating triangles 
estimao 78625800 final 78625800
Constructing halfedges...
Constructing interior halfedges
0. aca 
1. aca 
2. aca 
3. aca 
Constructing exterior halfedges
Triangulation generation time: 141743
Creating Polylla...
Labered max edges in 32268.8 ms
Labeled frontier edges in 9027.73 ms
Labeled seed edges in 12544.9 ms
Mesh with 39312900 polygons 78638340 edges and 0 barrier-edge tips.
Done!
Time to generate Triangulation: 141743 ms
Time to label max edges 32268.8 ms
Time to label frontier edges 9027.73 ms
Time to label seed edges 12544.9 ms
Time to label total53841.4 ms
Time to traversal and repair 12705.8 ms
Time to traversal 12705.8 ms
Time to repair 0 ms
Time to generate polygonal mesh 66547.2 ms
Printing JSON file as uniform_39325441_CPU.json
output json in uniform_39325441_CPU.json
Tiempo de ejecución: 217.641 segundos

Mon 27 Mar 2023 05:40:45 PM -03
Ejecutando Polylla con tamaño 42510400
Generating points  
Generating triangles 
estimao 84994722 final 84994722
Constructing halfedges...
Constructing interior halfedges
0. aca 
1. aca 
2. aca 
3. aca 
Constructing exterior halfedges
Triangulation generation time: 182313
Creating Polylla...
Labered max edges in 35027.8 ms
Labeled frontier edges in 10573.1 ms
Labeled seed edges in 14691.9 ms
Mesh with 42497361 polygons 85007760 edges and 0 barrier-edge tips.
Done!
Time to generate Triangulation: 182313 ms
Time to label max edges 35027.8 ms
Time to label frontier edges 10573.1 ms
Time to label seed edges 14691.9 ms
Time to label total60292.8 ms
Time to traversal and repair 15046.8 ms
Time to traversal 15046.8 ms
Time to repair 0 ms
Time to generate polygonal mesh 75339.7 ms
Printing JSON file as uniform_42510400_CPU.json
output json in uniform_42510400_CPU.json
Tiempo de ejecución: 270.256 segundos

Mon 27 Mar 2023 05:45:15 PM -03
Ejecutando Polylla con tamaño 45711121
Generating points  
Generating triangles 
estimao 91395200 final 91395200
Constructing halfedges...
Constructing interior halfedges
0. aca 
1. aca 
2. aca 
3. aca 
Constructing exterior halfedges
Triangulation generation time: 165559
Creating Polylla...
Labered max edges in 37565.7 ms
Labeled frontier edges in 10369.2 ms
Labeled seed edges in 14477.8 ms
Mesh with 45697600 polygons 91408720 edges and 0 barrier-edge tips.
Done!
Time to generate Triangulation: 165559 ms
Time to label max edges 37565.7 ms
Time to label frontier edges 10369.2 ms
Time to label seed edges 14477.8 ms
Time to label total62412.7 ms
Time to traversal and repair 15116.4 ms
Time to traversal 15116.4 ms
Time to repair 0 ms
Time to generate polygonal mesh 77529.1 ms
Printing JSON file as uniform_45711121_CPU.json
output json in uniform_45711121_CPU.json
Tiempo de ejecución: 253.520 segundos

Mon 27 Mar 2023 05:49:29 PM -03
Ejecutando Polylla con tamaño 48902049
Generating points  
Generating triangles 
estimao 97776128 final 97776128
Constructing halfedges...
Constructing interior halfedges
0. aca 
1. aca 
2. aca 
3. aca 
Constructing exterior halfedges
Triangulation generation time: 178964
Creating Polylla...
Labered max edges in 42467.1 ms
Labeled frontier edges in 13093 ms
Labeled seed edges in 19042.8 ms
Mesh with 48888064 polygons 97790112 edges and 0 barrier-edge tips.
Done!
Time to generate Triangulation: 178964 ms
Time to label max edges 42467.1 ms
Time to label frontier edges 13093 ms
Time to label seed edges 19042.8 ms
Time to label total74603 ms
Time to traversal and repair 16438.1 ms
Time to traversal 16438.1 ms
Time to repair 0 ms
Time to generate polygonal mesh 91041.1 ms
Printing JSON file as uniform_48902049_CPU.json
output json in uniform_48902049_CPU.json
Tiempo de ejecución: 281.789 segundos

Mon 27 Mar 2023 05:54:10 PM -03
Ejecutando Polylla con tamaño 52099524
Generating points  
Generating triangles 
estimao 104170178 final 104170178
Constructing halfedges...
Constructing interior halfedges
0. aca 
1. aca 
2. aca 
3. aca 
Constructing exterior halfedges
Triangulation generation time: 212601
Creating Polylla...
Labered max edges in 41919.3 ms
Labeled frontier edges in 12587 ms
Labeled seed edges in 15966 ms
Mesh with 52085089 polygons 104184612 edges and 0 barrier-edge tips.
Done!
Time to generate Triangulation: 212601 ms
Time to label max edges 41919.3 ms
Time to label frontier edges 12587 ms
Time to label seed edges 15966 ms
Time to label total70472.3 ms
Time to traversal and repair 16617.6 ms
Time to traversal 16617.6 ms
Time to repair 0 ms
Time to generate polygonal mesh 87089.9 ms
Printing JSON file as uniform_52099524_CPU.json
output json in uniform_52099524_CPU.json
Tiempo de ejecución: 312.165 segundos

Mon 27 Mar 2023 05:59:23 PM -03
Ejecutando Polylla con tamaño 55294096
Generating points  
Generating triangles 
estimao 110558450 final 110558450
Constructing halfedges...
Constructing interior halfedges
0. aca 
1. aca 
2. aca 
3. aca 
Constructing exterior halfedges
Triangulation generation time: 211764
Creating Polylla...
Labered max edges in 45023.7 ms
Labeled frontier edges in 12354.7 ms
Labeled seed edges in 16936.4 ms
Mesh with 55279225 polygons 110573320 edges and 0 barrier-edge tips.
Done!
Time to generate Triangulation: 211764 ms
Time to label max edges 45023.7 ms
Time to label frontier edges 12354.7 ms
Time to label seed edges 16936.4 ms
Time to label total74314.8 ms
Time to traversal and repair 18124.4 ms
Time to traversal 18124.4 ms
Time to repair 0 ms
Time to generate polygonal mesh 92439.2 ms
Printing JSON file as uniform_55294096_CPU.json
output json in uniform_55294096_CPU.json
Tiempo de ejecución: 318.749 segundos

Mon 27 Mar 2023 06:04:41 PM -03
Ejecutando Polylla con tamaño 58476609
Generating points  
Generating triangles 
estimao 116922632 final 116922632
Constructing halfedges...
Constructing interior halfedges
0. aca 
1. aca 
2. aca 
3. aca 
Constructing exterior halfedges
Triangulation generation time: 243082
Creating Polylla...
Labered max edges in 51280.5 ms
Labeled frontier edges in 14403.6 ms
Labeled seed edges in 20228.4 ms
Mesh with 58461316 polygons 116937924 edges and 0 barrier-edge tips.
Done!
Time to generate Triangulation: 243082 ms
Time to label max edges 51280.5 ms
Time to label frontier edges 14403.6 ms
Time to label seed edges 20228.4 ms
Time to label total85912.5 ms
Time to traversal and repair 20247.9 ms
Time to traversal 20247.9 ms
Time to repair 0 ms
Time to generate polygonal mesh 106160 ms
Printing JSON file as uniform_58476609_CPU.json
output json in uniform_58476609_CPU.json
Tiempo de ejecución: 364.561 segundos

Mon 27 Mar 2023 06:10:46 PM -03
Ejecutando Polylla con tamaño 61669609
Generating points  
Generating triangles 
estimao 123307808 final 123307808
Constructing halfedges...
Constructing interior halfedges
0. aca 
1. aca 
2. aca 
3. aca 
Constructing exterior halfedges
Triangulation generation time: 244936
Creating Polylla...
Labered max edges in 49609.9 ms
Labeled frontier edges in 13998.5 ms
Labeled seed edges in 19354.2 ms
Mesh with 61653904 polygons 123323512 edges and 0 barrier-edge tips.
Done!
Time to generate Triangulation: 244936 ms
Time to label max edges 49609.9 ms
Time to label frontier edges 13998.5 ms
Time to label seed edges 19354.2 ms
Time to label total82962.6 ms
Time to traversal and repair 19795.5 ms
Time to traversal 19795.5 ms
Time to repair 0 ms
Time to generate polygonal mesh 102758 ms
Printing JSON file as uniform_61669609_CPU.json
output json in uniform_61669609_CPU.json
Tiempo de ejecución: 361.648 segundos

Mon 27 Mar 2023 06:16:48 PM -03
Ejecutando Polylla con tamaño 64866916
Generating points  
Generating triangles 
estimao 129701618 final 129701618
Constructing halfedges...
Constructing interior halfedges
0. aca 
1. aca 
2. aca 
3. aca 
Constructing exterior halfedges
Triangulation generation time: 252469
Creating Polylla...
Labered max edges in 53203 ms
Labeled frontier edges in 16020.3 ms
Labeled seed edges in 22367.2 ms
Mesh with 64850809 polygons 129717724 edges and 0 barrier-edge tips.
Done!
Time to generate Triangulation: 252469 ms
Time to label max edges 53203 ms
Time to label frontier edges 16020.3 ms
Time to label seed edges 22367.2 ms
Time to label total91590.5 ms
Time to traversal and repair 22600.3 ms
Time to traversal 22600.3 ms
Time to repair 0 ms
Time to generate polygonal mesh 114191 ms
Printing JSON file as uniform_64866916_CPU.json
output json in uniform_64866916_CPU.json
Tiempo de ejecución: 381.025 segundos

Mon 27 Mar 2023 06:23:09 PM -03
Ejecutando Polylla con tamaño 68062500
Generating points  
Generating triangles 
estimao 136092002 final 136092002
Constructing halfedges...
Constructing interior halfedges
0. aca 
1. aca 
2. aca 
3. aca 
Constructing exterior halfedges
Triangulation generation time: 250553
Creating Polylla...
Labered max edges in 56023.8 ms
Labeled frontier edges in 15737 ms
Labeled seed edges in 23663.7 ms
Mesh with 68046001 polygons 136108500 edges and 0 barrier-edge tips.
Done!
Time to generate Triangulation: 250553 ms
Time to label max edges 56023.8 ms
Time to label frontier edges 15737 ms
Time to label seed edges 23663.7 ms
Time to label total95424.5 ms
Time to traversal and repair 24424.7 ms
Time to traversal 24424.7 ms
Time to repair 0 ms
Time to generate polygonal mesh 119849 ms
Printing JSON file as uniform_68062500_CPU.json
output json in uniform_68062500_CPU.json
Tiempo de ejecución: 385.284 segundos

Mon 27 Mar 2023 06:29:34 PM -03
Ejecutando Polylla con tamaño 71250481
Generating points  
Generating triangles 
estimao 142467200 final 142467200
Constructing halfedges...
Constructing interior halfedges
0. aca 
1. aca 
2. aca 
3. aca 
Constructing exterior halfedges
Triangulation generation time: 276954
Creating Polylla...
Labered max edges in 57522.1 ms
Labeled frontier edges in 20826.4 ms
Labeled seed edges in 25058.6 ms
Mesh with 71233600 polygons 142484080 edges and 0 barrier-edge tips.
Done!
Time to generate Triangulation: 276954 ms
Time to label max edges 57522.1 ms
Time to label frontier edges 20826.4 ms
Time to label seed edges 25058.6 ms
Time to label total103407 ms
Time to traversal and repair 29002.3 ms
Time to traversal 29002.3 ms
Time to repair 0 ms
Time to generate polygonal mesh 132409 ms
Printing JSON file as uniform_71250481_CPU.json
output json in uniform_71250481_CPU.json
Tiempo de ejecución: 427.368 segundos

Mon 27 Mar 2023 06:36:41 PM -03
Ejecutando Polylla con tamaño 74459641
Generating points  
Generating triangles 
estimao 148884768 final 148884768
Constructing halfedges...
Constructing interior halfedges
0. aca 
1. aca 
2. aca 
3. aca 
Constructing exterior halfedges
Triangulation generation time: 312401
Creating Polylla...
Labered max edges in 60276.5 ms
Labeled frontier edges in 17302.5 ms
Labeled seed edges in 23355.5 ms
Mesh with 74442384 polygons 148902024 edges and 0 barrier-edge tips.
Done!
Time to generate Triangulation: 312401 ms
Time to label max edges 60276.5 ms
Time to label frontier edges 17302.5 ms
Time to label seed edges 23355.5 ms
Time to label total100934 ms
Time to traversal and repair 23896 ms
Time to traversal 23896 ms
Time to repair 0 ms
Time to generate polygonal mesh 124831 ms
Printing JSON file as uniform_74459641_CPU.json
output json in uniform_74459641_CPU.json
Tiempo de ejecución: 456.632 segundos

Mon 27 Mar 2023 06:44:18 PM -03
Ejecutando Polylla con tamaño 77651344
Generating points  
Generating triangles 
estimao 155267442 final 155267442
Constructing halfedges...
Constructing interior halfedges
0. aca 
1. aca 
2. aca 
3. aca 
Constructing exterior halfedges
Triangulation generation time: 333397
Creating Polylla...
Labered max edges in 62219.6 ms
Labeled frontier edges in 17519.1 ms
Labeled seed edges in 24453.1 ms
Mesh with 77633721 polygons 155285064 edges and 0 barrier-edge tips.
Done!
Time to generate Triangulation: 333397 ms
Time to label max edges 62219.6 ms
Time to label frontier edges 17519.1 ms
Time to label seed edges 24453.1 ms
Time to label total104192 ms
Time to traversal and repair 24730.8 ms
Time to traversal 24730.8 ms
Time to repair 0 ms
Time to generate polygonal mesh 128923 ms
Printing JSON file as uniform_77651344_CPU.json
output json in uniform_77651344_CPU.json
Tiempo de ejecución: 484.213 segundos

Mon 27 Mar 2023 06:52:22 PM -03
Ejecutando Polylla con tamaño 80838081
Generating points  
Generating triangles 
estimao 161640200 final 161640200
Constructing halfedges...
Constructing interior halfedges
0. aca 
1. aca 
2. aca 
3. aca 
Constructing exterior halfedges
Triangulation generation time: 328280
Creating Polylla...
Labered max edges in 76877.1 ms
Labeled frontier edges in 23941.9 ms
Labeled seed edges in 31681.4 ms
Mesh with 80820100 polygons 161658180 edges and 0 barrier-edge tips.
Done!
Time to generate Triangulation: 328280 ms
Time to label max edges 76877.1 ms
Time to label frontier edges 23941.9 ms
Time to label seed edges 31681.4 ms
Time to label total132500 ms
Time to traversal and repair 33202.2 ms
Time to traversal 33202.2 ms
Time to repair 0 ms
Time to generate polygonal mesh 165703 ms
Printing JSON file as uniform_80838081_CPU.json
output json in uniform_80838081_CPU.json
Tiempo de ejecución: 513.124 segundos

Mon 27 Mar 2023 07:00:55 PM -03
Ejecutando Polylla con tamaño 84033889
Generating points  
Generating triangles 
estimao 168031112 final 168031112
Constructing halfedges...
Constructing interior halfedges
0. aca 
1. aca 
2. aca 
3. aca 
Constructing exterior halfedges
Triangulation generation time: 332650
Creating Polylla...
Labered max edges in 70510.2 ms
Labeled frontier edges in 20596.6 ms
Labeled seed edges in 32678.2 ms
Mesh with 84015556 polygons 168049444 edges and 0 barrier-edge tips.
Done!
Time to generate Triangulation: 332650 ms
Time to label max edges 70510.2 ms
Time to label frontier edges 20596.6 ms
Time to label seed edges 32678.2 ms
Time to label total123785 ms
Time to traversal and repair 34543 ms
Time to traversal 34543 ms
Time to repair 0 ms
Time to generate polygonal mesh 158328 ms
Printing JSON file as uniform_84033889_CPU.json
output json in uniform_84033889_CPU.json
Tiempo de ejecución: 512.828 segundos

Mon 27 Mar 2023 07:09:28 PM -03
Ejecutando Polylla con tamaño 87216921
Generating points  
Generating triangles 
estimao 174396488 final 174396488
Constructing halfedges...
Constructing interior halfedges
0. aca 
1. aca 
2. aca 
3. aca 
Constructing exterior halfedges
Triangulation generation time: 373230
Creating Polylla...
Labered max edges in 70763.1 ms
Labeled frontier edges in 21004 ms
Labeled seed edges in 30350.9 ms
Mesh with 87198244 polygons 174415164 edges and 0 barrier-edge tips.
Done!
Time to generate Triangulation: 373230 ms
Time to label max edges 70763.1 ms
Time to label frontier edges 21004 ms
Time to label seed edges 30350.9 ms
Time to label total122118 ms
Time to traversal and repair 31313.4 ms
Time to traversal 31313.4 ms
Time to repair 0 ms
Time to generate polygonal mesh 153431 ms
Printing JSON file as uniform_87216921_CPU.json
output json in uniform_87216921_CPU.json
Tiempo de ejecución: 552.105 segundos

Mon 27 Mar 2023 07:18:40 PM -03
Ejecutando Polylla con tamaño 90421081
Generating points  
Generating triangles 
estimao 180804128 final 180804128
Constructing halfedges...
Constructing interior halfedges
0. aca 
1. aca 
2. aca 
3. aca 
Constructing exterior halfedges
Triangulation generation time: 370901
Creating Polylla...
Labered max edges in 76132.6 ms
Labeled frontier edges in 20835 ms
Labeled seed edges in 28600.5 ms
Mesh with 90402064 polygons 180823144 edges and 0 barrier-edge tips.
Done!
Time to generate Triangulation: 370901 ms
Time to label max edges 76132.6 ms
Time to label frontier edges 20835 ms
Time to label seed edges 28600.5 ms
Time to label total125568 ms
Time to traversal and repair 30897.7 ms
Time to traversal 30897.7 ms
Time to repair 0 ms
Time to generate polygonal mesh 156466 ms
Printing JSON file as uniform_90421081_CPU.json
output json in uniform_90421081_CPU.json
Tiempo de ejecución: 547.764 segundos

Mon 27 Mar 2023 07:27:48 PM -03
Ejecutando Polylla con tamaño 93605625
Generating points  
Generating triangles 
estimao 187172552 final 187172552
Constructing halfedges...
Constructing interior halfedges
0. aca 
1. aca 
2. aca 
3. aca 
Constructing exterior halfedges
Triangulation generation time: 371549
Creating Polylla...
Labered max edges in 78912.3 ms
Labeled frontier edges in 21719.7 ms
Labeled seed edges in 29721.2 ms
Mesh with 93586276 polygons 187191900 edges and 0 barrier-edge tips.
Done!
Time to generate Triangulation: 371549 ms
Time to label max edges 78912.3 ms
Time to label frontier edges 21719.7 ms
Time to label seed edges 29721.2 ms
Time to label total130353 ms
Time to traversal and repair 30357.3 ms
Time to traversal 30357.3 ms
Time to repair 0 ms
Time to generate polygonal mesh 160710 ms
Printing JSON file as uniform_93605625_CPU.json
output json in uniform_93605625_CPU.json
Tiempo de ejecución: 555.761 segundos

Mon 27 Mar 2023 07:37:04 PM -03
Ejecutando Polylla con tamaño 96805921
Generating points  
Generating triangles 
estimao 193572488 final 193572488
Constructing halfedges...
Constructing interior halfedges
0. aca 
1. aca 
2. aca 
3. aca 
Constructing exterior halfedges
Triangulation generation time: 422619
Creating Polylla...
Labered max edges in 78271.3 ms
Labeled frontier edges in 24868.7 ms
Labeled seed edges in 31948 ms
Mesh with 96786244 polygons 193592164 edges and 0 barrier-edge tips.
Done!
Time to generate Triangulation: 422619 ms
Time to label max edges 78271.3 ms
Time to label frontier edges 24868.7 ms
Time to label seed edges 31948 ms
Time to label total135088 ms
Time to traversal and repair 31242 ms
Time to traversal 31242 ms
Time to repair 0 ms
Time to generate polygonal mesh 166330 ms
Printing JSON file as uniform_96805921_CPU.json
output json in uniform_96805921_CPU.json
Tiempo de ejecución: 617.093 segundos

Mon 27 Mar 2023 07:47:21 PM -03
Ejecutando Polylla con tamaño 100000000
Generating points  
Generating triangles 
estimao 199960002 final 199960002
Constructing halfedges...
Constructing interior halfedges
0. aca 
1. aca 
2. aca 
3. aca 
Constructing exterior halfedges
Triangulation generation time: 396767
Creating Polylla...
Labered max edges in 82119.3 ms
Labeled frontier edges in 25091.2 ms
Labeled seed edges in 34120.3 ms
Mesh with 99980001 polygons 199980000 edges and 0 barrier-edge tips.
Done!
Time to generate Triangulation: 396767 ms
Time to label max edges 82119.3 ms
Time to label frontier edges 25091.2 ms
Time to label seed edges 34120.3 ms
Time to label total141331 ms
Time to traversal and repair 35471.9 ms
Time to traversal 35471.9 ms
Time to repair 0 ms
Time to generate polygonal mesh 176803 ms
Printing JSON file as uniform_100000000_CPU.json
output json in uniform_100000000_CPU.json
Tiempo de ejecución: 602.424 segundos

Mon 27 Mar 2023 07:57:23 PM -03
