Ejecutando Polylla con tamaño 100000000
Generating points  
Generating triangles 
Triangulation generation time: 639146
Creating Polylla...
Labered max edges in 85026.2 ms
Labeled frontier edges in 26429.5 ms
Labeled seed edges in 34276.1 ms
Mesh with 99980001 polygons 199980000 edges and 0 barrier-edge tips.
Done!
Time to generate Triangulation: 639146 ms
Time to label max edges 85026.2 ms
Time to label frontier edges 26429.5 ms
Time to label seed edges 34276.1 ms
Time to label total145732 ms
Time to traversal and repair 29441.4 ms
Time to traversal 29441.4 ms
Time to repair 0 ms
Time to generate polygonal mesh 175173 ms
Printing JSON file as uniform_100000000_CPU.json
output json in uniform_100000000_CPU.json
Tiempo de ejecución: 849.243 segundos
