Ejecutando Polylla con tamaño 75255625
Generating points  
Generating triangles 
Triangulation generation time: 457597
Creating Polylla...
Labered max edges in 61474.2 ms
Labeled frontier edges in 19925.8 ms
Labeled seed edges in 23652.4 ms
Mesh with 75238276 polygons 150493900 edges and 0 barrier-edge tips.
Done!
Time to generate Triangulation: 457597 ms
Time to label max edges 61474.2 ms
Time to label frontier edges 19925.8 ms
Time to label seed edges 23652.4 ms
Time to label total105052 ms
Time to traversal and repair 23387.2 ms
Time to traversal 23387.2 ms
Time to repair 0 ms
Time to generate polygonal mesh 128440 ms
Printing JSON file as uniform_75255625_CPU.json
output json in uniform_75255625_CPU.json
Tiempo de ejecución: 611.353 segundos
