Ejecutando Polylla con tamaño 25745476
Generating points  
Generating triangles 
Triangulation generation time: 118637
Creating Polylla...
Labered max edges in 22100.3 ms
Labeled frontier edges in 5765.68 ms
Labeled seed edges in 8068.13 ms
Mesh with 25735329 polygons 51480804 edges and 0 barrier-edge tips.
Done!
Time to generate Triangulation: 118637 ms
Time to label max edges 22100.3 ms
Time to label frontier edges 5765.68 ms
Time to label seed edges 8068.13 ms
Time to label total35934.1 ms
Time to traversal and repair 7320.4 ms
Time to traversal 7320.4 ms
Time to repair 0 ms
Time to generate polygonal mesh 43254.5 ms
Printing JSON file as uniform_25745476_CPU.json
output json in uniform_25745476_CPU.json
Tiempo de ejecución: 170.957 segundos
