Ejecutando Polylla con tamaño 1000000
Generating points  
Generating triangles 
Triangulation generation time: 3229.04
Creating Polylla...
Labered max edges in 778.578 ms
Labeled frontier edges in 218.959 ms
Labeled seed edges in 303.026 ms
Mesh with 998001 polygons 1998000 edges and 0 barrier-edge tips.
Done!
Time to generate Triangulation: 3229.04 ms
Time to label max edges 778.578 ms
Time to label frontier edges 218.959 ms
Time to label seed edges 303.026 ms
Time to label total1300.56 ms
Time to traversal and repair 220.726 ms
Time to traversal 220.726 ms
Time to repair 0 ms
Time to generate polygonal mesh 1521.29 ms
Printing JSON file as uniform_1000000_CPU.json
output json in uniform_1000000_CPU.json
Tiempo de ejecución: 6.816 segundos
