Ejecutando Polylla con tamaño 50495236
Generating points  
Generating triangles 
Triangulation generation time: 269746
Creating Polylla...
Labered max edges in 41651.2 ms
Labeled frontier edges in 12690.1 ms
Labeled seed edges in 15586.8 ms
Mesh with 50481025 polygons 100976260 edges and 0 barrier-edge tips.
Done!
Time to generate Triangulation: 269746 ms
Time to label max edges 41651.2 ms
Time to label frontier edges 12690.1 ms
Time to label seed edges 15586.8 ms
Time to label total69928 ms
Time to traversal and repair 13127.4 ms
Time to traversal 13127.4 ms
Time to repair 0 ms
Time to generate polygonal mesh 83055.4 ms
Printing JSON file as uniform_50495236_CPU.json
output json in uniform_50495236_CPU.json
Tiempo de ejecución: 368.316 segundos
