Thu 23 Mar 2023 05:46:59 PM -03
Start: 1000000, End: 100000000, Intervalo: 3193548, Diferencia: 99000000, NSAMPLES: 31
Valores: 1000000 4194304 7387524 10582009 13771521 16966161 20160100 23357889 26553409 29746116 32936121 36132121 39325441 42510400 45711121 48902049 52099524 55294096 58476609 61669609 64866916 68062500 71250481 74459641 77651344 80838081 84033889 87216921 90421081 93605625 96805921 100000000
Thu 23 Mar 2023 05:46:59 PM -03
Ejecutando Polylla con tamaño 1000000
Generating points  
Generating triangles 
Triangulation generation time: 3302.34
Creating Polylla...
Labered max edges in 770.667 ms
Labeled frontier edges in 216.693 ms
Labeled seed edges in 302.918 ms
Mesh with 998001 polygons 1998000 edges and 0 barrier-edge tips.
Done!
Time to generate Triangulation: 3302.34 ms
Time to label max edges 770.667 ms
Time to label frontier edges 216.693 ms
Time to label seed edges 302.918 ms
Time to label total1290.28 ms
Time to traversal and repair 217.157 ms
Time to traversal 217.157 ms
Time to repair 0 ms
Time to generate polygonal mesh 1507.44 ms
Printing JSON file as uniform_1000000_CPU.json
output json in uniform_1000000_CPU.json
Tiempo de ejecución: 5.737 segundos

Thu 23 Mar 2023 05:47:04 PM -03
Ejecutando Polylla con tamaño 4194304
Generating points  
Generating triangles 
Triangulation generation time: 15846.6
Creating Polylla...
Labered max edges in 3480.89 ms
Labeled frontier edges in 941.09 ms
Labeled seed edges in 1290.63 ms
Mesh with 4190209 polygons 8384512 edges and 0 barrier-edge tips.
Done!
Time to generate Triangulation: 15846.6 ms
Time to label max edges 3480.89 ms
Time to label frontier edges 941.09 ms
Time to label seed edges 1290.63 ms
Time to label total5712.61 ms
Time to traversal and repair 996.568 ms
Time to traversal 996.568 ms
Time to repair 0 ms
Time to generate polygonal mesh 6709.17 ms
Printing JSON file as uniform_4194304_CPU.json
output json in uniform_4194304_CPU.json
Tiempo de ejecución: 24.301 segundos

Thu 23 Mar 2023 05:47:29 PM -03
Ejecutando Polylla con tamaño 7387524
Generating points  
Generating triangles 
Triangulation generation time: 30076.7
Creating Polylla...
Labered max edges in 6131.38 ms
Labeled frontier edges in 1801.32 ms
Labeled seed edges in 2213.46 ms
Mesh with 7382089 polygons 14769612 edges and 0 barrier-edge tips.
Done!
Time to generate Triangulation: 30076.7 ms
Time to label max edges 6131.38 ms
Time to label frontier edges 1801.32 ms
Time to label seed edges 2213.46 ms
Time to label total10146.2 ms
Time to traversal and repair 2162.97 ms
Time to traversal 2162.97 ms
Time to repair 0 ms
Time to generate polygonal mesh 12309.1 ms
Printing JSON file as uniform_7387524_CPU.json
output json in uniform_7387524_CPU.json
Tiempo de ejecución: 44.872 segundos

Thu 23 Mar 2023 05:48:14 PM -03
Ejecutando Polylla con tamaño 10582009
Generating points  
Generating triangles 
Triangulation generation time: 41102.3
Creating Polylla...
Labered max edges in 8613.07 ms
Labeled frontier edges in 2319.93 ms
Labeled seed edges in 3160.67 ms
Mesh with 10575504 polygons 21157512 edges and 0 barrier-edge tips.
Done!
Time to generate Triangulation: 41102.3 ms
Time to label max edges 8613.07 ms
Time to label frontier edges 2319.93 ms
Time to label seed edges 3160.67 ms
Time to label total14093.7 ms
Time to traversal and repair 2429.7 ms
Time to traversal 2429.7 ms
Time to repair 0 ms
Time to generate polygonal mesh 16523.4 ms
Printing JSON file as uniform_10582009_CPU.json
output json in uniform_10582009_CPU.json
Tiempo de ejecución: 60.677 segundos

Thu 23 Mar 2023 05:49:14 PM -03
Ejecutando Polylla con tamaño 13771521
Generating points  
Generating triangles 
Triangulation generation time: 51734.7
Creating Polylla...
Labered max edges in 11360.7 ms
Labeled frontier edges in 3401 ms
Labeled seed edges in 4263.93 ms
Mesh with 13764100 polygons 27535620 edges and 0 barrier-edge tips.
Done!
Time to generate Triangulation: 51734.7 ms
Time to label max edges 11360.7 ms
Time to label frontier edges 3401 ms
Time to label seed edges 4263.93 ms
Time to label total19025.6 ms
Time to traversal and repair 3018.42 ms
Time to traversal 3018.42 ms
Time to repair 0 ms
Time to generate polygonal mesh 22044 ms
Printing JSON file as uniform_13771521_CPU.json
output json in uniform_13771521_CPU.json
Tiempo de ejecución: 77.657 segundos

Thu 23 Mar 2023 05:50:32 PM -03
Ejecutando Polylla con tamaño 16966161
Generating points  
Generating triangles 
Triangulation generation time: 63729.5
Creating Polylla...
Labered max edges in 14356.4 ms
Labeled frontier edges in 4204.56 ms
Labeled seed edges in 5603.44 ms
Mesh with 16957924 polygons 33924084 edges and 0 barrier-edge tips.
Done!
Time to generate Triangulation: 63729.5 ms
Time to label max edges 14356.4 ms
Time to label frontier edges 4204.56 ms
Time to label seed edges 5603.44 ms
Time to label total24164.4 ms
Time to traversal and repair 4186.8 ms
Time to traversal 4186.8 ms
Time to repair 0 ms
Time to generate polygonal mesh 28351.2 ms
Printing JSON file as uniform_16966161_CPU.json
output json in uniform_16966161_CPU.json
Tiempo de ejecución: 96.441 segundos

Thu 23 Mar 2023 05:52:08 PM -03
Ejecutando Polylla con tamaño 20160100
Generating points  
Generating triangles 
Triangulation generation time: 79575.9
Creating Polylla...
Labered max edges in 16645 ms
Labeled frontier edges in 4524.4 ms
Labeled seed edges in 6129.48 ms
Mesh with 20151121 polygons 40311220 edges and 0 barrier-edge tips.
Done!
Time to generate Triangulation: 79575.9 ms
Time to label max edges 16645 ms
Time to label frontier edges 4524.4 ms
Time to label seed edges 6129.48 ms
Time to label total27298.9 ms
Time to traversal and repair 4920.69 ms
Time to traversal 4920.69 ms
Time to repair 0 ms
Time to generate polygonal mesh 32219.6 ms
Printing JSON file as uniform_20160100_CPU.json
output json in uniform_20160100_CPU.json
Tiempo de ejecución: 117.233 segundos

Thu 23 Mar 2023 05:54:06 PM -03
Ejecutando Polylla con tamaño 23357889
Generating points  
Generating triangles 
Triangulation generation time: 94255.2
Creating Polylla...
Labered max edges in 19131 ms
Labeled frontier edges in 5568.6 ms
Labeled seed edges in 7013.3 ms
Mesh with 23348224 polygons 46706112 edges and 0 barrier-edge tips.
Done!
Time to generate Triangulation: 94255.2 ms
Time to label max edges 19131 ms
Time to label frontier edges 5568.6 ms
Time to label seed edges 7013.3 ms
Time to label total31712.9 ms
Time to traversal and repair 5935.46 ms
Time to traversal 5935.46 ms
Time to repair 0 ms
Time to generate polygonal mesh 37648.4 ms
Printing JSON file as uniform_23357889_CPU.json
output json in uniform_23357889_CPU.json
Tiempo de ejecución: 137.657 segundos

Thu 23 Mar 2023 05:56:23 PM -03
Ejecutando Polylla con tamaño 26553409
Generating points  
Generating triangles 
Triangulation generation time: 108673
Creating Polylla...
Labered max edges in 21224.1 ms
Labeled frontier edges in 6096.44 ms
Labeled seed edges in 8094.5 ms
Mesh with 26543104 polygons 53096512 edges and 0 barrier-edge tips.
Done!
Time to generate Triangulation: 108673 ms
Time to label max edges 21224.1 ms
Time to label frontier edges 6096.44 ms
Time to label seed edges 8094.5 ms
Time to label total35415.1 ms
Time to traversal and repair 7104.85 ms
Time to traversal 7104.85 ms
Time to repair 0 ms
Time to generate polygonal mesh 42519.9 ms
Printing JSON file as uniform_26553409_CPU.json
output json in uniform_26553409_CPU.json
Tiempo de ejecución: 158.533 segundos

Thu 23 Mar 2023 05:59:02 PM -03
Ejecutando Polylla con tamaño 29746116
Generating points  
Generating triangles 
Triangulation generation time: 136489
Creating Polylla...
Labered max edges in 23446.6 ms
Labeled frontier edges in 6855.18 ms
Labeled seed edges in 9172.54 ms
Mesh with 29735209 polygons 59481324 edges and 0 barrier-edge tips.
Done!
Time to generate Triangulation: 136489 ms
Time to label max edges 23446.6 ms
Time to label frontier edges 6855.18 ms
Time to label seed edges 9172.54 ms
Time to label total39474.3 ms
Time to traversal and repair 7803.68 ms
Time to traversal 7803.68 ms
Time to repair 0 ms
Time to generate polygonal mesh 47278 ms
Printing JSON file as uniform_29746116_CPU.json
output json in uniform_29746116_CPU.json
Tiempo de ejecución: 192.117 segundos

Thu 23 Mar 2023 06:02:14 PM -03
Ejecutando Polylla con tamaño 32936121
Generating points  
Generating triangles 
Triangulation generation time: 153900
Creating Polylla...
Labered max edges in 26276 ms
Labeled frontier edges in 7424.39 ms
Labeled seed edges in 10382.9 ms
Mesh with 32924644 polygons 65860764 edges and 0 barrier-edge tips.
Done!
Time to generate Triangulation: 153900 ms
Time to label max edges 26276 ms
Time to label frontier edges 7424.39 ms
Time to label seed edges 10382.9 ms
Time to label total44083.2 ms
Time to traversal and repair 7887.25 ms
Time to traversal 7887.25 ms
Time to repair 0 ms
Time to generate polygonal mesh 51970.5 ms
Printing JSON file as uniform_32936121_CPU.json
output json in uniform_32936121_CPU.json
Tiempo de ejecución: 215.550 segundos

Thu 23 Mar 2023 06:05:50 PM -03
Ejecutando Polylla con tamaño 36132121
Generating points  
Generating triangles 
Tiempo de ejecución: slurmstepd: error: Detected 1 oom-kill event(s) in StepId=35401.11 cgroup. Some of your processes may have been killed by the cgroup out-of-memory handler.
srun: error: nodeGPU01: task 0: Out Of Memory
91.565 segundos

Thu 23 Mar 2023 06:07:21 PM -03
Ejecutando Polylla con tamaño 39325441
Generating points  
Generating triangles 
Tiempo de ejecución: slurmstepd: error: Detected 1 oom-kill event(s) in StepId=35401.12 cgroup. Some of your processes may have been killed by the cgroup out-of-memory handler.
srun: error: nodeGPU01: task 0: Out Of Memory
94.238 segundos

Thu 23 Mar 2023 06:08:55 PM -03
Ejecutando Polylla con tamaño 42510400
Generating points  
Generating triangles 
Tiempo de ejecución: slurmstepd: error: Detected 1 oom-kill event(s) in StepId=35401.13 cgroup. Some of your processes may have been killed by the cgroup out-of-memory handler.
srun: error: nodeGPU01: task 0: Out Of Memory
100.221 segundos

Thu 23 Mar 2023 06:10:36 PM -03
Ejecutando Polylla con tamaño 45711121
Generating points  
Generating triangles 
Tiempo de ejecución: slurmstepd: error: Detected 1 oom-kill event(s) in StepId=35401.14 cgroup. Some of your processes may have been killed by the cgroup out-of-memory handler.
srun: error: nodeGPU01: task 0: Out Of Memory
88.168 segundos

Thu 23 Mar 2023 06:12:04 PM -03
Ejecutando Polylla con tamaño 48902049
Generating points  
Generating triangles 
Tiempo de ejecución: slurmstepd: error: Detected 1 oom-kill event(s) in StepId=35401.15 cgroup. Some of your processes may have been killed by the cgroup out-of-memory handler.
srun: error: nodeGPU01: task 0: Out Of Memory
70.024 segundos

Thu 23 Mar 2023 06:13:14 PM -03
Ejecutando Polylla con tamaño 52099524
Generating points  
Generating triangles 
Tiempo de ejecución: slurmstepd: error: Detected 1 oom-kill event(s) in StepId=35401.16 cgroup. Some of your processes may have been killed by the cgroup out-of-memory handler.
srun: error: nodeGPU01: task 0: Out Of Memory
75.621 segundos

Thu 23 Mar 2023 06:14:29 PM -03
Ejecutando Polylla con tamaño 55294096
Generating points  
Generating triangles 
Tiempo de ejecución: slurmstepd: error: Detected 1 oom-kill event(s) in StepId=35401.17 cgroup. Some of your processes may have been killed by the cgroup out-of-memory handler.
srun: error: nodeGPU01: task 0: Out Of Memory
80.573 segundos

Thu 23 Mar 2023 06:15:50 PM -03
Ejecutando Polylla con tamaño 58476609
Generating points  
Generating triangles 
Tiempo de ejecución: slurmstepd: error: Detected 1 oom-kill event(s) in StepId=35401.18 cgroup. Some of your processes may have been killed by the cgroup out-of-memory handler.
srun: error: nodeGPU01: task 0: Out Of Memory
92.397 segundos

Thu 23 Mar 2023 06:17:22 PM -03
Ejecutando Polylla con tamaño 61669609
Generating points  
Generating triangles 
Tiempo de ejecución: slurmstepd: error: Detected 1 oom-kill event(s) in StepId=35401.19 cgroup. Some of your processes may have been killed by the cgroup out-of-memory handler.
srun: error: nodeGPU01: task 0: Out Of Memory
77.789 segundos

Thu 23 Mar 2023 06:18:40 PM -03
Ejecutando Polylla con tamaño 64866916
Generating points  
Generating triangles 
Tiempo de ejecución: slurmstepd: error: Detected 1 oom-kill event(s) in StepId=35401.20 cgroup. Some of your processes may have been killed by the cgroup out-of-memory handler.
srun: error: nodeGPU01: task 0: Out Of Memory
75.593 segundos

Thu 23 Mar 2023 06:19:56 PM -03
Ejecutando Polylla con tamaño 68062500
Generating points  
Generating triangles 
Tiempo de ejecución: slurmstepd: error: Detected 1 oom-kill event(s) in StepId=35401.21 cgroup. Some of your processes may have been killed by the cgroup out-of-memory handler.
srun: error: nodeGPU01: task 0: Out Of Memory
77.564 segundos

Thu 23 Mar 2023 06:21:13 PM -03
Ejecutando Polylla con tamaño 71250481
Generating points  
Generating triangles 
Tiempo de ejecución: slurmstepd: error: Detected 1 oom-kill event(s) in StepId=35401.22 cgroup. Some of your processes may have been killed by the cgroup out-of-memory handler.
srun: error: nodeGPU01: task 0: Out Of Memory
71.741 segundos

Thu 23 Mar 2023 06:22:25 PM -03
Ejecutando Polylla con tamaño 74459641
Generating points  
Generating triangles 
Tiempo de ejecución: slurmstepd: error: Detected 1 oom-kill event(s) in StepId=35401.23 cgroup. Some of your processes may have been killed by the cgroup out-of-memory handler.
srun: error: nodeGPU01: task 0: Out Of Memory
83.817 segundos

Thu 23 Mar 2023 06:23:49 PM -03
Ejecutando Polylla con tamaño 77651344
Generating points  
Generating triangles 
Tiempo de ejecución: slurmstepd: error: Detected 1 oom-kill event(s) in StepId=35401.24 cgroup. Some of your processes may have been killed by the cgroup out-of-memory handler.
srun: error: nodeGPU01: task 0: Out Of Memory
82.168 segundos

Thu 23 Mar 2023 06:25:11 PM -03
Ejecutando Polylla con tamaño 80838081
Generating points  
Generating triangles 
Tiempo de ejecución: slurmstepd: error: Detected 1 oom-kill event(s) in StepId=35401.25 cgroup. Some of your processes may have been killed by the cgroup out-of-memory handler.
srun: error: nodeGPU01: task 0: Out Of Memory
91.705 segundos

Thu 23 Mar 2023 06:26:43 PM -03
Ejecutando Polylla con tamaño 84033889
Generating points  
Generating triangles 
Tiempo de ejecución: slurmstepd: error: Detected 1 oom-kill event(s) in StepId=35401.26 cgroup. Some of your processes may have been killed by the cgroup out-of-memory handler.
srun: error: nodeGPU01: task 0: Out Of Memory
68.785 segundos

Thu 23 Mar 2023 06:27:52 PM -03
Ejecutando Polylla con tamaño 87216921
Generating points  
Generating triangles 
Tiempo de ejecución: slurmstepd: error: Detected 1 oom-kill event(s) in StepId=35401.27 cgroup. Some of your processes may have been killed by the cgroup out-of-memory handler.
srun: error: nodeGPU01: task 0: Out Of Memory
68.685 segundos

Thu 23 Mar 2023 06:29:00 PM -03
Ejecutando Polylla con tamaño 90421081
Generating points  
Generating triangles 
Tiempo de ejecución: slurmstepd: error: Detected 1 oom-kill event(s) in StepId=35401.28 cgroup. Some of your processes may have been killed by the cgroup out-of-memory handler.
srun: error: nodeGPU01: task 0: Out Of Memory
68.960 segundos

Thu 23 Mar 2023 06:30:09 PM -03
Ejecutando Polylla con tamaño 93605625
Generating points  
Generating triangles 
Tiempo de ejecución: slurmstepd: error: Detected 1 oom-kill event(s) in StepId=35401.29 cgroup. Some of your processes may have been killed by the cgroup out-of-memory handler.
srun: error: nodeGPU01: task 0: Out Of Memory
67.573 segundos

Thu 23 Mar 2023 06:31:17 PM -03
Ejecutando Polylla con tamaño 96805921
Generating points  
Generating triangles 
Tiempo de ejecución: slurmstepd: error: Detected 1 oom-kill event(s) in StepId=35401.30 cgroup. Some of your processes may have been killed by the cgroup out-of-memory handler.
srun: error: nodeGPU01: task 0: Out Of Memory
64.433 segundos

Thu 23 Mar 2023 06:32:21 PM -03
Ejecutando Polylla con tamaño 100000000
Generating points  
Generating triangles 
Tiempo de ejecución: slurmstepd: error: Detected 1 oom-kill event(s) in StepId=35401.31 cgroup. Some of your processes may have been killed by the cgroup out-of-memory handler.
srun: error: nodeGPU01: task 0: Out Of Memory
60.788 segundos

Thu 23 Mar 2023 06:33:22 PM -03
