Ejecutando Polylla con tamaño 50495236
Generating points  
Generating triangles 
Triangulation generation time: 258403
Creating Polylla...
Labered max edges in 40178.9 ms
Labeled frontier edges in 12612 ms
Labeled seed edges in 15621.3 ms
Mesh with 50481025 polygons 100976260 edges and 0 barrier-edge tips.
Done!
Time to generate Triangulation: 258403 ms
Time to label max edges 40178.9 ms
Time to label frontier edges 12612 ms
Time to label seed edges 15621.3 ms
Time to label total68412.2 ms
Time to traversal and repair 12063.5 ms
Time to traversal 12063.5 ms
Time to repair 0 ms
Time to generate polygonal mesh 80475.7 ms
Printing JSON file as uniform_50495236_CPU.json
output json in uniform_50495236_CPU.json
Tiempo de ejecución: 354.675 segundos
