Tiempo de ejecución: 5.768 segundos

Tiempo de ejecución: 24.282 segundos

Tiempo de ejecución: 45.707 segundos

Tiempo de ejecución: 63.721 segundos

Tiempo de ejecución: 79.813 segundos

Tiempo de ejecución: 96.549 segundos

Tiempo de ejecución: 121.485 segundos

Tiempo de ejecución: 135.949 segundos

Tiempo de ejecución: 162.645 segundos

Tiempo de ejecución: 189.981 segundos

Tiempo de ejecución: 221.813 segundos

Tiempo de ejecución: slurmstepd: error: Detected 1 oom-kill event(s) in StepId=35402.11 cgroup. Some of your processes may have been killed by the cgroup out-of-memory handler.
srun: error: nodeGPU01: task 0: Out Of Memory
87.317 segundos

Tiempo de ejecución: slurmstepd: error: Detected 1 oom-kill event(s) in StepId=35402.12 cgroup. Some of your processes may have been killed by the cgroup out-of-memory handler.
srun: error: nodeGPU01: task 0: Out Of Memory
89.153 segundos

Tiempo de ejecución: slurmstepd: error: Detected 1 oom-kill event(s) in StepId=35402.13 cgroup. Some of your processes may have been killed by the cgroup out-of-memory handler.
srun: error: nodeGPU01: task 0: Out Of Memory
99.161 segundos

Tiempo de ejecución: slurmstepd: error: Detected 1 oom-kill event(s) in StepId=35402.14 cgroup. Some of your processes may have been killed by the cgroup out-of-memory handler.
srun: error: nodeGPU01: task 0: Out Of Memory
88.489 segundos

Tiempo de ejecución: slurmstepd: error: Detected 1 oom-kill event(s) in StepId=35402.15 cgroup. Some of your processes may have been killed by the cgroup out-of-memory handler.
srun: error: nodeGPU01: task 0: Out Of Memory
75.345 segundos

Tiempo de ejecución: slurmstepd: error: Detected 1 oom-kill event(s) in StepId=35402.16 cgroup. Some of your processes may have been killed by the cgroup out-of-memory handler.
srun: error: nodeGPU01: task 0: Out Of Memory
82.048 segundos

Tiempo de ejecución: slurmstepd: error: Detected 1 oom-kill event(s) in StepId=35402.17 cgroup. Some of your processes may have been killed by the cgroup out-of-memory handler.
srun: error: nodeGPU01: task 0: Out Of Memory
86.505 segundos

Tiempo de ejecución: slurmstepd: error: Detected 1 oom-kill event(s) in StepId=35402.18 cgroup. Some of your processes may have been killed by the cgroup out-of-memory handler.
srun: error: nodeGPU01: task 0: Out Of Memory
91.480 segundos

Tiempo de ejecución: slurmstepd: error: Detected 1 oom-kill event(s) in StepId=35402.19 cgroup. Some of your processes may have been killed by the cgroup out-of-memory handler.
srun: error: nodeGPU01: task 0: Out Of Memory
82.845 segundos

Tiempo de ejecución: slurmstepd: error: Detected 1 oom-kill event(s) in StepId=35402.20 cgroup. Some of your processes may have been killed by the cgroup out-of-memory handler.
srun: error: nodeGPU01: task 0: Out Of Memory
87.905 segundos

Tiempo de ejecución: slurmstepd: error: Detected 1 oom-kill event(s) in StepId=35402.21 cgroup. Some of your processes may have been killed by the cgroup out-of-memory handler.
srun: error: nodeGPU01: task 0: Out Of Memory
77.381 segundos

Tiempo de ejecución: slurmstepd: error: Detected 1 oom-kill event(s) in StepId=35402.22 cgroup. Some of your processes may have been killed by the cgroup out-of-memory handler.
srun: error: nodeGPU01: task 0: Out Of Memory
78.293 segundos

Tiempo de ejecución: slurmstepd: error: Detected 1 oom-kill event(s) in StepId=35402.23 cgroup. Some of your processes may have been killed by the cgroup out-of-memory handler.
srun: error: nodeGPU01: task 0: Out Of Memory
78.776 segundos

Tiempo de ejecución: slurmstepd: error: Detected 1 oom-kill event(s) in StepId=35402.24 cgroup. Some of your processes may have been killed by the cgroup out-of-memory handler.
srun: error: nodeGPU01: task 0: Out Of Memory
71.525 segundos

Tiempo de ejecución: slurmstepd: error: Detected 1 oom-kill event(s) in StepId=35402.25 cgroup. Some of your processes may have been killed by the cgroup out-of-memory handler.
srun: error: nodeGPU01: task 0: Out Of Memory
75.651 segundos

Tiempo de ejecución: slurmstepd: error: Detected 1 oom-kill event(s) in StepId=35402.26 cgroup. Some of your processes may have been killed by the cgroup out-of-memory handler.
srun: error: nodeGPU01: task 0: Out Of Memory
68.673 segundos

Tiempo de ejecución: slurmstepd: error: Detected 1 oom-kill event(s) in StepId=35402.27 cgroup. Some of your processes may have been killed by the cgroup out-of-memory handler.
srun: error: nodeGPU01: task 0: Out Of Memory
73.913 segundos

Tiempo de ejecución: slurmstepd: error: Detected 1 oom-kill event(s) in StepId=35402.28 cgroup. Some of your processes may have been killed by the cgroup out-of-memory handler.
srun: error: nodeGPU01: task 0: Out Of Memory
69.532 segundos

Tiempo de ejecución: slurmstepd: error: Detected 1 oom-kill event(s) in StepId=35402.29 cgroup. Some of your processes may have been killed by the cgroup out-of-memory handler.
srun: error: nodeGPU01: task 0: Out Of Memory
66.856 segundos

Tiempo de ejecución: slurmstepd: error: Detected 1 oom-kill event(s) in StepId=35402.30 cgroup. Some of your processes may have been killed by the cgroup out-of-memory handler.
srun: error: nodeGPU01: task 0: Out Of Memory
68.873 segundos

Tiempo de ejecución: slurmstepd: error: Detected 1 oom-kill event(s) in StepId=35402.31 cgroup. Some of your processes may have been killed by the cgroup out-of-memory handler.
srun: error: nodeGPU01: task 0: Out Of Memory
61.028 segundos

slurmstepd: error: Detected 21 oom-kill event(s) in StepId=35402.batch cgroup. Some of your processes may have been killed by the cgroup out-of-memory handler.
