Ejecutando Polylla con tamaño 25745476
Generating points  
Generating triangles 
Triangulation generation time: 118468
Creating Polylla...
Labered max edges in 20467.7 ms
Labeled frontier edges in 5725.93 ms
Labeled seed edges in 8230.69 ms
Mesh with 25735329 polygons 51480804 edges and 0 barrier-edge tips.
Done!
Time to generate Triangulation: 118468 ms
Time to label max edges 20467.7 ms
Time to label frontier edges 5725.93 ms
Time to label seed edges 8230.69 ms
Time to label total34424.3 ms
Time to traversal and repair 6371.94 ms
Time to traversal 6371.94 ms
Time to repair 0 ms
Time to generate polygonal mesh 40796.2 ms
Printing JSON file as uniform_25745476_CPU.json
output json in uniform_25745476_CPU.json
Tiempo de ejecución: 168.008 segundos
