Ejecutando Polylla con tamaño 1000000
Generating points  
Generating triangles 
Triangulation generation time: 3256.42
Creating Polylla...
Labered max edges in 777.731 ms
Labeled frontier edges in 220.062 ms
Labeled seed edges in 299.353 ms
Mesh with 998001 polygons 1998000 edges and 0 barrier-edge tips.
Done!
Time to generate Triangulation: 3256.42 ms
Time to label max edges 777.731 ms
Time to label frontier edges 220.062 ms
Time to label seed edges 299.353 ms
Time to label total1297.15 ms
Time to traversal and repair 221.027 ms
Time to traversal 221.027 ms
Time to repair 0 ms
Time to generate polygonal mesh 1518.17 ms
Printing JSON file as uniform_1000000_CPU.json
output json in uniform_1000000_CPU.json
Tiempo de ejecución: 6.920 segundos
