Ejecutando Polylla con tamaño 75255625
Generating points  
Generating triangles 
Triangulation generation time: 445388
Creating Polylla...
Labered max edges in 60930.2 ms
Labeled frontier edges in 19346.4 ms
Labeled seed edges in 24303.8 ms
Mesh with 75238276 polygons 150493900 edges and 0 barrier-edge tips.
Done!
Time to generate Triangulation: 445388 ms
Time to label max edges 60930.2 ms
Time to label frontier edges 19346.4 ms
Time to label seed edges 24303.8 ms
Time to label total104580 ms
Time to traversal and repair 20378.5 ms
Time to traversal 20378.5 ms
Time to repair 0 ms
Time to generate polygonal mesh 124959 ms
Printing JSON file as uniform_75255625_CPU.json
output json in uniform_75255625_CPU.json
Tiempo de ejecución: 590.910 segundos
