Thu 23 Mar 2023 05:47:03 PM -03
Start: 1000000, End: 100000000, Intervalo: 3193548, Diferencia: 99000000, NSAMPLES: 31
Valores: 1000000 4194304 7387524 10582009 13771521 16966161 20160100 23357889 26553409 29746116 32936121 36132121 39325441 42510400 45711121 48902049 52099524 55294096 58476609 61669609 64866916 68062500 71250481 74459641 77651344 80838081 84033889 87216921 90421081 93605625 96805921 100000000
Thu 23 Mar 2023 05:47:03 PM -03
Ejecutando Polylla con tamaño 1000000
Generating points  
Generating triangles 
Triangulation generation time: 3338.88
Creating Polylla...
Labered max edges in 775.494 ms
Labeled frontier edges in 218.997 ms
Labeled seed edges in 310.82 ms
Mesh with 998001 polygons 1998000 edges and 0 barrier-edge tips.
Done!
Time to generate Triangulation: 3338.88 ms
Time to label max edges 775.494 ms
Time to label frontier edges 218.997 ms
Time to label seed edges 310.82 ms
Time to label total1305.31 ms
Time to traversal and repair 245.426 ms
Time to traversal 245.426 ms
Time to repair 0 ms
Time to generate polygonal mesh 1550.74 ms
Printing JSON file as uniform_1000000_CPU.json
output json in uniform_1000000_CPU.json
Tiempo de ejecución: 5.768 segundos

Thu 23 Mar 2023 05:47:09 PM -03
Ejecutando Polylla con tamaño 4194304
Generating points  
Generating triangles 
Triangulation generation time: 15890.6
Creating Polylla...
Labered max edges in 3324.37 ms
Labeled frontier edges in 950.203 ms
Labeled seed edges in 1271.53 ms
Mesh with 4190209 polygons 8384512 edges and 0 barrier-edge tips.
Done!
Time to generate Triangulation: 15890.6 ms
Time to label max edges 3324.37 ms
Time to label frontier edges 950.203 ms
Time to label seed edges 1271.53 ms
Time to label total5546.1 ms
Time to traversal and repair 999.399 ms
Time to traversal 999.399 ms
Time to repair 0 ms
Time to generate polygonal mesh 6545.5 ms
Printing JSON file as uniform_4194304_CPU.json
output json in uniform_4194304_CPU.json
Tiempo de ejecución: 24.282 segundos

Thu 23 Mar 2023 05:47:33 PM -03
Ejecutando Polylla con tamaño 7387524
Generating points  
Generating triangles 
Triangulation generation time: 30627.3
Creating Polylla...
Labered max edges in 6187.13 ms
Labeled frontier edges in 1760.05 ms
Labeled seed edges in 2611.07 ms
Mesh with 7382089 polygons 14769612 edges and 0 barrier-edge tips.
Done!
Time to generate Triangulation: 30627.3 ms
Time to label max edges 6187.13 ms
Time to label frontier edges 1760.05 ms
Time to label seed edges 2611.07 ms
Time to label total10558.2 ms
Time to traversal and repair 1937.51 ms
Time to traversal 1937.51 ms
Time to repair 0 ms
Time to generate polygonal mesh 12495.8 ms
Printing JSON file as uniform_7387524_CPU.json
output json in uniform_7387524_CPU.json
Tiempo de ejecución: 45.707 segundos

Thu 23 Mar 2023 05:48:19 PM -03
Ejecutando Polylla con tamaño 10582009
Generating points  
Generating triangles 
Triangulation generation time: 43557.2
Creating Polylla...
Labered max edges in 9038.49 ms
Labeled frontier edges in 2545.49 ms
Labeled seed edges in 3181.64 ms
Mesh with 10575504 polygons 21157512 edges and 0 barrier-edge tips.
Done!
Time to generate Triangulation: 43557.2 ms
Time to label max edges 9038.49 ms
Time to label frontier edges 2545.49 ms
Time to label seed edges 3181.64 ms
Time to label total14765.6 ms
Time to traversal and repair 2298.46 ms
Time to traversal 2298.46 ms
Time to repair 0 ms
Time to generate polygonal mesh 17064.1 ms
Printing JSON file as uniform_10582009_CPU.json
output json in uniform_10582009_CPU.json
Tiempo de ejecución: 63.721 segundos

Thu 23 Mar 2023 05:49:22 PM -03
Ejecutando Polylla con tamaño 13771521
Generating points  
Generating triangles 
Triangulation generation time: 54582
Creating Polylla...
Labered max edges in 10798 ms
Labeled frontier edges in 3045.57 ms
Labeled seed edges in 4180.42 ms
Mesh with 13764100 polygons 27535620 edges and 0 barrier-edge tips.
Done!
Time to generate Triangulation: 54582 ms
Time to label max edges 10798 ms
Time to label frontier edges 3045.57 ms
Time to label seed edges 4180.42 ms
Time to label total18024 ms
Time to traversal and repair 3296.54 ms
Time to traversal 3296.54 ms
Time to repair 0 ms
Time to generate polygonal mesh 21320.5 ms
Printing JSON file as uniform_13771521_CPU.json
output json in uniform_13771521_CPU.json
Tiempo de ejecución: 79.813 segundos

Thu 23 Mar 2023 05:50:42 PM -03
Ejecutando Polylla con tamaño 16966161
Generating points  
Generating triangles 
Triangulation generation time: 65050.5
Creating Polylla...
Labered max edges in 13501.9 ms
Labeled frontier edges in 3831.14 ms
Labeled seed edges in 5321.2 ms
Mesh with 16957924 polygons 33924084 edges and 0 barrier-edge tips.
Done!
Time to generate Triangulation: 65050.5 ms
Time to label max edges 13501.9 ms
Time to label frontier edges 3831.14 ms
Time to label seed edges 5321.2 ms
Time to label total22654.3 ms
Time to traversal and repair 4250.19 ms
Time to traversal 4250.19 ms
Time to repair 0 ms
Time to generate polygonal mesh 26904.5 ms
Printing JSON file as uniform_16966161_CPU.json
output json in uniform_16966161_CPU.json
Tiempo de ejecución: 96.549 segundos

Thu 23 Mar 2023 05:52:19 PM -03
Ejecutando Polylla con tamaño 20160100
Generating points  
Generating triangles 
Triangulation generation time: 82982
Creating Polylla...
Labered max edges in 16939.9 ms
Labeled frontier edges in 5403.67 ms
Labeled seed edges in 6055.69 ms
Mesh with 20151121 polygons 40311220 edges and 0 barrier-edge tips.
Done!
Time to generate Triangulation: 82982 ms
Time to label max edges 16939.9 ms
Time to label frontier edges 5403.67 ms
Time to label seed edges 6055.69 ms
Time to label total28399.3 ms
Time to traversal and repair 4532.31 ms
Time to traversal 4532.31 ms
Time to repair 0 ms
Time to generate polygonal mesh 32931.6 ms
Printing JSON file as uniform_20160100_CPU.json
output json in uniform_20160100_CPU.json
Tiempo de ejecución: 121.485 segundos

Thu 23 Mar 2023 05:54:20 PM -03
Ejecutando Polylla con tamaño 23357889
Generating points  
Generating triangles 
Triangulation generation time: 92679.8
Creating Polylla...
Labered max edges in 18657.8 ms
Labeled frontier edges in 5469.96 ms
Labeled seed edges in 7378.74 ms
Mesh with 23348224 polygons 46706112 edges and 0 barrier-edge tips.
Done!
Time to generate Triangulation: 92679.8 ms
Time to label max edges 18657.8 ms
Time to label frontier edges 5469.96 ms
Time to label seed edges 7378.74 ms
Time to label total31506.5 ms
Time to traversal and repair 5303.6 ms
Time to traversal 5303.6 ms
Time to repair 0 ms
Time to generate polygonal mesh 36810.1 ms
Printing JSON file as uniform_23357889_CPU.json
output json in uniform_23357889_CPU.json
Tiempo de ejecución: 135.949 segundos

Thu 23 Mar 2023 05:56:36 PM -03
Ejecutando Polylla con tamaño 26553409
Generating points  
Generating triangles 
Triangulation generation time: 112092
Creating Polylla...
Labered max edges in 21836.3 ms
Labeled frontier edges in 6379.49 ms
Labeled seed edges in 8291.79 ms
Mesh with 26543104 polygons 53096512 edges and 0 barrier-edge tips.
Done!
Time to generate Triangulation: 112092 ms
Time to label max edges 21836.3 ms
Time to label frontier edges 6379.49 ms
Time to label seed edges 8291.79 ms
Time to label total36507.6 ms
Time to traversal and repair 6789.55 ms
Time to traversal 6789.55 ms
Time to repair 0 ms
Time to generate polygonal mesh 43297.1 ms
Printing JSON file as uniform_26553409_CPU.json
output json in uniform_26553409_CPU.json
Tiempo de ejecución: 162.645 segundos

Thu 23 Mar 2023 05:59:19 PM -03
Ejecutando Polylla con tamaño 29746116
Generating points  
Generating triangles 
Triangulation generation time: 133613
Creating Polylla...
Labered max edges in 23482.2 ms
Labeled frontier edges in 7431.51 ms
Labeled seed edges in 9082.67 ms
Mesh with 29735209 polygons 59481324 edges and 0 barrier-edge tips.
Done!
Time to generate Triangulation: 133613 ms
Time to label max edges 23482.2 ms
Time to label frontier edges 7431.51 ms
Time to label seed edges 9082.67 ms
Time to label total39996.3 ms
Time to traversal and repair 7284.65 ms
Time to traversal 7284.65 ms
Time to repair 0 ms
Time to generate polygonal mesh 47281 ms
Printing JSON file as uniform_29746116_CPU.json
output json in uniform_29746116_CPU.json
Tiempo de ejecución: 189.981 segundos

Thu 23 Mar 2023 06:02:29 PM -03
Ejecutando Polylla con tamaño 32936121
Generating points  
Generating triangles 
Triangulation generation time: 158040
Creating Polylla...
Labered max edges in 27493.5 ms
Labeled frontier edges in 8862.29 ms
Labeled seed edges in 10071 ms
Mesh with 32924644 polygons 65860764 edges and 0 barrier-edge tips.
Done!
Time to generate Triangulation: 158040 ms
Time to label max edges 27493.5 ms
Time to label frontier edges 8862.29 ms
Time to label seed edges 10071 ms
Time to label total46426.8 ms
Time to traversal and repair 7957.74 ms
Time to traversal 7957.74 ms
Time to repair 0 ms
Time to generate polygonal mesh 54384.5 ms
Printing JSON file as uniform_32936121_CPU.json
output json in uniform_32936121_CPU.json
Tiempo de ejecución: 221.813 segundos

Thu 23 Mar 2023 06:06:11 PM -03
Ejecutando Polylla con tamaño 36132121
Generating points  
Generating triangles 
Tiempo de ejecución: slurmstepd: error: Detected 1 oom-kill event(s) in StepId=35402.11 cgroup. Some of your processes may have been killed by the cgroup out-of-memory handler.
srun: error: nodeGPU01: task 0: Out Of Memory
87.317 segundos

Thu 23 Mar 2023 06:07:38 PM -03
Ejecutando Polylla con tamaño 39325441
Generating points  
Generating triangles 
Tiempo de ejecución: slurmstepd: error: Detected 1 oom-kill event(s) in StepId=35402.12 cgroup. Some of your processes may have been killed by the cgroup out-of-memory handler.
srun: error: nodeGPU01: task 0: Out Of Memory
89.153 segundos

Thu 23 Mar 2023 06:09:07 PM -03
Ejecutando Polylla con tamaño 42510400
Generating points  
Generating triangles 
Tiempo de ejecución: slurmstepd: error: Detected 1 oom-kill event(s) in StepId=35402.13 cgroup. Some of your processes may have been killed by the cgroup out-of-memory handler.
srun: error: nodeGPU01: task 0: Out Of Memory
99.161 segundos

Thu 23 Mar 2023 06:10:46 PM -03
Ejecutando Polylla con tamaño 45711121
Generating points  
Generating triangles 
Tiempo de ejecución: slurmstepd: error: Detected 1 oom-kill event(s) in StepId=35402.14 cgroup. Some of your processes may have been killed by the cgroup out-of-memory handler.
srun: error: nodeGPU01: task 0: Out Of Memory
88.489 segundos

Thu 23 Mar 2023 06:12:15 PM -03
Ejecutando Polylla con tamaño 48902049
Generating points  
Generating triangles 
Tiempo de ejecución: slurmstepd: error: Detected 1 oom-kill event(s) in StepId=35402.15 cgroup. Some of your processes may have been killed by the cgroup out-of-memory handler.
srun: error: nodeGPU01: task 0: Out Of Memory
75.345 segundos

Thu 23 Mar 2023 06:13:30 PM -03
Ejecutando Polylla con tamaño 52099524
Generating points  
Generating triangles 
Tiempo de ejecución: slurmstepd: error: Detected 1 oom-kill event(s) in StepId=35402.16 cgroup. Some of your processes may have been killed by the cgroup out-of-memory handler.
srun: error: nodeGPU01: task 0: Out Of Memory
82.048 segundos

Thu 23 Mar 2023 06:14:52 PM -03
Ejecutando Polylla con tamaño 55294096
Generating points  
Generating triangles 
Tiempo de ejecución: slurmstepd: error: Detected 1 oom-kill event(s) in StepId=35402.17 cgroup. Some of your processes may have been killed by the cgroup out-of-memory handler.
srun: error: nodeGPU01: task 0: Out Of Memory
86.505 segundos

Thu 23 Mar 2023 06:16:19 PM -03
Ejecutando Polylla con tamaño 58476609
Generating points  
Generating triangles 
Tiempo de ejecución: slurmstepd: error: Detected 1 oom-kill event(s) in StepId=35402.18 cgroup. Some of your processes may have been killed by the cgroup out-of-memory handler.
srun: error: nodeGPU01: task 0: Out Of Memory
91.480 segundos

Thu 23 Mar 2023 06:17:50 PM -03
Ejecutando Polylla con tamaño 61669609
Generating points  
Generating triangles 
Tiempo de ejecución: slurmstepd: error: Detected 1 oom-kill event(s) in StepId=35402.19 cgroup. Some of your processes may have been killed by the cgroup out-of-memory handler.
srun: error: nodeGPU01: task 0: Out Of Memory
82.845 segundos

Thu 23 Mar 2023 06:19:13 PM -03
Ejecutando Polylla con tamaño 64866916
Generating points  
Generating triangles 
Tiempo de ejecución: slurmstepd: error: Detected 1 oom-kill event(s) in StepId=35402.20 cgroup. Some of your processes may have been killed by the cgroup out-of-memory handler.
srun: error: nodeGPU01: task 0: Out Of Memory
87.905 segundos

Thu 23 Mar 2023 06:20:41 PM -03
Ejecutando Polylla con tamaño 68062500
Generating points  
Generating triangles 
Tiempo de ejecución: slurmstepd: error: Detected 1 oom-kill event(s) in StepId=35402.21 cgroup. Some of your processes may have been killed by the cgroup out-of-memory handler.
srun: error: nodeGPU01: task 0: Out Of Memory
77.381 segundos

Thu 23 Mar 2023 06:21:58 PM -03
Ejecutando Polylla con tamaño 71250481
Generating points  
Generating triangles 
Tiempo de ejecución: slurmstepd: error: Detected 1 oom-kill event(s) in StepId=35402.22 cgroup. Some of your processes may have been killed by the cgroup out-of-memory handler.
srun: error: nodeGPU01: task 0: Out Of Memory
78.293 segundos

Thu 23 Mar 2023 06:23:17 PM -03
Ejecutando Polylla con tamaño 74459641
Generating points  
Generating triangles 
Tiempo de ejecución: slurmstepd: error: Detected 1 oom-kill event(s) in StepId=35402.23 cgroup. Some of your processes may have been killed by the cgroup out-of-memory handler.
srun: error: nodeGPU01: task 0: Out Of Memory
78.776 segundos

Thu 23 Mar 2023 06:24:35 PM -03
Ejecutando Polylla con tamaño 77651344
Generating points  
Generating triangles 
Tiempo de ejecución: slurmstepd: error: Detected 1 oom-kill event(s) in StepId=35402.24 cgroup. Some of your processes may have been killed by the cgroup out-of-memory handler.
srun: error: nodeGPU01: task 0: Out Of Memory
71.525 segundos

Thu 23 Mar 2023 06:25:47 PM -03
Ejecutando Polylla con tamaño 80838081
Generating points  
Generating triangles 
Tiempo de ejecución: slurmstepd: error: Detected 1 oom-kill event(s) in StepId=35402.25 cgroup. Some of your processes may have been killed by the cgroup out-of-memory handler.
srun: error: nodeGPU01: task 0: Out Of Memory
75.651 segundos

Thu 23 Mar 2023 06:27:03 PM -03
Ejecutando Polylla con tamaño 84033889
Generating points  
Generating triangles 
Tiempo de ejecución: slurmstepd: error: Detected 1 oom-kill event(s) in StepId=35402.26 cgroup. Some of your processes may have been killed by the cgroup out-of-memory handler.
srun: error: nodeGPU01: task 0: Out Of Memory
68.673 segundos

Thu 23 Mar 2023 06:28:11 PM -03
Ejecutando Polylla con tamaño 87216921
Generating points  
Generating triangles 
Tiempo de ejecución: slurmstepd: error: Detected 1 oom-kill event(s) in StepId=35402.27 cgroup. Some of your processes may have been killed by the cgroup out-of-memory handler.
srun: error: nodeGPU01: task 0: Out Of Memory
73.913 segundos

Thu 23 Mar 2023 06:29:25 PM -03
Ejecutando Polylla con tamaño 90421081
Generating points  
Generating triangles 
Tiempo de ejecución: slurmstepd: error: Detected 1 oom-kill event(s) in StepId=35402.28 cgroup. Some of your processes may have been killed by the cgroup out-of-memory handler.
srun: error: nodeGPU01: task 0: Out Of Memory
69.532 segundos

Thu 23 Mar 2023 06:30:35 PM -03
Ejecutando Polylla con tamaño 93605625
Generating points  
Generating triangles 
Tiempo de ejecución: slurmstepd: error: Detected 1 oom-kill event(s) in StepId=35402.29 cgroup. Some of your processes may have been killed by the cgroup out-of-memory handler.
srun: error: nodeGPU01: task 0: Out Of Memory
66.856 segundos

Thu 23 Mar 2023 06:31:42 PM -03
Ejecutando Polylla con tamaño 96805921
Generating points  
Generating triangles 
Tiempo de ejecución: slurmstepd: error: Detected 1 oom-kill event(s) in StepId=35402.30 cgroup. Some of your processes may have been killed by the cgroup out-of-memory handler.
srun: error: nodeGPU01: task 0: Out Of Memory
68.873 segundos

Thu 23 Mar 2023 06:32:50 PM -03
Ejecutando Polylla con tamaño 100000000
Generating points  
Generating triangles 
Tiempo de ejecución: slurmstepd: error: Detected 1 oom-kill event(s) in StepId=35402.31 cgroup. Some of your processes may have been killed by the cgroup out-of-memory handler.
srun: error: nodeGPU01: task 0: Out Of Memory
61.028 segundos

Thu 23 Mar 2023 06:33:51 PM -03
